{
  "stats": {
    "suites": 12,
    "tests": 41,
    "passes": 1,
    "pending": 0,
    "failures": 40,
    "start": "2022-02-15T18:08:49.161Z",
    "end": "2022-02-15T18:11:42.297Z",
    "duration": 173136,
    "testsRegistered": 41,
    "passPercent": 2.4390243902439024,
    "pendingPercent": 0,
    "other": 0,
    "hasOther": false,
    "skipped": 0,
    "hasSkipped": false
  },
  "results": [
    {
      "uuid": "b8243ed2-6d01-4ef6-b263-167efeae609a",
      "title": "",
      "fullFile": "cypress/integration/project.spec.js",
      "file": "cypress/integration/project.spec.js",
      "beforeHooks": [],
      "afterHooks": [],
      "tests": [],
      "suites": [
        {
          "uuid": "86605204-a3d4-47d0-9fd7-e7a831e52f21",
          "title": "1 - Adicione à página o título \"Paleta de Cores\".",
          "fullFile": "",
          "file": "",
          "beforeHooks": [],
          "afterHooks": [],
          "tests": [
            {
              "title": "Verifica se contém um elemento `h1` com o id `title` com o título correto",
              "fullTitle": "1 - Adicione à página o título \"Paleta de Cores\". Verifica se contém um elemento `h1` com o id `title` com o título correto",
              "timedOut": null,
              "duration": 177,
              "state": "passed",
              "speed": "slow",
              "pass": true,
              "fail": false,
              "pending": false,
              "context": null,
              "code": "cy.get('h1#title').should('contain.text', 'Paleta de Cores');",
              "err": {},
              "uuid": "bd5bb455-2c1d-4e80-b1b6-458d5be7b152",
              "parentUUID": "86605204-a3d4-47d0-9fd7-e7a831e52f21",
              "isHook": false,
              "skipped": false
            }
          ],
          "suites": [],
          "passes": [
            "bd5bb455-2c1d-4e80-b1b6-458d5be7b152"
          ],
          "failures": [],
          "pending": [],
          "skipped": [],
          "duration": 177,
          "root": false,
          "rootEmpty": false,
          "_timeout": 2000
        },
        {
          "uuid": "a25c721d-6b80-4ea3-8cf7-4373403ee2f1",
          "title": "2 - Adicione à página uma paleta de quatro cores distintas.",
          "fullFile": "",
          "file": "",
          "beforeHooks": [],
          "afterHooks": [],
          "tests": [
            {
              "title": "A paleta de cores deve ser um elemento com `id` denominado `color-palette` e ter mais de 0px de altura e de largura.",
              "fullTitle": "2 - Adicione à página uma paleta de quatro cores distintas. A paleta de cores deve ser um elemento com `id` denominado `color-palette` e ter mais de 0px de altura e de largura.",
              "timedOut": null,
              "duration": 4241,
              "state": "failed",
              "speed": null,
              "pass": false,
              "fail": true,
              "pending": false,
              "context": null,
              "code": "cy.get('#color-palette').should('be.visible');\ncy.get('#color-palette').children('.color');",
              "err": {
                "message": "CypressError: Timed out retrying: Expected to find element: '#color-palette', but never found it.",
                "estack": "CypressError: Timed out retrying: Expected to find element: '#color-palette', but never found it.\n    at cypressErr (http://localhost:34831/__cypress/runner/cypress_runner.js:149934:9)\n    at throwErr (http://localhost:34831/__cypress/runner/cypress_runner.js:149867:11)\n    at Object.throwErrByPath (http://localhost:34831/__cypress/runner/cypress_runner.js:149915:3)\n    at retry (http://localhost:34831/__cypress/runner/cypress_runner.js:144197:19)\n    at onFailFn (http://localhost:34831/__cypress/runner/cypress_runner.js:132448:16)\n    at tryCatcher (http://localhost:34831/__cypress/runner/cypress_runner.js:167415:23)\n    at Promise._settlePromiseFromHandler (http://localhost:34831/__cypress/runner/cypress_runner.js:165351:31)\n    at Promise._settlePromise (http://localhost:34831/__cypress/runner/cypress_runner.js:165408:18)\n    at Promise._settlePromise0 (http://localhost:34831/__cypress/runner/cypress_runner.js:165453:10)\n    at Promise._settlePromises (http://localhost:34831/__cypress/runner/cypress_runner.js:165528:18)\n    at Async../node_modules/bluebird/js/release/async.js.Async._drainQueue (http://localhost:34831/__cypress/runner/cypress_runner.js:162140:16)\n    at Async../node_modules/bluebird/js/release/async.js.Async._drainQueues (http://localhost:34831/__cypress/runner/cypress_runner.js:162150:10)\n    at Async.drainQueues (http://localhost:34831/__cypress/runner/cypress_runner.js:162024:14)",
                "diff": null
              },
              "uuid": "e0fcad29-8c48-47d7-b8be-66d32a98c381",
              "parentUUID": "a25c721d-6b80-4ea3-8cf7-4373403ee2f1",
              "isHook": false,
              "skipped": false
            },
            {
              "title": "Verifica se cada cor individual da paleta de cores possui a `classe` chamada `color`.",
              "fullTitle": "2 - Adicione à página uma paleta de quatro cores distintas. Verifica se cada cor individual da paleta de cores possui a `classe` chamada `color`.",
              "timedOut": null,
              "duration": 4252,
              "state": "failed",
              "speed": null,
              "pass": false,
              "fail": true,
              "pending": false,
              "context": null,
              "code": "cy.get('.color').should('have.length', 4).then(function (colors) {\n  for (var i = 0; i < colors.length; i++) {\n    cy.wrap(colors[i]).should('be.visible');\n  }\n});",
              "err": {
                "message": "CypressError: Timed out retrying: Expected to find element: '.color', but never found it.",
                "estack": "CypressError: Timed out retrying: Expected to find element: '.color', but never found it.\n    at cypressErr (http://localhost:34831/__cypress/runner/cypress_runner.js:149934:9)\n    at throwErr (http://localhost:34831/__cypress/runner/cypress_runner.js:149867:11)\n    at Object.throwErrByPath (http://localhost:34831/__cypress/runner/cypress_runner.js:149915:3)\n    at retry (http://localhost:34831/__cypress/runner/cypress_runner.js:144197:19)\n    at onFailFn (http://localhost:34831/__cypress/runner/cypress_runner.js:132448:16)\n    at tryCatcher (http://localhost:34831/__cypress/runner/cypress_runner.js:167415:23)\n    at Promise._settlePromiseFromHandler (http://localhost:34831/__cypress/runner/cypress_runner.js:165351:31)\n    at Promise._settlePromise (http://localhost:34831/__cypress/runner/cypress_runner.js:165408:18)\n    at Promise._settlePromise0 (http://localhost:34831/__cypress/runner/cypress_runner.js:165453:10)\n    at Promise._settlePromises (http://localhost:34831/__cypress/runner/cypress_runner.js:165528:18)\n    at Async../node_modules/bluebird/js/release/async.js.Async._drainQueue (http://localhost:34831/__cypress/runner/cypress_runner.js:162140:16)\n    at Async../node_modules/bluebird/js/release/async.js.Async._drainQueues (http://localhost:34831/__cypress/runner/cypress_runner.js:162150:10)\n    at Async.drainQueues (http://localhost:34831/__cypress/runner/cypress_runner.js:162024:14)",
                "diff": null
              },
              "uuid": "24fe8229-9e4f-4375-b0e7-570c66b38a9d",
              "parentUUID": "a25c721d-6b80-4ea3-8cf7-4373403ee2f1",
              "isHook": false,
              "skipped": false
            },
            {
              "title": "Verifica se a cor de fundo de cada elemento da paleta é a cor que o elemento representa. **A única cor não permitida na paleta é a cor branca.**",
              "fullTitle": "2 - Adicione à página uma paleta de quatro cores distintas. Verifica se a cor de fundo de cada elemento da paleta é a cor que o elemento representa. **A única cor não permitida na paleta é a cor branca.**",
              "timedOut": null,
              "duration": 4239,
              "state": "failed",
              "speed": null,
              "pass": false,
              "fail": true,
              "pending": false,
              "context": null,
              "code": "cy.get('.color').each(function (color) {\n  cy.wrap(color).should('have.class', 'color').and('not.have.css', 'background-color', WHITE);\n  cy.wrap(color).should('have.css', 'background-color');\n});",
              "err": {
                "message": "CypressError: Timed out retrying: Expected to find element: '.color', but never found it.",
                "estack": "CypressError: Timed out retrying: Expected to find element: '.color', but never found it.\n    at cypressErr (http://localhost:34831/__cypress/runner/cypress_runner.js:149934:9)\n    at throwErr (http://localhost:34831/__cypress/runner/cypress_runner.js:149867:11)\n    at Object.throwErrByPath (http://localhost:34831/__cypress/runner/cypress_runner.js:149915:3)\n    at retry (http://localhost:34831/__cypress/runner/cypress_runner.js:144197:19)\n    at onFailFn (http://localhost:34831/__cypress/runner/cypress_runner.js:132448:16)\n    at tryCatcher (http://localhost:34831/__cypress/runner/cypress_runner.js:167415:23)\n    at Promise._settlePromiseFromHandler (http://localhost:34831/__cypress/runner/cypress_runner.js:165351:31)\n    at Promise._settlePromise (http://localhost:34831/__cypress/runner/cypress_runner.js:165408:18)\n    at Promise._settlePromise0 (http://localhost:34831/__cypress/runner/cypress_runner.js:165453:10)\n    at Promise._settlePromises (http://localhost:34831/__cypress/runner/cypress_runner.js:165528:18)\n    at Async../node_modules/bluebird/js/release/async.js.Async._drainQueue (http://localhost:34831/__cypress/runner/cypress_runner.js:162140:16)\n    at Async../node_modules/bluebird/js/release/async.js.Async._drainQueues (http://localhost:34831/__cypress/runner/cypress_runner.js:162150:10)\n    at Async.drainQueues (http://localhost:34831/__cypress/runner/cypress_runner.js:162024:14)",
                "diff": null
              },
              "uuid": "76472b8f-cc45-4ffc-9a7b-37373863a7f3",
              "parentUUID": "a25c721d-6b80-4ea3-8cf7-4373403ee2f1",
              "isHook": false,
              "skipped": false
            },
            {
              "title": "Verifica se cada elemento da paleta de cores tem uma borda preta, sólida e com 1 pixel de largura;",
              "fullTitle": "2 - Adicione à página uma paleta de quatro cores distintas. Verifica se cada elemento da paleta de cores tem uma borda preta, sólida e com 1 pixel de largura;",
              "timedOut": null,
              "duration": 4250,
              "state": "failed",
              "speed": null,
              "pass": false,
              "fail": true,
              "pending": false,
              "context": null,
              "code": "cy.get('.color').each(function (color) {\n  cy.wrap(color).and('have.css', 'border', \"1px solid \".concat(BLACK)).and('have.class', 'color');\n});",
              "err": {
                "message": "CypressError: Timed out retrying: Expected to find element: '.color', but never found it.",
                "estack": "CypressError: Timed out retrying: Expected to find element: '.color', but never found it.\n    at cypressErr (http://localhost:34831/__cypress/runner/cypress_runner.js:149934:9)\n    at throwErr (http://localhost:34831/__cypress/runner/cypress_runner.js:149867:11)\n    at Object.throwErrByPath (http://localhost:34831/__cypress/runner/cypress_runner.js:149915:3)\n    at retry (http://localhost:34831/__cypress/runner/cypress_runner.js:144197:19)\n    at onFailFn (http://localhost:34831/__cypress/runner/cypress_runner.js:132448:16)\n    at tryCatcher (http://localhost:34831/__cypress/runner/cypress_runner.js:167415:23)\n    at Promise._settlePromiseFromHandler (http://localhost:34831/__cypress/runner/cypress_runner.js:165351:31)\n    at Promise._settlePromise (http://localhost:34831/__cypress/runner/cypress_runner.js:165408:18)\n    at Promise._settlePromise0 (http://localhost:34831/__cypress/runner/cypress_runner.js:165453:10)\n    at Promise._settlePromises (http://localhost:34831/__cypress/runner/cypress_runner.js:165528:18)\n    at Async../node_modules/bluebird/js/release/async.js.Async._drainQueue (http://localhost:34831/__cypress/runner/cypress_runner.js:162140:16)\n    at Async../node_modules/bluebird/js/release/async.js.Async._drainQueues (http://localhost:34831/__cypress/runner/cypress_runner.js:162150:10)\n    at Async.drainQueues (http://localhost:34831/__cypress/runner/cypress_runner.js:162024:14)",
                "diff": null
              },
              "uuid": "85b30284-1641-4332-843b-68128cdeeb78",
              "parentUUID": "a25c721d-6b80-4ea3-8cf7-4373403ee2f1",
              "isHook": false,
              "skipped": false
            },
            {
              "title": "Verifica se a paleta lista todas as cores disponíveis para utilização, lado a lado.",
              "fullTitle": "2 - Adicione à página uma paleta de quatro cores distintas. Verifica se a paleta lista todas as cores disponíveis para utilização, lado a lado.",
              "timedOut": null,
              "duration": 4270,
              "state": "failed",
              "speed": null,
              "pass": false,
              "fail": true,
              "pending": false,
              "context": null,
              "code": "cy.get('.color').then(function (colors) {\n  for (var index = 1; index < colors.length; index += 1) {\n    var currentColor = colors[index];\n    var previousColor = colors[index - 1];\n    cy.wrap(currentColor).should('be.onTheRightOf', previousColor).and('be.horizontallyAlignedWith', previousColor);\n  }\n});",
              "err": {
                "message": "CypressError: Timed out retrying: Expected to find element: '.color', but never found it.",
                "estack": "CypressError: Timed out retrying: Expected to find element: '.color', but never found it.\n    at cypressErr (http://localhost:34831/__cypress/runner/cypress_runner.js:149934:9)\n    at throwErr (http://localhost:34831/__cypress/runner/cypress_runner.js:149867:11)\n    at Object.throwErrByPath (http://localhost:34831/__cypress/runner/cypress_runner.js:149915:3)\n    at retry (http://localhost:34831/__cypress/runner/cypress_runner.js:144197:19)\n    at onFailFn (http://localhost:34831/__cypress/runner/cypress_runner.js:132448:16)\n    at tryCatcher (http://localhost:34831/__cypress/runner/cypress_runner.js:167415:23)\n    at Promise._settlePromiseFromHandler (http://localhost:34831/__cypress/runner/cypress_runner.js:165351:31)\n    at Promise._settlePromise (http://localhost:34831/__cypress/runner/cypress_runner.js:165408:18)\n    at Promise._settlePromise0 (http://localhost:34831/__cypress/runner/cypress_runner.js:165453:10)\n    at Promise._settlePromises (http://localhost:34831/__cypress/runner/cypress_runner.js:165528:18)\n    at Async../node_modules/bluebird/js/release/async.js.Async._drainQueue (http://localhost:34831/__cypress/runner/cypress_runner.js:162140:16)\n    at Async../node_modules/bluebird/js/release/async.js.Async._drainQueues (http://localhost:34831/__cypress/runner/cypress_runner.js:162150:10)\n    at Async.drainQueues (http://localhost:34831/__cypress/runner/cypress_runner.js:162024:14)",
                "diff": null
              },
              "uuid": "b4f11c01-07ff-4eb1-9ef2-d0658299116e",
              "parentUUID": "a25c721d-6b80-4ea3-8cf7-4373403ee2f1",
              "isHook": false,
              "skipped": false
            },
            {
              "title": "Verifica se a paleta de cores está posicionada abaixo do título 'Paleta de Cores'",
              "fullTitle": "2 - Adicione à página uma paleta de quatro cores distintas. Verifica se a paleta de cores está posicionada abaixo do título 'Paleta de Cores'",
              "timedOut": null,
              "duration": 4272,
              "state": "failed",
              "speed": null,
              "pass": false,
              "fail": true,
              "pending": false,
              "context": null,
              "code": "cy.get('h1#title').then(function (title) {\n  cy.get('#color-palette').should('be.belowOf', title);\n});",
              "err": {
                "message": "CypressError: Timed out retrying: Expected to find element: '#color-palette', but never found it.",
                "estack": "CypressError: Timed out retrying: Expected to find element: '#color-palette', but never found it.\n    at cypressErr (http://localhost:34831/__cypress/runner/cypress_runner.js:149934:9)\n    at throwErr (http://localhost:34831/__cypress/runner/cypress_runner.js:149867:11)\n    at Object.throwErrByPath (http://localhost:34831/__cypress/runner/cypress_runner.js:149915:3)\n    at retry (http://localhost:34831/__cypress/runner/cypress_runner.js:144197:19)\n    at onFailFn (http://localhost:34831/__cypress/runner/cypress_runner.js:132448:16)\n    at tryCatcher (http://localhost:34831/__cypress/runner/cypress_runner.js:167415:23)\n    at Promise._settlePromiseFromHandler (http://localhost:34831/__cypress/runner/cypress_runner.js:165351:31)\n    at Promise._settlePromise (http://localhost:34831/__cypress/runner/cypress_runner.js:165408:18)\n    at Promise._settlePromise0 (http://localhost:34831/__cypress/runner/cypress_runner.js:165453:10)\n    at Promise._settlePromises (http://localhost:34831/__cypress/runner/cypress_runner.js:165528:18)\n    at Async../node_modules/bluebird/js/release/async.js.Async._drainQueue (http://localhost:34831/__cypress/runner/cypress_runner.js:162140:16)\n    at Async../node_modules/bluebird/js/release/async.js.Async._drainQueues (http://localhost:34831/__cypress/runner/cypress_runner.js:162150:10)\n    at Async.drainQueues (http://localhost:34831/__cypress/runner/cypress_runner.js:162024:14)",
                "diff": null
              },
              "uuid": "cd5ed4d9-8a5a-40d9-870b-ac83bc39ae66",
              "parentUUID": "a25c721d-6b80-4ea3-8cf7-4373403ee2f1",
              "isHook": false,
              "skipped": false
            },
            {
              "title": "Verifica se a paleta de cores não contém cores repetidas.",
              "fullTitle": "2 - Adicione à página uma paleta de quatro cores distintas. Verifica se a paleta de cores não contém cores repetidas.",
              "timedOut": null,
              "duration": 4275,
              "state": "failed",
              "speed": null,
              "pass": false,
              "fail": true,
              "pending": false,
              "context": null,
              "code": "cy.get('.color').then(function (colors) {\n  var allColors = Array.from(colors).map(function (color) {\n    return Cypress.$(color).css('background-color');\n  });\n  cy.log(allColors);\n  var uniqColors = (0, _toConsumableArray2[\"default\"])(new Set(allColors));\n  cy.log(uniqColors);\n  expect(allColors.length).to.eq(uniqColors.length);\n});",
              "err": {
                "message": "CypressError: Timed out retrying: Expected to find element: '.color', but never found it.",
                "estack": "CypressError: Timed out retrying: Expected to find element: '.color', but never found it.\n    at cypressErr (http://localhost:34831/__cypress/runner/cypress_runner.js:149934:9)\n    at throwErr (http://localhost:34831/__cypress/runner/cypress_runner.js:149867:11)\n    at Object.throwErrByPath (http://localhost:34831/__cypress/runner/cypress_runner.js:149915:3)\n    at retry (http://localhost:34831/__cypress/runner/cypress_runner.js:144197:19)\n    at onFailFn (http://localhost:34831/__cypress/runner/cypress_runner.js:132448:16)\n    at tryCatcher (http://localhost:34831/__cypress/runner/cypress_runner.js:167415:23)\n    at Promise._settlePromiseFromHandler (http://localhost:34831/__cypress/runner/cypress_runner.js:165351:31)\n    at Promise._settlePromise (http://localhost:34831/__cypress/runner/cypress_runner.js:165408:18)\n    at Promise._settlePromise0 (http://localhost:34831/__cypress/runner/cypress_runner.js:165453:10)\n    at Promise._settlePromises (http://localhost:34831/__cypress/runner/cypress_runner.js:165528:18)\n    at Async../node_modules/bluebird/js/release/async.js.Async._drainQueue (http://localhost:34831/__cypress/runner/cypress_runner.js:162140:16)\n    at Async../node_modules/bluebird/js/release/async.js.Async._drainQueues (http://localhost:34831/__cypress/runner/cypress_runner.js:162150:10)\n    at Async.drainQueues (http://localhost:34831/__cypress/runner/cypress_runner.js:162024:14)",
                "diff": null
              },
              "uuid": "b717e501-3770-4547-8a82-9feef2b6ce72",
              "parentUUID": "a25c721d-6b80-4ea3-8cf7-4373403ee2f1",
              "isHook": false,
              "skipped": false
            }
          ],
          "suites": [],
          "passes": [],
          "failures": [
            "e0fcad29-8c48-47d7-b8be-66d32a98c381",
            "24fe8229-9e4f-4375-b0e7-570c66b38a9d",
            "76472b8f-cc45-4ffc-9a7b-37373863a7f3",
            "85b30284-1641-4332-843b-68128cdeeb78",
            "b4f11c01-07ff-4eb1-9ef2-d0658299116e",
            "cd5ed4d9-8a5a-40d9-870b-ac83bc39ae66",
            "b717e501-3770-4547-8a82-9feef2b6ce72"
          ],
          "pending": [],
          "skipped": [],
          "duration": 29799,
          "root": false,
          "rootEmpty": false,
          "_timeout": 2000
        },
        {
          "uuid": "10d6de57-d932-48c1-a043-9eadc5777ca4",
          "title": "3 - Adicione a cor **preta** como a primeira cor da paleta de cores.",
          "fullFile": "",
          "file": "",
          "beforeHooks": [],
          "afterHooks": [],
          "tests": [
            {
              "title": "Verifica se a primeira cor da paleta é preta",
              "fullTitle": "3 - Adicione a cor **preta** como a primeira cor da paleta de cores. Verifica se a primeira cor da paleta é preta",
              "timedOut": null,
              "duration": 4295,
              "state": "failed",
              "speed": null,
              "pass": false,
              "fail": true,
              "pending": false,
              "context": null,
              "code": "cy.get('.color').first().should('have.css', 'background-color', BLACK);",
              "err": {
                "message": "CypressError: Timed out retrying: Expected to find element: '.color', but never found it.",
                "estack": "CypressError: Timed out retrying: Expected to find element: '.color', but never found it.\n    at cypressErr (http://localhost:34831/__cypress/runner/cypress_runner.js:149934:9)\n    at throwErr (http://localhost:34831/__cypress/runner/cypress_runner.js:149867:11)\n    at Object.throwErrByPath (http://localhost:34831/__cypress/runner/cypress_runner.js:149915:3)\n    at retry (http://localhost:34831/__cypress/runner/cypress_runner.js:144197:19)\n    at onFailFn (http://localhost:34831/__cypress/runner/cypress_runner.js:132448:16)\n    at tryCatcher (http://localhost:34831/__cypress/runner/cypress_runner.js:167415:23)\n    at Promise._settlePromiseFromHandler (http://localhost:34831/__cypress/runner/cypress_runner.js:165351:31)\n    at Promise._settlePromise (http://localhost:34831/__cypress/runner/cypress_runner.js:165408:18)\n    at Promise._settlePromise0 (http://localhost:34831/__cypress/runner/cypress_runner.js:165453:10)\n    at Promise._settlePromises (http://localhost:34831/__cypress/runner/cypress_runner.js:165528:18)\n    at Async../node_modules/bluebird/js/release/async.js.Async._drainQueue (http://localhost:34831/__cypress/runner/cypress_runner.js:162140:16)\n    at Async../node_modules/bluebird/js/release/async.js.Async._drainQueues (http://localhost:34831/__cypress/runner/cypress_runner.js:162150:10)\n    at Async.drainQueues (http://localhost:34831/__cypress/runner/cypress_runner.js:162024:14)",
                "diff": null
              },
              "uuid": "2881e2e3-5bd8-4ed5-baf6-9cd157b1a0b9",
              "parentUUID": "10d6de57-d932-48c1-a043-9eadc5777ca4",
              "isHook": false,
              "skipped": false
            },
            {
              "title": "Verifica se as demais cores podem ser escolhidas livremente.",
              "fullTitle": "3 - Adicione a cor **preta** como a primeira cor da paleta de cores. Verifica se as demais cores podem ser escolhidas livremente.",
              "timedOut": null,
              "duration": 4262,
              "state": "failed",
              "speed": null,
              "pass": false,
              "fail": true,
              "pending": false,
              "context": null,
              "code": "cy.get('.color').eq(1).should('not.have.css', 'background-color', BLACK);\ncy.get('.color').eq(1).should('not.have.css', 'background-color', WHITE);\ncy.get('.color').eq(1).should('not.have.css', 'background-color', 'rgba(0, 0, 0, 0)');\ncy.get('.color').eq(1).should('have.css', 'background-color');\ncy.get('.color').eq(2).should('not.have.css', 'background-color', BLACK);\ncy.get('.color').eq(2).should('not.have.css', 'background-color', WHITE);\ncy.get('.color').eq(2).should('not.have.css', 'background-color', 'rgba(0, 0, 0, 0)');\ncy.get('.color').eq(2).should('have.css', 'background-color');\ncy.get('.color').eq(3).should('not.have.css', 'background-color', BLACK);\ncy.get('.color').eq(3).should('not.have.css', 'background-color', WHITE);\ncy.get('.color').eq(3).should('not.have.css', 'background-color', 'rgba(0, 0, 0, 0)');\ncy.get('.color').eq(3).should('have.css', 'background-color');",
              "err": {
                "message": "CypressError: Timed out retrying: Expected to find element: '.color', but never found it.",
                "estack": "CypressError: Timed out retrying: Expected to find element: '.color', but never found it.\n    at cypressErr (http://localhost:34831/__cypress/runner/cypress_runner.js:149934:9)\n    at throwErr (http://localhost:34831/__cypress/runner/cypress_runner.js:149867:11)\n    at Object.throwErrByPath (http://localhost:34831/__cypress/runner/cypress_runner.js:149915:3)\n    at retry (http://localhost:34831/__cypress/runner/cypress_runner.js:144197:19)\n    at onFailFn (http://localhost:34831/__cypress/runner/cypress_runner.js:132448:16)\n    at tryCatcher (http://localhost:34831/__cypress/runner/cypress_runner.js:167415:23)\n    at Promise._settlePromiseFromHandler (http://localhost:34831/__cypress/runner/cypress_runner.js:165351:31)\n    at Promise._settlePromise (http://localhost:34831/__cypress/runner/cypress_runner.js:165408:18)\n    at Promise._settlePromise0 (http://localhost:34831/__cypress/runner/cypress_runner.js:165453:10)\n    at Promise._settlePromises (http://localhost:34831/__cypress/runner/cypress_runner.js:165528:18)\n    at Async../node_modules/bluebird/js/release/async.js.Async._drainQueue (http://localhost:34831/__cypress/runner/cypress_runner.js:162140:16)\n    at Async../node_modules/bluebird/js/release/async.js.Async._drainQueues (http://localhost:34831/__cypress/runner/cypress_runner.js:162150:10)\n    at Async.drainQueues (http://localhost:34831/__cypress/runner/cypress_runner.js:162024:14)",
                "diff": null
              },
              "uuid": "c050468a-b4ff-4f90-98c8-09dc38afa9b4",
              "parentUUID": "10d6de57-d932-48c1-a043-9eadc5777ca4",
              "isHook": false,
              "skipped": false
            }
          ],
          "suites": [],
          "passes": [],
          "failures": [
            "2881e2e3-5bd8-4ed5-baf6-9cd157b1a0b9",
            "c050468a-b4ff-4f90-98c8-09dc38afa9b4"
          ],
          "pending": [],
          "skipped": [],
          "duration": 8557,
          "root": false,
          "rootEmpty": false,
          "_timeout": 2000
        },
        {
          "uuid": "ed27054e-f7b3-4459-a5c7-23f8321917ec",
          "title": "4 - Adicione à página um quadro de pixels, com 25 pixels.",
          "fullFile": "",
          "file": "",
          "beforeHooks": [],
          "afterHooks": [],
          "tests": [
            {
              "title": "Verifica se o quadro de pixels possui o `id` denominado `pixel-board`",
              "fullTitle": "4 - Adicione à página um quadro de pixels, com 25 pixels. Verifica se o quadro de pixels possui o `id` denominado `pixel-board`",
              "timedOut": null,
              "duration": 4289,
              "state": "failed",
              "speed": null,
              "pass": false,
              "fail": true,
              "pending": false,
              "context": null,
              "code": "cy.get('#pixel-board').should('be.visible');",
              "err": {
                "message": "CypressError: Timed out retrying: Expected to find element: '#pixel-board', but never found it.",
                "estack": "CypressError: Timed out retrying: Expected to find element: '#pixel-board', but never found it.\n    at cypressErr (http://localhost:34831/__cypress/runner/cypress_runner.js:149934:9)\n    at throwErr (http://localhost:34831/__cypress/runner/cypress_runner.js:149867:11)\n    at Object.throwErrByPath (http://localhost:34831/__cypress/runner/cypress_runner.js:149915:3)\n    at retry (http://localhost:34831/__cypress/runner/cypress_runner.js:144197:19)\n    at onFailFn (http://localhost:34831/__cypress/runner/cypress_runner.js:132448:16)\n    at tryCatcher (http://localhost:34831/__cypress/runner/cypress_runner.js:167415:23)\n    at Promise._settlePromiseFromHandler (http://localhost:34831/__cypress/runner/cypress_runner.js:165351:31)\n    at Promise._settlePromise (http://localhost:34831/__cypress/runner/cypress_runner.js:165408:18)\n    at Promise._settlePromise0 (http://localhost:34831/__cypress/runner/cypress_runner.js:165453:10)\n    at Promise._settlePromises (http://localhost:34831/__cypress/runner/cypress_runner.js:165528:18)\n    at Async../node_modules/bluebird/js/release/async.js.Async._drainQueue (http://localhost:34831/__cypress/runner/cypress_runner.js:162140:16)\n    at Async../node_modules/bluebird/js/release/async.js.Async._drainQueues (http://localhost:34831/__cypress/runner/cypress_runner.js:162150:10)\n    at Async.drainQueues (http://localhost:34831/__cypress/runner/cypress_runner.js:162024:14)",
                "diff": null
              },
              "uuid": "bba8011a-e18a-49d2-93aa-94d99d3d9cc3",
              "parentUUID": "ed27054e-f7b3-4459-a5c7-23f8321917ec",
              "isHook": false,
              "skipped": false
            },
            {
              "title": "Verifica se cada pixel individual dentro do quadro possui a `classe` denominada `pixel`.",
              "fullTitle": "4 - Adicione à página um quadro de pixels, com 25 pixels. Verifica se cada pixel individual dentro do quadro possui a `classe` denominada `pixel`.",
              "timedOut": null,
              "duration": 4289,
              "state": "failed",
              "speed": null,
              "pass": false,
              "fail": true,
              "pending": false,
              "context": null,
              "code": "cy.get('.pixel').should('have.length', 25);",
              "err": {
                "message": "CypressError: Timed out retrying: Expected to find element: '.pixel', but never found it.",
                "estack": "CypressError: Timed out retrying: Expected to find element: '.pixel', but never found it.\n    at cypressErr (http://localhost:34831/__cypress/runner/cypress_runner.js:149934:9)\n    at throwErr (http://localhost:34831/__cypress/runner/cypress_runner.js:149867:11)\n    at Object.throwErrByPath (http://localhost:34831/__cypress/runner/cypress_runner.js:149915:3)\n    at retry (http://localhost:34831/__cypress/runner/cypress_runner.js:144197:19)\n    at onFailFn (http://localhost:34831/__cypress/runner/cypress_runner.js:132448:16)\n    at tryCatcher (http://localhost:34831/__cypress/runner/cypress_runner.js:167415:23)\n    at Promise._settlePromiseFromHandler (http://localhost:34831/__cypress/runner/cypress_runner.js:165351:31)\n    at Promise._settlePromise (http://localhost:34831/__cypress/runner/cypress_runner.js:165408:18)\n    at Promise._settlePromise0 (http://localhost:34831/__cypress/runner/cypress_runner.js:165453:10)\n    at Promise._settlePromises (http://localhost:34831/__cypress/runner/cypress_runner.js:165528:18)\n    at Async../node_modules/bluebird/js/release/async.js.Async._drainQueue (http://localhost:34831/__cypress/runner/cypress_runner.js:162140:16)\n    at Async../node_modules/bluebird/js/release/async.js.Async._drainQueues (http://localhost:34831/__cypress/runner/cypress_runner.js:162150:10)\n    at Async.drainQueues (http://localhost:34831/__cypress/runner/cypress_runner.js:162024:14)",
                "diff": null
              },
              "uuid": "6011fbd1-790a-45a8-8188-3113174f2f12",
              "parentUUID": "ed27054e-f7b3-4459-a5c7-23f8321917ec",
              "isHook": false,
              "skipped": false
            },
            {
              "title": "Verifica se a cor inicial dos pixels dentro do quadro, ao abrir a página, é branca.",
              "fullTitle": "4 - Adicione à página um quadro de pixels, com 25 pixels. Verifica se a cor inicial dos pixels dentro do quadro, ao abrir a página, é branca.",
              "timedOut": null,
              "duration": 4266,
              "state": "failed",
              "speed": null,
              "pass": false,
              "fail": true,
              "pending": false,
              "context": null,
              "code": "cy.get('.pixel').should('have.length', 25).each(function (pixel) {\n  expect(pixel).to.have.css('background-color', WHITE);\n});",
              "err": {
                "message": "CypressError: Timed out retrying: Expected to find element: '.pixel', but never found it.",
                "estack": "CypressError: Timed out retrying: Expected to find element: '.pixel', but never found it.\n    at cypressErr (http://localhost:34831/__cypress/runner/cypress_runner.js:149934:9)\n    at throwErr (http://localhost:34831/__cypress/runner/cypress_runner.js:149867:11)\n    at Object.throwErrByPath (http://localhost:34831/__cypress/runner/cypress_runner.js:149915:3)\n    at retry (http://localhost:34831/__cypress/runner/cypress_runner.js:144197:19)\n    at onFailFn (http://localhost:34831/__cypress/runner/cypress_runner.js:132448:16)\n    at tryCatcher (http://localhost:34831/__cypress/runner/cypress_runner.js:167415:23)\n    at Promise._settlePromiseFromHandler (http://localhost:34831/__cypress/runner/cypress_runner.js:165351:31)\n    at Promise._settlePromise (http://localhost:34831/__cypress/runner/cypress_runner.js:165408:18)\n    at Promise._settlePromise0 (http://localhost:34831/__cypress/runner/cypress_runner.js:165453:10)\n    at Promise._settlePromises (http://localhost:34831/__cypress/runner/cypress_runner.js:165528:18)\n    at Async../node_modules/bluebird/js/release/async.js.Async._drainQueue (http://localhost:34831/__cypress/runner/cypress_runner.js:162140:16)\n    at Async../node_modules/bluebird/js/release/async.js.Async._drainQueues (http://localhost:34831/__cypress/runner/cypress_runner.js:162150:10)\n    at Async.drainQueues (http://localhost:34831/__cypress/runner/cypress_runner.js:162024:14)",
                "diff": null
              },
              "uuid": "d9d4c65a-87b3-4d70-ad73-c94deccf6985",
              "parentUUID": "ed27054e-f7b3-4459-a5c7-23f8321917ec",
              "isHook": false,
              "skipped": false
            },
            {
              "title": "Verifica se o quadro de pixels aparece abaixo da paleta de cores",
              "fullTitle": "4 - Adicione à página um quadro de pixels, com 25 pixels. Verifica se o quadro de pixels aparece abaixo da paleta de cores",
              "timedOut": null,
              "duration": 4308,
              "state": "failed",
              "speed": null,
              "pass": false,
              "fail": true,
              "pending": false,
              "context": null,
              "code": "cy.get('#color-palette').then(function (palette) {\n  cy.get('#pixel-board').should('be.belowOf', palette);\n});",
              "err": {
                "message": "CypressError: Timed out retrying: Expected to find element: '#color-palette', but never found it.",
                "estack": "CypressError: Timed out retrying: Expected to find element: '#color-palette', but never found it.\n    at cypressErr (http://localhost:34831/__cypress/runner/cypress_runner.js:149934:9)\n    at throwErr (http://localhost:34831/__cypress/runner/cypress_runner.js:149867:11)\n    at Object.throwErrByPath (http://localhost:34831/__cypress/runner/cypress_runner.js:149915:3)\n    at retry (http://localhost:34831/__cypress/runner/cypress_runner.js:144197:19)\n    at onFailFn (http://localhost:34831/__cypress/runner/cypress_runner.js:132448:16)\n    at tryCatcher (http://localhost:34831/__cypress/runner/cypress_runner.js:167415:23)\n    at Promise._settlePromiseFromHandler (http://localhost:34831/__cypress/runner/cypress_runner.js:165351:31)\n    at Promise._settlePromise (http://localhost:34831/__cypress/runner/cypress_runner.js:165408:18)\n    at Promise._settlePromise0 (http://localhost:34831/__cypress/runner/cypress_runner.js:165453:10)\n    at Promise._settlePromises (http://localhost:34831/__cypress/runner/cypress_runner.js:165528:18)\n    at Async../node_modules/bluebird/js/release/async.js.Async._drainQueue (http://localhost:34831/__cypress/runner/cypress_runner.js:162140:16)\n    at Async../node_modules/bluebird/js/release/async.js.Async._drainQueues (http://localhost:34831/__cypress/runner/cypress_runner.js:162150:10)\n    at Async.drainQueues (http://localhost:34831/__cypress/runner/cypress_runner.js:162024:14)",
                "diff": null
              },
              "uuid": "688f0153-4958-4e9b-958a-d2bb9ee7a781",
              "parentUUID": "ed27054e-f7b3-4459-a5c7-23f8321917ec",
              "isHook": false,
              "skipped": false
            }
          ],
          "suites": [],
          "passes": [],
          "failures": [
            "bba8011a-e18a-49d2-93aa-94d99d3d9cc3",
            "6011fbd1-790a-45a8-8188-3113174f2f12",
            "d9d4c65a-87b3-4d70-ad73-c94deccf6985",
            "688f0153-4958-4e9b-958a-d2bb9ee7a781"
          ],
          "pending": [],
          "skipped": [],
          "duration": 17152,
          "root": false,
          "rootEmpty": false,
          "_timeout": 2000
        },
        {
          "uuid": "4d749658-4fdc-4ff6-973b-e231ef711b88",
          "title": "5 - Faça com que cada elemento do quadro de pixels possua 40 pixels de largura, 40 pixels de altura e seja delimitado por uma borda preta de 1 pixel.",
          "fullFile": "",
          "file": "",
          "beforeHooks": [],
          "afterHooks": [],
          "tests": [
            {
              "title": "Verifica se o quadro de pixels tem altura e comprimento de 5 elementos",
              "fullTitle": "5 - Faça com que cada elemento do quadro de pixels possua 40 pixels de largura, 40 pixels de altura e seja delimitado por uma borda preta de 1 pixel. Verifica se o quadro de pixels tem altura e comprimento de 5 elementos",
              "timedOut": null,
              "duration": 4261,
              "state": "failed",
              "speed": null,
              "pass": false,
              "fail": true,
              "pending": false,
              "context": null,
              "code": "cy.get('.pixel').should('have.length', 25).each(function (pixel) {\n  expect(pixel).to.have.css('background-color', WHITE);\n}).and(function (pixels) {\n  var rows = chunk(pixels, 5);\n  rows.forEach(function (row) {\n    for (var index = 1; index < row.length; index += 1) {\n      var current = pixels[index];\n      var previous = pixels[index - 1];\n      cy.wrap(current).should('be.onTheRightOf', previous).and('be.horizontallyAlignedWith', previous);\n    }\n  });\n  for (var index = 1; index < 5; index += 1) {\n    expect(pixels[index * 5]).to.be.belowOf(pixels[(index - 1) * 5]);\n  }\n});",
              "err": {
                "message": "CypressError: Timed out retrying: Expected to find element: '.pixel', but never found it.",
                "estack": "CypressError: Timed out retrying: Expected to find element: '.pixel', but never found it.\n    at cypressErr (http://localhost:34831/__cypress/runner/cypress_runner.js:149934:9)\n    at throwErr (http://localhost:34831/__cypress/runner/cypress_runner.js:149867:11)\n    at Object.throwErrByPath (http://localhost:34831/__cypress/runner/cypress_runner.js:149915:3)\n    at retry (http://localhost:34831/__cypress/runner/cypress_runner.js:144197:19)\n    at onFailFn (http://localhost:34831/__cypress/runner/cypress_runner.js:132448:16)\n    at tryCatcher (http://localhost:34831/__cypress/runner/cypress_runner.js:167415:23)\n    at Promise._settlePromiseFromHandler (http://localhost:34831/__cypress/runner/cypress_runner.js:165351:31)\n    at Promise._settlePromise (http://localhost:34831/__cypress/runner/cypress_runner.js:165408:18)\n    at Promise._settlePromise0 (http://localhost:34831/__cypress/runner/cypress_runner.js:165453:10)\n    at Promise._settlePromises (http://localhost:34831/__cypress/runner/cypress_runner.js:165528:18)\n    at Async../node_modules/bluebird/js/release/async.js.Async._drainQueue (http://localhost:34831/__cypress/runner/cypress_runner.js:162140:16)\n    at Async../node_modules/bluebird/js/release/async.js.Async._drainQueues (http://localhost:34831/__cypress/runner/cypress_runner.js:162150:10)\n    at Async.drainQueues (http://localhost:34831/__cypress/runner/cypress_runner.js:162024:14)",
                "diff": null
              },
              "uuid": "b83bad23-9c08-46ca-b91d-c614964be740",
              "parentUUID": "4d749658-4fdc-4ff6-973b-e231ef711b88",
              "isHook": false,
              "skipped": false
            },
            {
              "title": "Verifica se 40 pixels é o tamanho total do elemento, incluindo seu conteúdo e excluindo a borda preta, que deve ser criada à parte.",
              "fullTitle": "5 - Faça com que cada elemento do quadro de pixels possua 40 pixels de largura, 40 pixels de altura e seja delimitado por uma borda preta de 1 pixel. Verifica se 40 pixels é o tamanho total do elemento, incluindo seu conteúdo e excluindo a borda preta, que deve ser criada à parte.",
              "timedOut": null,
              "duration": 4278,
              "state": "failed",
              "speed": null,
              "pass": false,
              "fail": true,
              "pending": false,
              "context": null,
              "code": "cy.get('.pixel').each(function (pixel) {\n  cy.wrap(pixel).should('have.css', 'height', '40px').and('have.css', 'width', '40px').and('have.css', 'border', \"1px solid \".concat(BLACK));\n});",
              "err": {
                "message": "CypressError: Timed out retrying: Expected to find element: '.pixel', but never found it.",
                "estack": "CypressError: Timed out retrying: Expected to find element: '.pixel', but never found it.\n    at cypressErr (http://localhost:34831/__cypress/runner/cypress_runner.js:149934:9)\n    at throwErr (http://localhost:34831/__cypress/runner/cypress_runner.js:149867:11)\n    at Object.throwErrByPath (http://localhost:34831/__cypress/runner/cypress_runner.js:149915:3)\n    at retry (http://localhost:34831/__cypress/runner/cypress_runner.js:144197:19)\n    at onFailFn (http://localhost:34831/__cypress/runner/cypress_runner.js:132448:16)\n    at tryCatcher (http://localhost:34831/__cypress/runner/cypress_runner.js:167415:23)\n    at Promise._settlePromiseFromHandler (http://localhost:34831/__cypress/runner/cypress_runner.js:165351:31)\n    at Promise._settlePromise (http://localhost:34831/__cypress/runner/cypress_runner.js:165408:18)\n    at Promise._settlePromise0 (http://localhost:34831/__cypress/runner/cypress_runner.js:165453:10)\n    at Promise._settlePromises (http://localhost:34831/__cypress/runner/cypress_runner.js:165528:18)\n    at Async../node_modules/bluebird/js/release/async.js.Async._drainQueue (http://localhost:34831/__cypress/runner/cypress_runner.js:162140:16)\n    at Async../node_modules/bluebird/js/release/async.js.Async._drainQueues (http://localhost:34831/__cypress/runner/cypress_runner.js:162150:10)\n    at Async.drainQueues (http://localhost:34831/__cypress/runner/cypress_runner.js:162024:14)",
                "diff": null
              },
              "uuid": "2fedc02d-d099-4cfc-95b4-67ae7b624456",
              "parentUUID": "4d749658-4fdc-4ff6-973b-e231ef711b88",
              "isHook": false,
              "skipped": false
            }
          ],
          "suites": [],
          "passes": [],
          "failures": [
            "b83bad23-9c08-46ca-b91d-c614964be740",
            "2fedc02d-d099-4cfc-95b4-67ae7b624456"
          ],
          "pending": [],
          "skipped": [],
          "duration": 8539,
          "root": false,
          "rootEmpty": false,
          "_timeout": 2000
        },
        {
          "uuid": "e4a8b516-5f70-4d00-9ba3-36b04c499426",
          "title": "6 - Defina a cor preta como cor inicial. Ao carregar a página a cor preta já deve estar selecionada para pintar os pixels",
          "fullFile": "",
          "file": "",
          "beforeHooks": [],
          "afterHooks": [],
          "tests": [
            {
              "title": "Verifica se o elemento da cor preta possui, inicialmente, a `classe` `selected`",
              "fullTitle": "6 - Defina a cor preta como cor inicial. Ao carregar a página a cor preta já deve estar selecionada para pintar os pixels Verifica se o elemento da cor preta possui, inicialmente, a `classe` `selected`",
              "timedOut": null,
              "duration": 4311,
              "state": "failed",
              "speed": null,
              "pass": false,
              "fail": true,
              "pending": false,
              "context": null,
              "code": "cy.get('.selected').first().should('have.css', 'background-color', BLACK);",
              "err": {
                "message": "CypressError: Timed out retrying: Expected to find element: '.selected', but never found it.",
                "estack": "CypressError: Timed out retrying: Expected to find element: '.selected', but never found it.\n    at cypressErr (http://localhost:34831/__cypress/runner/cypress_runner.js:149934:9)\n    at throwErr (http://localhost:34831/__cypress/runner/cypress_runner.js:149867:11)\n    at Object.throwErrByPath (http://localhost:34831/__cypress/runner/cypress_runner.js:149915:3)\n    at retry (http://localhost:34831/__cypress/runner/cypress_runner.js:144197:19)\n    at onFailFn (http://localhost:34831/__cypress/runner/cypress_runner.js:132448:16)\n    at tryCatcher (http://localhost:34831/__cypress/runner/cypress_runner.js:167415:23)\n    at Promise._settlePromiseFromHandler (http://localhost:34831/__cypress/runner/cypress_runner.js:165351:31)\n    at Promise._settlePromise (http://localhost:34831/__cypress/runner/cypress_runner.js:165408:18)\n    at Promise._settlePromise0 (http://localhost:34831/__cypress/runner/cypress_runner.js:165453:10)\n    at Promise._settlePromises (http://localhost:34831/__cypress/runner/cypress_runner.js:165528:18)\n    at Async../node_modules/bluebird/js/release/async.js.Async._drainQueue (http://localhost:34831/__cypress/runner/cypress_runner.js:162140:16)\n    at Async../node_modules/bluebird/js/release/async.js.Async._drainQueues (http://localhost:34831/__cypress/runner/cypress_runner.js:162150:10)\n    at Async.drainQueues (http://localhost:34831/__cypress/runner/cypress_runner.js:162024:14)",
                "diff": null
              },
              "uuid": "0968706e-e58b-48d3-b08b-3c342dfacbad",
              "parentUUID": "e4a8b516-5f70-4d00-9ba3-36b04c499426",
              "isHook": false,
              "skipped": false
            },
            {
              "title": "Verifica se nenhuma outra cor da paleta tem a `classe` `selected`",
              "fullTitle": "6 - Defina a cor preta como cor inicial. Ao carregar a página a cor preta já deve estar selecionada para pintar os pixels Verifica se nenhuma outra cor da paleta tem a `classe` `selected`",
              "timedOut": null,
              "duration": 4267,
              "state": "failed",
              "speed": null,
              "pass": false,
              "fail": true,
              "pending": false,
              "context": null,
              "code": "cy.get('.color:not(:first-child)').each(function (color) {\n  cy.wrap(color).should('not.have.class', 'selected');\n});",
              "err": {
                "message": "CypressError: Timed out retrying: Expected to find element: '.color:not(:first-child)', but never found it.",
                "estack": "CypressError: Timed out retrying: Expected to find element: '.color:not(:first-child)', but never found it.\n    at cypressErr (http://localhost:34831/__cypress/runner/cypress_runner.js:149934:9)\n    at throwErr (http://localhost:34831/__cypress/runner/cypress_runner.js:149867:11)\n    at Object.throwErrByPath (http://localhost:34831/__cypress/runner/cypress_runner.js:149915:3)\n    at retry (http://localhost:34831/__cypress/runner/cypress_runner.js:144197:19)\n    at onFailFn (http://localhost:34831/__cypress/runner/cypress_runner.js:132448:16)\n    at tryCatcher (http://localhost:34831/__cypress/runner/cypress_runner.js:167415:23)\n    at Promise._settlePromiseFromHandler (http://localhost:34831/__cypress/runner/cypress_runner.js:165351:31)\n    at Promise._settlePromise (http://localhost:34831/__cypress/runner/cypress_runner.js:165408:18)\n    at Promise._settlePromise0 (http://localhost:34831/__cypress/runner/cypress_runner.js:165453:10)\n    at Promise._settlePromises (http://localhost:34831/__cypress/runner/cypress_runner.js:165528:18)\n    at Async../node_modules/bluebird/js/release/async.js.Async._drainQueue (http://localhost:34831/__cypress/runner/cypress_runner.js:162140:16)\n    at Async../node_modules/bluebird/js/release/async.js.Async._drainQueues (http://localhost:34831/__cypress/runner/cypress_runner.js:162150:10)\n    at Async.drainQueues (http://localhost:34831/__cypress/runner/cypress_runner.js:162024:14)",
                "diff": null
              },
              "uuid": "3e76dc70-2995-4aea-9c5c-122686632763",
              "parentUUID": "e4a8b516-5f70-4d00-9ba3-36b04c499426",
              "isHook": false,
              "skipped": false
            }
          ],
          "suites": [],
          "passes": [],
          "failures": [
            "0968706e-e58b-48d3-b08b-3c342dfacbad",
            "3e76dc70-2995-4aea-9c5c-122686632763"
          ],
          "pending": [],
          "skipped": [],
          "duration": 8578,
          "root": false,
          "rootEmpty": false,
          "_timeout": 2000
        },
        {
          "uuid": "ebbe8a84-cbf5-4163-9e23-89d45ad99690",
          "title": "7 - Clicar em uma das cores da paleta, faz com que ela seja selecionada e utilizada para preencher os pixels no quadro.",
          "fullFile": "",
          "file": "",
          "beforeHooks": [],
          "afterHooks": [],
          "tests": [
            {
              "title": "Verifica se somente uma cor da paleta de cores tem a classe `selected` de cada vez",
              "fullTitle": "7 - Clicar em uma das cores da paleta, faz com que ela seja selecionada e utilizada para preencher os pixels no quadro. Verifica se somente uma cor da paleta de cores tem a classe `selected` de cada vez",
              "timedOut": null,
              "duration": 4296,
              "state": "failed",
              "speed": null,
              "pass": false,
              "fail": true,
              "pending": false,
              "context": null,
              "code": "cy.get('.color').each(function (selectedColor, selectedColorIndex) {\n  cy.wrap(selectedColor).click();\n  cy.get('.color').each(function (color, colorIndex) {\n    if (colorIndex === selectedColorIndex) {\n      expect(color).to.have[\"class\"]('selected');\n    } else {\n      expect(color).not.to.have[\"class\"]('selected');\n    }\n  });\n});",
              "err": {
                "message": "CypressError: Timed out retrying: Expected to find element: '.color', but never found it.",
                "estack": "CypressError: Timed out retrying: Expected to find element: '.color', but never found it.\n    at cypressErr (http://localhost:34831/__cypress/runner/cypress_runner.js:149934:9)\n    at throwErr (http://localhost:34831/__cypress/runner/cypress_runner.js:149867:11)\n    at Object.throwErrByPath (http://localhost:34831/__cypress/runner/cypress_runner.js:149915:3)\n    at retry (http://localhost:34831/__cypress/runner/cypress_runner.js:144197:19)\n    at onFailFn (http://localhost:34831/__cypress/runner/cypress_runner.js:132448:16)\n    at tryCatcher (http://localhost:34831/__cypress/runner/cypress_runner.js:167415:23)\n    at Promise._settlePromiseFromHandler (http://localhost:34831/__cypress/runner/cypress_runner.js:165351:31)\n    at Promise._settlePromise (http://localhost:34831/__cypress/runner/cypress_runner.js:165408:18)\n    at Promise._settlePromise0 (http://localhost:34831/__cypress/runner/cypress_runner.js:165453:10)\n    at Promise._settlePromises (http://localhost:34831/__cypress/runner/cypress_runner.js:165528:18)\n    at Async../node_modules/bluebird/js/release/async.js.Async._drainQueue (http://localhost:34831/__cypress/runner/cypress_runner.js:162140:16)\n    at Async../node_modules/bluebird/js/release/async.js.Async._drainQueues (http://localhost:34831/__cypress/runner/cypress_runner.js:162150:10)\n    at Async.drainQueues (http://localhost:34831/__cypress/runner/cypress_runner.js:162024:14)",
                "diff": null
              },
              "uuid": "78f417b6-3db8-4296-a69e-485acc894809",
              "parentUUID": "ebbe8a84-cbf5-4163-9e23-89d45ad99690",
              "isHook": false,
              "skipped": false
            },
            {
              "title": "Verifica se os pixels dentro do quadro não têm a classe `selected` quando são clicados",
              "fullTitle": "7 - Clicar em uma das cores da paleta, faz com que ela seja selecionada e utilizada para preencher os pixels no quadro. Verifica se os pixels dentro do quadro não têm a classe `selected` quando são clicados",
              "timedOut": null,
              "duration": 4260,
              "state": "failed",
              "speed": null,
              "pass": false,
              "fail": true,
              "pending": false,
              "context": null,
              "code": "cy.get('.color').each(function (color) {\n  var backgroundColor = color.css('background-color');\n  cy.wrap(color).click();\n  cy.get('.pixel').each(function (pixel) {\n    cy.wrap(pixel).click().should('not.have.class', 'selected');\n  });\n});",
              "err": {
                "message": "CypressError: Timed out retrying: Expected to find element: '.color', but never found it.",
                "estack": "CypressError: Timed out retrying: Expected to find element: '.color', but never found it.\n    at cypressErr (http://localhost:34831/__cypress/runner/cypress_runner.js:149934:9)\n    at throwErr (http://localhost:34831/__cypress/runner/cypress_runner.js:149867:11)\n    at Object.throwErrByPath (http://localhost:34831/__cypress/runner/cypress_runner.js:149915:3)\n    at retry (http://localhost:34831/__cypress/runner/cypress_runner.js:144197:19)\n    at onFailFn (http://localhost:34831/__cypress/runner/cypress_runner.js:132448:16)\n    at tryCatcher (http://localhost:34831/__cypress/runner/cypress_runner.js:167415:23)\n    at Promise._settlePromiseFromHandler (http://localhost:34831/__cypress/runner/cypress_runner.js:165351:31)\n    at Promise._settlePromise (http://localhost:34831/__cypress/runner/cypress_runner.js:165408:18)\n    at Promise._settlePromise0 (http://localhost:34831/__cypress/runner/cypress_runner.js:165453:10)\n    at Promise._settlePromises (http://localhost:34831/__cypress/runner/cypress_runner.js:165528:18)\n    at Async../node_modules/bluebird/js/release/async.js.Async._drainQueue (http://localhost:34831/__cypress/runner/cypress_runner.js:162140:16)\n    at Async../node_modules/bluebird/js/release/async.js.Async._drainQueues (http://localhost:34831/__cypress/runner/cypress_runner.js:162150:10)\n    at Async.drainQueues (http://localhost:34831/__cypress/runner/cypress_runner.js:162024:14)",
                "diff": null
              },
              "uuid": "2f2d4c29-b96f-4cc3-8ce6-0150bc73e001",
              "parentUUID": "ebbe8a84-cbf5-4163-9e23-89d45ad99690",
              "isHook": false,
              "skipped": false
            }
          ],
          "suites": [],
          "passes": [],
          "failures": [
            "78f417b6-3db8-4296-a69e-485acc894809",
            "2f2d4c29-b96f-4cc3-8ce6-0150bc73e001"
          ],
          "pending": [],
          "skipped": [],
          "duration": 8556,
          "root": false,
          "rootEmpty": false,
          "_timeout": 2000
        },
        {
          "uuid": "d4edb70a-1b21-49de-a04d-bdbf41eadabb",
          "title": "8 - Clicar em um pixel dentro do quadro após selecionar uma cor na paleta, faz com que o pixel seja preenchido com a cor selecionada.",
          "fullFile": "",
          "file": "",
          "beforeHooks": [],
          "afterHooks": [],
          "tests": [
            {
              "title": "Verifica se ao carregar a página deve ser possível pintar os pixels de preto",
              "fullTitle": "8 - Clicar em um pixel dentro do quadro após selecionar uma cor na paleta, faz com que o pixel seja preenchido com a cor selecionada. Verifica se ao carregar a página deve ser possível pintar os pixels de preto",
              "timedOut": null,
              "duration": 4280,
              "state": "failed",
              "speed": null,
              "pass": false,
              "fail": true,
              "pending": false,
              "context": null,
              "code": "cy.get('.pixel').each(function (pixel) {\n  cy.wrap(pixel).click().should('have.css', 'background-color', BLACK);\n});",
              "err": {
                "message": "CypressError: Timed out retrying: Expected to find element: '.pixel', but never found it.",
                "estack": "CypressError: Timed out retrying: Expected to find element: '.pixel', but never found it.\n    at cypressErr (http://localhost:34831/__cypress/runner/cypress_runner.js:149934:9)\n    at throwErr (http://localhost:34831/__cypress/runner/cypress_runner.js:149867:11)\n    at Object.throwErrByPath (http://localhost:34831/__cypress/runner/cypress_runner.js:149915:3)\n    at retry (http://localhost:34831/__cypress/runner/cypress_runner.js:144197:19)\n    at onFailFn (http://localhost:34831/__cypress/runner/cypress_runner.js:132448:16)\n    at tryCatcher (http://localhost:34831/__cypress/runner/cypress_runner.js:167415:23)\n    at Promise._settlePromiseFromHandler (http://localhost:34831/__cypress/runner/cypress_runner.js:165351:31)\n    at Promise._settlePromise (http://localhost:34831/__cypress/runner/cypress_runner.js:165408:18)\n    at Promise._settlePromise0 (http://localhost:34831/__cypress/runner/cypress_runner.js:165453:10)\n    at Promise._settlePromises (http://localhost:34831/__cypress/runner/cypress_runner.js:165528:18)\n    at Async../node_modules/bluebird/js/release/async.js.Async._drainQueue (http://localhost:34831/__cypress/runner/cypress_runner.js:162140:16)\n    at Async../node_modules/bluebird/js/release/async.js.Async._drainQueues (http://localhost:34831/__cypress/runner/cypress_runner.js:162150:10)\n    at Async.drainQueues (http://localhost:34831/__cypress/runner/cypress_runner.js:162024:14)",
                "diff": null
              },
              "uuid": "335d35a5-8a36-4150-a079-a33efa5ba5a8",
              "parentUUID": "d4edb70a-1b21-49de-a04d-bdbf41eadabb",
              "isHook": false,
              "skipped": false
            },
            {
              "title": "Verifica se após selecionar uma outra cor na paleta, é possível pintar os pixels com essa cor",
              "fullTitle": "8 - Clicar em um pixel dentro do quadro após selecionar uma cor na paleta, faz com que o pixel seja preenchido com a cor selecionada. Verifica se após selecionar uma outra cor na paleta, é possível pintar os pixels com essa cor",
              "timedOut": null,
              "duration": 4289,
              "state": "failed",
              "speed": null,
              "pass": false,
              "fail": true,
              "pending": false,
              "context": null,
              "code": "cy.get('.color').each(function (color) {\n  var backgroundColor = color.css('background-color');\n  cy.wrap(color).click();\n  cy.get('.pixel').each(function (pixel) {\n    cy.wrap(pixel).click().should('have.css', 'background-color', backgroundColor);\n  });\n});",
              "err": {
                "message": "CypressError: Timed out retrying: Expected to find element: '.color', but never found it.",
                "estack": "CypressError: Timed out retrying: Expected to find element: '.color', but never found it.\n    at cypressErr (http://localhost:34831/__cypress/runner/cypress_runner.js:149934:9)\n    at throwErr (http://localhost:34831/__cypress/runner/cypress_runner.js:149867:11)\n    at Object.throwErrByPath (http://localhost:34831/__cypress/runner/cypress_runner.js:149915:3)\n    at retry (http://localhost:34831/__cypress/runner/cypress_runner.js:144197:19)\n    at onFailFn (http://localhost:34831/__cypress/runner/cypress_runner.js:132448:16)\n    at tryCatcher (http://localhost:34831/__cypress/runner/cypress_runner.js:167415:23)\n    at Promise._settlePromiseFromHandler (http://localhost:34831/__cypress/runner/cypress_runner.js:165351:31)\n    at Promise._settlePromise (http://localhost:34831/__cypress/runner/cypress_runner.js:165408:18)\n    at Promise._settlePromise0 (http://localhost:34831/__cypress/runner/cypress_runner.js:165453:10)\n    at Promise._settlePromises (http://localhost:34831/__cypress/runner/cypress_runner.js:165528:18)\n    at Async../node_modules/bluebird/js/release/async.js.Async._drainQueue (http://localhost:34831/__cypress/runner/cypress_runner.js:162140:16)\n    at Async../node_modules/bluebird/js/release/async.js.Async._drainQueues (http://localhost:34831/__cypress/runner/cypress_runner.js:162150:10)\n    at Async.drainQueues (http://localhost:34831/__cypress/runner/cypress_runner.js:162024:14)",
                "diff": null
              },
              "uuid": "24682211-0ec1-40c7-8ba5-885b55e4c23f",
              "parentUUID": "d4edb70a-1b21-49de-a04d-bdbf41eadabb",
              "isHook": false,
              "skipped": false
            },
            {
              "title": "Verifica se somente o pixel que foi clicado foi preenchido com a cor selecionada, sem influenciar na cor dos demais pixels.",
              "fullTitle": "8 - Clicar em um pixel dentro do quadro após selecionar uma cor na paleta, faz com que o pixel seja preenchido com a cor selecionada. Verifica se somente o pixel que foi clicado foi preenchido com a cor selecionada, sem influenciar na cor dos demais pixels.",
              "timedOut": null,
              "duration": 4247,
              "state": "failed",
              "speed": null,
              "pass": false,
              "fail": true,
              "pending": false,
              "context": null,
              "code": "var colorToPixelIndexMap = {\n  0: 6,\n  1: 8,\n  2: 16,\n  3: 18\n};\ncy.get('.color').each(function (color, index) {\n  cy.wrap(color).click();\n  var backgroundColor = color.css('background-color');\n  var clickedPixelIndex = colorToPixelIndexMap[index];\n  cy.get('.pixel').eq(clickedPixelIndex).click();\n  cy.get('.pixel').eq(clickedPixelIndex - 1).should('not.have.css', 'background-color', backgroundColor);\n  cy.get('.pixel').eq(clickedPixelIndex + 1).should('not.have.css', 'background-color', backgroundColor);\n  cy.get('.pixel').eq(clickedPixelIndex - 5).should('not.have.css', 'background-color', backgroundColor);\n  cy.get('.pixel').eq(clickedPixelIndex + 5).should('not.have.css', 'background-color', backgroundColor);\n  cy.get('.pixel').eq(clickedPixelIndex - 6).should('not.have.css', 'background-color', backgroundColor);\n  cy.get('.pixel').eq(clickedPixelIndex - 4).should('not.have.css', 'background-color', backgroundColor);\n  cy.get('.pixel').eq(clickedPixelIndex + 4).should('not.have.css', 'background-color', backgroundColor);\n  cy.get('.pixel').eq(clickedPixelIndex + 6).should('not.have.css', 'background-color', backgroundColor);\n});",
              "err": {
                "message": "CypressError: Timed out retrying: Expected to find element: '.color', but never found it.",
                "estack": "CypressError: Timed out retrying: Expected to find element: '.color', but never found it.\n    at cypressErr (http://localhost:34831/__cypress/runner/cypress_runner.js:149934:9)\n    at throwErr (http://localhost:34831/__cypress/runner/cypress_runner.js:149867:11)\n    at Object.throwErrByPath (http://localhost:34831/__cypress/runner/cypress_runner.js:149915:3)\n    at retry (http://localhost:34831/__cypress/runner/cypress_runner.js:144197:19)\n    at onFailFn (http://localhost:34831/__cypress/runner/cypress_runner.js:132448:16)\n    at tryCatcher (http://localhost:34831/__cypress/runner/cypress_runner.js:167415:23)\n    at Promise._settlePromiseFromHandler (http://localhost:34831/__cypress/runner/cypress_runner.js:165351:31)\n    at Promise._settlePromise (http://localhost:34831/__cypress/runner/cypress_runner.js:165408:18)\n    at Promise._settlePromise0 (http://localhost:34831/__cypress/runner/cypress_runner.js:165453:10)\n    at Promise._settlePromises (http://localhost:34831/__cypress/runner/cypress_runner.js:165528:18)\n    at Async../node_modules/bluebird/js/release/async.js.Async._drainQueue (http://localhost:34831/__cypress/runner/cypress_runner.js:162140:16)\n    at Async../node_modules/bluebird/js/release/async.js.Async._drainQueues (http://localhost:34831/__cypress/runner/cypress_runner.js:162150:10)\n    at Async.drainQueues (http://localhost:34831/__cypress/runner/cypress_runner.js:162024:14)",
                "diff": null
              },
              "uuid": "90618f24-6939-43a9-8fbb-234653093f28",
              "parentUUID": "d4edb70a-1b21-49de-a04d-bdbf41eadabb",
              "isHook": false,
              "skipped": false
            }
          ],
          "suites": [],
          "passes": [],
          "failures": [
            "335d35a5-8a36-4150-a079-a33efa5ba5a8",
            "24682211-0ec1-40c7-8ba5-885b55e4c23f",
            "90618f24-6939-43a9-8fbb-234653093f28"
          ],
          "pending": [],
          "skipped": [],
          "duration": 12816,
          "root": false,
          "rootEmpty": false,
          "_timeout": 2000
        },
        {
          "uuid": "de4f62a4-7b08-4b35-a8fe-672d45c238cf",
          "title": "9 - Crie um botão que, ao ser clicado, limpa o quadro preenchendo a cor de todos seus pixels com branco.",
          "fullFile": "",
          "file": "",
          "beforeHooks": [],
          "afterHooks": [],
          "tests": [
            {
              "title": "Verifica se o botão tem o `id` denominado `clear-board`",
              "fullTitle": "9 - Crie um botão que, ao ser clicado, limpa o quadro preenchendo a cor de todos seus pixels com branco. Verifica se o botão tem o `id` denominado `clear-board`",
              "timedOut": null,
              "duration": 4289,
              "state": "failed",
              "speed": null,
              "pass": false,
              "fail": true,
              "pending": false,
              "context": null,
              "code": "cy.get('#clear-board').should('be.visible');",
              "err": {
                "message": "CypressError: Timed out retrying: Expected to find element: '#clear-board', but never found it.",
                "estack": "CypressError: Timed out retrying: Expected to find element: '#clear-board', but never found it.\n    at cypressErr (http://localhost:34831/__cypress/runner/cypress_runner.js:149934:9)\n    at throwErr (http://localhost:34831/__cypress/runner/cypress_runner.js:149867:11)\n    at Object.throwErrByPath (http://localhost:34831/__cypress/runner/cypress_runner.js:149915:3)\n    at retry (http://localhost:34831/__cypress/runner/cypress_runner.js:144197:19)\n    at onFailFn (http://localhost:34831/__cypress/runner/cypress_runner.js:132448:16)\n    at tryCatcher (http://localhost:34831/__cypress/runner/cypress_runner.js:167415:23)\n    at Promise._settlePromiseFromHandler (http://localhost:34831/__cypress/runner/cypress_runner.js:165351:31)\n    at Promise._settlePromise (http://localhost:34831/__cypress/runner/cypress_runner.js:165408:18)\n    at Promise._settlePromise0 (http://localhost:34831/__cypress/runner/cypress_runner.js:165453:10)\n    at Promise._settlePromises (http://localhost:34831/__cypress/runner/cypress_runner.js:165528:18)\n    at Async../node_modules/bluebird/js/release/async.js.Async._drainQueue (http://localhost:34831/__cypress/runner/cypress_runner.js:162140:16)\n    at Async../node_modules/bluebird/js/release/async.js.Async._drainQueues (http://localhost:34831/__cypress/runner/cypress_runner.js:162150:10)\n    at Async.drainQueues (http://localhost:34831/__cypress/runner/cypress_runner.js:162024:14)",
                "diff": null
              },
              "uuid": "25a7336a-dfb0-417b-a134-e7975d9e3059",
              "parentUUID": "de4f62a4-7b08-4b35-a8fe-672d45c238cf",
              "isHook": false,
              "skipped": false
            },
            {
              "title": "Verifica se o botão está posicionado entre a paleta de cores e o quadro de pixels",
              "fullTitle": "9 - Crie um botão que, ao ser clicado, limpa o quadro preenchendo a cor de todos seus pixels com branco. Verifica se o botão está posicionado entre a paleta de cores e o quadro de pixels",
              "timedOut": null,
              "duration": 4291,
              "state": "failed",
              "speed": null,
              "pass": false,
              "fail": true,
              "pending": false,
              "context": null,
              "code": "cy.get('#color-palette').then(function (palette) {\n  cy.get('#clear-board').should('be.belowOf', palette);\n});\ncy.get('#clear-board').then(function (clearBtn) {\n  cy.get('#pixel-board').should('be.belowOf', clearBtn);\n});",
              "err": {
                "message": "CypressError: Timed out retrying: Expected to find element: '#color-palette', but never found it.",
                "estack": "CypressError: Timed out retrying: Expected to find element: '#color-palette', but never found it.\n    at cypressErr (http://localhost:34831/__cypress/runner/cypress_runner.js:149934:9)\n    at throwErr (http://localhost:34831/__cypress/runner/cypress_runner.js:149867:11)\n    at Object.throwErrByPath (http://localhost:34831/__cypress/runner/cypress_runner.js:149915:3)\n    at retry (http://localhost:34831/__cypress/runner/cypress_runner.js:144197:19)\n    at onFailFn (http://localhost:34831/__cypress/runner/cypress_runner.js:132448:16)\n    at tryCatcher (http://localhost:34831/__cypress/runner/cypress_runner.js:167415:23)\n    at Promise._settlePromiseFromHandler (http://localhost:34831/__cypress/runner/cypress_runner.js:165351:31)\n    at Promise._settlePromise (http://localhost:34831/__cypress/runner/cypress_runner.js:165408:18)\n    at Promise._settlePromise0 (http://localhost:34831/__cypress/runner/cypress_runner.js:165453:10)\n    at Promise._settlePromises (http://localhost:34831/__cypress/runner/cypress_runner.js:165528:18)\n    at Async../node_modules/bluebird/js/release/async.js.Async._drainQueue (http://localhost:34831/__cypress/runner/cypress_runner.js:162140:16)\n    at Async../node_modules/bluebird/js/release/async.js.Async._drainQueues (http://localhost:34831/__cypress/runner/cypress_runner.js:162150:10)\n    at Async.drainQueues (http://localhost:34831/__cypress/runner/cypress_runner.js:162024:14)",
                "diff": null
              },
              "uuid": "1ce73ce3-6ea6-4587-8abe-f92694dd1aaf",
              "parentUUID": "de4f62a4-7b08-4b35-a8fe-672d45c238cf",
              "isHook": false,
              "skipped": false
            },
            {
              "title": "Verifica se o texto do botão é 'Limpar'",
              "fullTitle": "9 - Crie um botão que, ao ser clicado, limpa o quadro preenchendo a cor de todos seus pixels com branco. Verifica se o texto do botão é 'Limpar'",
              "timedOut": null,
              "duration": 4310,
              "state": "failed",
              "speed": null,
              "pass": false,
              "fail": true,
              "pending": false,
              "context": null,
              "code": "cy.get('#clear-board').should('contain.text', 'Limpar');",
              "err": {
                "message": "CypressError: Timed out retrying: Expected to find element: '#clear-board', but never found it.",
                "estack": "CypressError: Timed out retrying: Expected to find element: '#clear-board', but never found it.\n    at cypressErr (http://localhost:34831/__cypress/runner/cypress_runner.js:149934:9)\n    at throwErr (http://localhost:34831/__cypress/runner/cypress_runner.js:149867:11)\n    at Object.throwErrByPath (http://localhost:34831/__cypress/runner/cypress_runner.js:149915:3)\n    at retry (http://localhost:34831/__cypress/runner/cypress_runner.js:144197:19)\n    at onFailFn (http://localhost:34831/__cypress/runner/cypress_runner.js:132448:16)\n    at tryCatcher (http://localhost:34831/__cypress/runner/cypress_runner.js:167415:23)\n    at Promise._settlePromiseFromHandler (http://localhost:34831/__cypress/runner/cypress_runner.js:165351:31)\n    at Promise._settlePromise (http://localhost:34831/__cypress/runner/cypress_runner.js:165408:18)\n    at Promise._settlePromise0 (http://localhost:34831/__cypress/runner/cypress_runner.js:165453:10)\n    at Promise._settlePromises (http://localhost:34831/__cypress/runner/cypress_runner.js:165528:18)\n    at Async../node_modules/bluebird/js/release/async.js.Async._drainQueue (http://localhost:34831/__cypress/runner/cypress_runner.js:162140:16)\n    at Async../node_modules/bluebird/js/release/async.js.Async._drainQueues (http://localhost:34831/__cypress/runner/cypress_runner.js:162150:10)\n    at Async.drainQueues (http://localhost:34831/__cypress/runner/cypress_runner.js:162024:14)",
                "diff": null
              },
              "uuid": "ec3cf6a3-b0e5-473f-9942-8fa5cbd7c0cc",
              "parentUUID": "de4f62a4-7b08-4b35-a8fe-672d45c238cf",
              "isHook": false,
              "skipped": false
            },
            {
              "title": "Verifica se ao clicar no botão, o quadro de pixels é totalmente preenchido de branco",
              "fullTitle": "9 - Crie um botão que, ao ser clicado, limpa o quadro preenchendo a cor de todos seus pixels com branco. Verifica se ao clicar no botão, o quadro de pixels é totalmente preenchido de branco",
              "timedOut": null,
              "duration": 4297,
              "state": "failed",
              "speed": null,
              "pass": false,
              "fail": true,
              "pending": false,
              "context": null,
              "code": "cy.get('.color').eq(1).then(function (color) {\n  var backgroundColor = color.css('background-color');\n  cy.wrap(color).click();\n  cy.get('.pixel').each(function (pixel) {\n    cy.wrap(pixel).click().should('have.css', 'background-color', backgroundColor);\n  });\n});\ncy.get('#clear-board').click();\ncy.get('.pixel').each(function (pixel) {\n  cy.wrap(pixel).should('have.css', 'background-color', WHITE);\n});",
              "err": {
                "message": "CypressError: Timed out retrying: Expected to find element: '.color', but never found it.",
                "estack": "CypressError: Timed out retrying: Expected to find element: '.color', but never found it.\n    at cypressErr (http://localhost:34831/__cypress/runner/cypress_runner.js:149934:9)\n    at throwErr (http://localhost:34831/__cypress/runner/cypress_runner.js:149867:11)\n    at Object.throwErrByPath (http://localhost:34831/__cypress/runner/cypress_runner.js:149915:3)\n    at retry (http://localhost:34831/__cypress/runner/cypress_runner.js:144197:19)\n    at onFailFn (http://localhost:34831/__cypress/runner/cypress_runner.js:132448:16)\n    at tryCatcher (http://localhost:34831/__cypress/runner/cypress_runner.js:167415:23)\n    at Promise._settlePromiseFromHandler (http://localhost:34831/__cypress/runner/cypress_runner.js:165351:31)\n    at Promise._settlePromise (http://localhost:34831/__cypress/runner/cypress_runner.js:165408:18)\n    at Promise._settlePromise0 (http://localhost:34831/__cypress/runner/cypress_runner.js:165453:10)\n    at Promise._settlePromises (http://localhost:34831/__cypress/runner/cypress_runner.js:165528:18)\n    at Async../node_modules/bluebird/js/release/async.js.Async._drainQueue (http://localhost:34831/__cypress/runner/cypress_runner.js:162140:16)\n    at Async../node_modules/bluebird/js/release/async.js.Async._drainQueues (http://localhost:34831/__cypress/runner/cypress_runner.js:162150:10)\n    at Async.drainQueues (http://localhost:34831/__cypress/runner/cypress_runner.js:162024:14)",
                "diff": null
              },
              "uuid": "2f83d18f-8ff9-43d7-b925-668a25589c1e",
              "parentUUID": "de4f62a4-7b08-4b35-a8fe-672d45c238cf",
              "isHook": false,
              "skipped": false
            }
          ],
          "suites": [],
          "passes": [],
          "failures": [
            "25a7336a-dfb0-417b-a134-e7975d9e3059",
            "1ce73ce3-6ea6-4587-8abe-f92694dd1aaf",
            "ec3cf6a3-b0e5-473f-9942-8fa5cbd7c0cc",
            "2f83d18f-8ff9-43d7-b925-668a25589c1e"
          ],
          "pending": [],
          "skipped": [],
          "duration": 17187,
          "root": false,
          "rootEmpty": false,
          "_timeout": 2000
        },
        {
          "uuid": "e2193b9b-f8d3-4bff-b836-ada385f92c83",
          "title": "10 - Faça o quadro de pixels ter seu tamanho definido pelo usuário.",
          "fullFile": "",
          "file": "",
          "beforeHooks": [],
          "afterHooks": [],
          "tests": [
            {
              "title": "Verifica se existe um input com o id `board-size`",
              "fullTitle": "10 - Faça o quadro de pixels ter seu tamanho definido pelo usuário. Verifica se existe um input com o id `board-size`",
              "timedOut": null,
              "duration": 4348,
              "state": "failed",
              "speed": null,
              "pass": false,
              "fail": true,
              "pending": false,
              "context": null,
              "code": "cy.get('#board-size').should('be.visible');",
              "err": {
                "message": "CypressError: Timed out retrying: Expected to find element: '#board-size', but never found it.",
[...]
                "diff": null
              },
              "uuid": "c292e7d7-905a-4b3a-b79a-0a8805835767",
              "parentUUID": "e2193b9b-f8d3-4bff-b836-ada385f92c83",
              "isHook": false,
              "skipped": false
            },
            {
              "title": "Verifica se o novo quadro tem todos os pixels preenchidos com a cor branca",
              "fullTitle": "10 - Faça o quadro de pixels ter seu tamanho definido pelo usuário. Verifica se o novo quadro tem todos os pixels preenchidos com a cor branca",
              "timedOut": null,
              "duration": 4401,
              "state": "failed",
              "speed": null,
              "pass": false,
              "fail": true,
              "pending": false,
              "context": null,
              "code": "cy.get('#board-size').clear().type(6);\ncy.get('#generate-board').click();\ncy.get('.pixel').should('have.length', 36).each(function (pixel) {\n  expect(pixel).to.have.css('background-color', WHITE);\n});",
              "err": {
                "message": "CypressError: Timed out retrying: Expected to find element: '#board-size', but never found it.",
                "estack": "CypressError: Timed out retrying: Expected to find element: '#board-size', but never found it.\n    at cypressErr (http://localhost:34831/__cypress/runner/cypress_runner.js:149934:9)\n    at throwErr (http://localhost:34831/__cypress/runner/cypress_runner.js:149867:11)\n    at Object.throwErrByPath (http://localhost:34831/__cypress/runner/cypress_runner.js:149915:3)\n    at retry (http://localhost:34831/__cypress/runner/cypress_runner.js:144197:19)\n    at onFailFn (http://localhost:34831/__cypress/runner/cypress_runner.js:132448:16)\n    at tryCatcher (http://localhost:34831/__cypress/runner/cypress_runner.js:167415:23)\n    at Promise._settlePromiseFromHandler (http://localhost:34831/__cypress/runner/cypress_runner.js:165351:31)\n    at Promise._settlePromise (http://localhost:34831/__cypress/runner/cypress_runner.js:165408:18)\n    at Promise._settlePromise0 (http://localhost:34831/__cypress/runner/cypress_runner.js:165453:10)\n    at Promise._settlePromises (http://localhost:34831/__cypress/runner/cypress_runner.js:165528:18)\n    at Async../node_modules/bluebird/js/release/async.js.Async._drainQueue (http://localhost:34831/__cypress/runner/cypress_runner.js:162140:16)\n    at Async../node_modules/bluebird/js/release/async.js.Async._drainQueues (http://localhost:34831/__cypress/runner/cypress_runner.js:162150:10)\n    at Async.drainQueues (http://localhost:34831/__cypress/runner/cypress_runner.js:162024:14)",
                "diff": null
              },
              "uuid": "90e9eb5a-becc-40cd-bf9c-364788b1e3ce",
              "parentUUID": "e2193b9b-f8d3-4bff-b836-ada385f92c83",
              "isHook": false,
              "skipped": false
            }
          ],
          "suites": [],
          "passes": [],
          "failures": [
            "46b4ed69-e715-4b4d-90cf-319310d1767b",
            "eb08327e-c34c-4907-b2c0-bb82cf03e150",
            "66703fd0-9b13-4c07-a188-8705c7c89cc5",
            "defa1916-6307-485e-8d4c-497181bb381e",
            "1190c7f3-98cf-4bea-8861-7cd4ca8f5089",
            "d0a64bad-98b5-47ed-b5e1-860b4a757f90",
            "94546318-35ec-4f14-be3c-1a95dcbe3a42",
            "c292e7d7-905a-4b3a-b79a-0a8805835767",
            "90e9eb5a-becc-40cd-bf9c-364788b1e3ce"
          ],
          "pending": [],
          "skipped": [],
          "duration": 38897,
          "root": false,
          "rootEmpty": false,
          "_timeout": 2000
        },
        {
          "uuid": "9596855a-bf39-48b1-89d0-8ab6ec5c938a",
          "title": "11 - Limite o tamanho mínimo e máximo do board.",
          "fullFile": "",
          "file": "",
          "beforeHooks": [],
          "afterHooks": [],
          "tests": [
            {
              "title": "Verifica se a altura máxima do board é 50",
              "fullTitle": "11 - Limite o tamanho mínimo e máximo do board. Verifica se a altura máxima do board é 50",
              "timedOut": null,
              "duration": 4361,
              "state": "failed",
              "speed": null,
              "pass": false,
              "fail": true,
              "pending": false,
              "context": null,
              "code": "cy.get('#board-size').clear().type(50);\ncy.get('#generate-board').click();\ncy.get('.pixel').should('have.length', 2500);",
              "err": {
                "message": "CypressError: Timed out retrying: Expected to find element: '#board-size', but never found it.",
                "estack": "CypressError: Timed out retrying: Expected to find element: '#board-size', but never found it.\n    at cypressErr (http://localhost:34831/__cypress/runner/cypress_runner.js:149934:9)\n    at throwErr (http://localhost:34831/__cypress/runner/cypress_runner.js:149867:11)\n    at Object.throwErrByPath (http://localhost:34831/__cypress/runner/cypress_runner.js:149915:3)\n    at retry (http://localhost:34831/__cypress/runner/cypress_runner.js:144197:19)\n    at onFailFn (http://localhost:34831/__cypress/runner/cypress_runner.js:132448:16)\n    at tryCatcher (http://localhost:34831/__cypress/runner/cypress_runner.js:167415:23)\n    at Promise._settlePromiseFromHandler (http://localhost:34831/__cypress/runner/cypress_runner.js:165351:31)\n    at Promise._settlePromise (http://localhost:34831/__cypress/runner/cypress_runner.js:165408:18)\n    at Promise._settlePromise0 (http://localhost:34831/__cypress/runner/cypress_runner.js:165453:10)\n    at Promise._settlePromises (http://localhost:34831/__cypress/runner/cypress_runner.js:165528:18)\n    at Async../node_modules/bluebird/js/release/async.js.Async._drainQueue (http://localhost:34831/__cypress/runner/cypress_runner.js:162140:16)\n    at Async../node_modules/bluebird/js/release/async.js.Async._drainQueues (http://localhost:34831/__cypress/runner/cypress_runner.js:162150:10)\n    at Async.drainQueues (http://localhost:34831/__cypress/runner/cypress_runner.js:162024:14)",
                "diff": null
              },
              "uuid": "81ef5bcf-6d65-415c-b372-ceb785eac785",
              "parentUUID": "9596855a-bf39-48b1-89d0-8ab6ec5c938a",
              "isHook": false,
              "skipped": false
            },
            {
              "title": "Verifica se a altura do board é 5 quando um valor menor é colocado no input",
              "fullTitle": "11 - Limite o tamanho mínimo e máximo do board. Verifica se a altura do board é 5 quando um valor menor é colocado no input",
              "timedOut": null,
              "duration": 4330,
              "state": "failed",
              "speed": null,
              "pass": false,
              "fail": true,
              "pending": false,
              "context": null,
              "code": "cy.get('#board-size').clear().type(4);\ncy.get('#generate-board').click();\ncy.get('.pixel').should('have.length', 25);",
              "err": {
                "message": "CypressError: Timed out retrying: Expected to find element: '#board-size', but never found it.",
                "estack": "CypressError: Timed out retrying: Expected to find element: '#board-size', but never found it.\n    at cypressErr (http://localhost:34831/__cypress/runner/cypress_runner.js:149934:9)\n    at throwErr (http://localhost:34831/__cypress/runner/cypress_runner.js:149867:11)\n    at Object.throwErrByPath (http://localhost:34831/__cypress/runner/cypress_runner.js:149915:3)\n    at retry (http://localhost:34831/__cypress/runner/cypress_runner.js:144197:19)\n    at onFailFn (http://localhost:34831/__cypress/runner/cypress_runner.js:132448:16)\n    at tryCatcher (http://localhost:34831/__cypress/runner/cypress_runner.js:167415:23)\n    at Promise._settlePromiseFromHandler (http://localhost:34831/__cypress/runner/cypress_runner.js:165351:31)\n    at Promise._settlePromise (http://localhost:34831/__cypress/runner/cypress_runner.js:165408:18)\n    at Promise._settlePromise0 (http://localhost:34831/__cypress/runner/cypress_runner.js:165453:10)\n    at Promise._settlePromises (http://localhost:34831/__cypress/runner/cypress_runner.js:165528:18)\n    at Async../node_modules/bluebird/js/release/async.js.Async._drainQueue (http://localhost:34831/__cypress/runner/cypress_runner.js:162140:16)\n    at Async../node_modules/bluebird/js/release/async.js.Async._drainQueues (http://localhost:34831/__cypress/runner/cypress_runner.js:162150:10)\n    at Async.drainQueues (http://localhost:34831/__cypress/runner/cypress_runner.js:162024:14)",
                "diff": null
              },
              "uuid": "81b12dd9-99b4-43db-a243-a5daa620f32a",
              "parentUUID": "9596855a-bf39-48b1-89d0-8ab6ec5c938a",
              "isHook": false,
              "skipped": false
            },
            {
              "title": "Verifica se a altura do board é 50 quando um valor maior é colocado no input",
              "fullTitle": "11 - Limite o tamanho mínimo e máximo do board. Verifica se a altura do board é 50 quando um valor maior é colocado no input",
              "timedOut": null,
              "duration": 4357,
              "state": "failed",
              "speed": null,
              "pass": false,
              "fail": true,
              "pending": false,
              "context": null,
              "code": "cy.get('#board-size').clear().type(51);\ncy.get('#generate-board').click();\ncy.get('.pixel').should('have.length', 2500);",
              "err": {
                "message": "CypressError: Timed out retrying: Expected to find element: '#board-size', but never found it.",
                "estack": "CypressError: Timed out retrying: Expected to find element: '#board-size', but never found it.\n    at cypressErr (http://localhost:34831/__cypress/runner/cypress_runner.js:149934:9)\n    at throwErr (http://localhost:34831/__cypress/runner/cypress_runner.js:149867:11)\n    at Object.throwErrByPath (http://localhost:34831/__cypress/runner/cypress_runner.js:149915:3)\n    at retry (http://localhost:34831/__cypress/runner/cypress_runner.js:144197:19)\n    at onFailFn (http://localhost:34831/__cypress/runner/cypress_runner.js:132448:16)\n    at tryCatcher (http://localhost:34831/__cypress/runner/cypress_runner.js:167415:23)\n    at Promise._settlePromiseFromHandler (http://localhost:34831/__cypress/runner/cypress_runner.js:165351:31)\n    at Promise._settlePromise (http://localhost:34831/__cypress/runner/cypress_runner.js:165408:18)\n    at Promise._settlePromise0 (http://localhost:34831/__cypress/runner/cypress_runner.js:165453:10)\n    at Promise._settlePromises (http://localhost:34831/__cypress/runner/cypress_runner.js:165528:18)\n    at Async../node_modules/bluebird/js/release/async.js.Async._drainQueue (http://localhost:34831/__cypress/runner/cypress_runner.js:162140:16)\n    at Async../node_modules/bluebird/js/release/async.js.Async._drainQueues (http://localhost:34831/__cypress/runner/cypress_runner.js:162150:10)\n    at Async.drainQueues (http://localhost:34831/__cypress/runner/cypress_runner.js:162024:14)",
                "diff": null
              },
              "uuid": "2acc4a69-b5bf-47d0-b571-0bff39a453a4",
              "parentUUID": "9596855a-bf39-48b1-89d0-8ab6ec5c938a",
              "isHook": false,
              "skipped": false
            }
          ],
          "suites": [],
          "passes": [],
          "failures": [
            "81ef5bcf-6d65-415c-b372-ceb785eac785",
            "81b12dd9-99b4-43db-a243-a5daa620f32a",
            "2acc4a69-b5bf-47d0-b571-0bff39a453a4"
          ],
          "pending": [],
          "skipped": [],
          "duration": 13048,
          "root": false,
          "rootEmpty": false,
          "_timeout": 2000
        },
        {
          "uuid": "6aaceb81-e67c-4411-bd5d-eac3b27791bb",
          "title": "12 - Faça com que as cores da paleta sejam geradas aleatoriamente ao carregar a página.",
          "fullFile": "",
          "file": "",
          "beforeHooks": [],
          "afterHooks": [],
          "tests": [
            {
              "title": "Verifica se as cores geradas na paleta são diferentes a cada carregamento da página",
              "fullTitle": "12 - Faça com que as cores da paleta sejam geradas aleatoriamente ao carregar a página. Verifica se as cores geradas na paleta são diferentes a cada carregamento da página",
              "timedOut": null,
              "duration": 4359,
              "state": "failed",
              "speed": null,
              "pass": false,
              "fail": true,
              "pending": false,
              "context": null,
              "code": "cy.get('.color').then(function (colors) {\n  var currentColors;\n  var previousColors;\n  previousColors = Array.from(colors).map(function (color) {\n    return Cypress.$(color).css('background-color');\n  });\n  for (var i = 0; i < 5; i += 1) {\n    cy.reload();\n    cy.get('.color').then(function (colors) {\n      currentColors = Array.from(colors).map(function (color) {\n        return Cypress.$(color).css('background-color');\n      });\n      expect(currentColors).not.to.deep.equal(previousColors);\n      previousColors = currentColors;\n    });\n  }\n});",
              "err": {
                "message": "CypressError: Timed out retrying: Expected to find element: '.color', but never found it.",
                "estack": "CypressError: Timed out retrying: Expected to find element: '.color', but never found it.\n    at cypressErr (http://localhost:34831/__cypress/runner/cypress_runner.js:149934:9)\n    at throwErr (http://localhost:34831/__cypress/runner/cypress_runner.js:149867:11)\n    at Object.throwErrByPath (http://localhost:34831/__cypress/runner/cypress_runner.js:149915:3)\n    at retry (http://localhost:34831/__cypress/runner/cypress_runner.js:144197:19)\n    at onFailFn (http://localhost:34831/__cypress/runner/cypress_runner.js:132448:16)\n    at tryCatcher (http://localhost:34831/__cypress/runner/cypress_runner.js:167415:23)\n    at Promise._settlePromiseFromHandler (http://localhost:34831/__cypress/runner/cypress_runner.js:165351:31)\n    at Promise._settlePromise (http://localhost:34831/__cypress/runner/cypress_runner.js:165408:18)\n    at Promise._settlePromise0 (http://localhost:34831/__cypress/runner/cypress_runner.js:165453:10)\n    at Promise._settlePromises (http://localhost:34831/__cypress/runner/cypress_runner.js:165528:18)\n    at Async../node_modules/bluebird/js/release/async.js.Async._drainQueue (http://localhost:34831/__cypress/runner/cypress_runner.js:162140:16)\n    at Async../node_modules/bluebird/js/release/async.js.Async._drainQueues (http://localhost:34831/__cypress/runner/cypress_runner.js:162150:10)\n    at Async.drainQueues (http://localhost:34831/__cypress/runner/cypress_runner.js:162024:14)",
                "diff": null
              },
              "uuid": "159cf523-0937-4d82-aa83-b364391f80c0",
              "parentUUID": "6aaceb81-e67c-4411-bd5d-eac3b27791bb",
              "isHook": false,
              "skipped": false
            },
            {
              "title": "Verifica se a cor preta ainda está presente e é a primeira na sua paleta de cores",
              "fullTitle": "12 - Faça com que as cores da paleta sejam geradas aleatoriamente ao carregar a página. Verifica se a cor preta ainda está presente e é a primeira na sua paleta de cores",
              "timedOut": null,
              "duration": 4347,
              "state": "failed",
              "speed": null,
              "pass": false,
              "fail": true,
              "pending": false,
              "context": null,
              "code": "cy.get('.color').then(function (colors) {\n  var currentColors;\n  var previousColors;\n  previousColors = Array.from(colors).map(function (color) {\n    return Cypress.$(color).css('background-color');\n  });\n  expect(previousColors[0]).to.eq(BLACK);\n  for (var i = 0; i < 5; i += 1) {\n    cy.reload();\n    cy.get('.color').then(function (colors) {\n      currentColors = Array.from(colors).map(function (color) {\n        return Cypress.$(color).css('background-color');\n      });\n      expect(currentColors[0]).to.eq(BLACK);\n      expect(currentColors).not.to.deep.equal(previousColors);\n      previousColors = currentColors;\n    });\n  }\n});",
              "err": {
                "message": "CypressError: Timed out retrying: Expected to find element: '.color', but never found it.",
                "estack": "CypressError: Timed out retrying: Expected to find element: '.color', but never found it.\n    at cypressErr (http://localhost:34831/__cypress/runner/cypress_runner.js:149934:9)\n    at throwErr (http://localhost:34831/__cypress/runner/cypress_runner.js:149867:11)\n    at Object.throwErrByPath (http://localhost:34831/__cypress/runner/cypress_runner.js:149915:3)\n    at retry (http://localhost:34831/__cypress/runner/cypress_runner.js:144197:19)\n    at onFailFn (http://localhost:34831/__cypress/runner/cypress_runner.js:132448:16)\n    at tryCatcher (http://localhost:34831/__cypress/runner/cypress_runner.js:167415:23)\n    at Promise._settlePromiseFromHandler (http://localhost:34831/__cypress/runner/cypress_runner.js:165351:31)\n    at Promise._settlePromise (http://localhost:34831/__cypress/runner/cypress_runner.js:165408:18)\n    at Promise._settlePromise0 (http://localhost:34831/__cypress/runner/cypress_runner.js:165453:10)\n    at Promise._settlePromises (http://localhost:34831/__cypress/runner/cypress_runner.js:165528:18)\n    at Async../node_modules/bluebird/js/release/async.js.Async._drainQueue (http://localhost:34831/__cypress/runner/cypress_runner.js:162140:16)\n    at Async../node_modules/bluebird/js/release/async.js.Async._drainQueues (http://localhost:34831/__cypress/runner/cypress_runner.js:162150:10)\n    at Async.drainQueues (http://localhost:34831/__cypress/runner/cypress_runner.js:162024:14)",
                "diff": null
              },
              "uuid": "21f1064b-e2d8-4218-abd8-ac5beefb8c41",
              "parentUUID": "6aaceb81-e67c-4411-bd5d-eac3b27791bb",
              "isHook": false,
              "skipped": false
            }
          ],
          "suites": [],
          "passes": [],
          "failures": [
            "159cf523-0937-4d82-aa83-b364391f80c0",
            "21f1064b-e2d8-4218-abd8-ac5beefb8c41"
          ],
          "pending": [],
          "skipped": [],
          "duration": 8706,
          "root": false,
          "rootEmpty": false,
          "_timeout": 2000
        }
      ],
      "passes": [],
      "failures": [],
      "pending": [],
      "skipped": [],
      "duration": 0,
      "root": true,
      "rootEmpty": true,
      "_timeout": 2000
    }
  ],
  "meta": {
    "mocha": {
      "version": "7.0.1"
    },
    "mochawesome": {
      "options": {
        "quiet": false,
        "reportFilename": "mochawesome",
        "saveHtml": false,
        "saveJson": true,
        "consoleReporter": "spec",
        "useInlineDiffs": false
      },
      "version": "4.1.0"
    },
    "marge": {
      "options": {
        "id": "default",
        "reportDir": "cypress/reports",
        "overwrite": true,
        "html": false,
        "json": true
      },
      "version": "4.1.0"
    }
  }
}