{
  "stats": {
    "suites": 12,
    "tests": 41,
    "passes": 23,
    "pending": 0,
    "failures": 18,
    "start": "2022-02-16T00:26:10.496Z",
    "end": "2022-02-16T00:27:49.705Z",
    "duration": 99209,
    "testsRegistered": 41,
    "passPercent": 56.09756097560976,
    "pendingPercent": 0,
    "other": 0,
    "hasOther": false,
    "skipped": 0,
    "hasSkipped": false
  },
  "results": [
    {
      "uuid": "61b15492-c90b-4724-9d21-48d79a58fe18",
      "title": "",
      "fullFile": "cypress/integration/project.spec.js",
      "file": "cypress/integration/project.spec.js",
      "beforeHooks": [],
      "afterHooks": [],
      "tests": [],
      "suites": [
        {
          "uuid": "ed1ff6df-c28e-457c-91a8-ec4782e82276",
          "title": "1 - Adicione à página o título \"Paleta de Cores\".",
          "fullFile": "",
          "file": "",
          "beforeHooks": [],
          "afterHooks": [],
          "tests": [
            {
              "title": "Verifica se contém um elemento `h1` com o id `title` com o título correto",
              "fullTitle": "1 - Adicione à página o título \"Paleta de Cores\". Verifica se contém um elemento `h1` com o id `title` com o título correto",
              "timedOut": null,
              "duration": 189,
              "state": "passed",
              "speed": "slow",
              "pass": true,
              "fail": false,
              "pending": false,
              "context": null,
              "code": "cy.get('h1#title').should('contain.text', 'Paleta de Cores');",
              "err": {},
              "uuid": "4195135b-ae2e-4c78-bfb2-443cb7f4488e",
              "parentUUID": "ed1ff6df-c28e-457c-91a8-ec4782e82276",
              "isHook": false,
              "skipped": false
            }
          ],
          "suites": [],
          "passes": [
            "4195135b-ae2e-4c78-bfb2-443cb7f4488e"
          ],
          "failures": [],
          "pending": [],
          "skipped": [],
          "duration": 189,
          "root": false,
          "rootEmpty": false,
          "_timeout": 2000
        },
        {
          "uuid": "a69f84a5-faba-40ab-87fa-df005a91c759",
          "title": "2 - Adicione à página uma paleta de quatro cores distintas.",
          "fullFile": "",
          "file": "",
          "beforeHooks": [],
          "afterHooks": [],
          "tests": [
            {
              "title": "A paleta de cores deve ser um elemento com `id` denominado `color-palette` e ter mais de 0px de altura e de largura.",
              "fullTitle": "2 - Adicione à página uma paleta de quatro cores distintas. A paleta de cores deve ser um elemento com `id` denominado `color-palette` e ter mais de 0px de altura e de largura.",
              "timedOut": null,
              "duration": 115,
              "state": "passed",
              "speed": "slow",
              "pass": true,
              "fail": false,
              "pending": false,
              "context": null,
              "code": "cy.get('#color-palette').should('be.visible');\ncy.get('#color-palette').children('.color');",
              "err": {},
              "uuid": "c9b86bd9-de3b-4adb-b4c6-efdb9dd43fdb",
              "parentUUID": "a69f84a5-faba-40ab-87fa-df005a91c759",
              "isHook": false,
              "skipped": false
            },
            {
              "title": "Verifica se cada cor individual da paleta de cores possui a `classe` chamada `color`.",
              "fullTitle": "2 - Adicione à página uma paleta de quatro cores distintas. Verifica se cada cor individual da paleta de cores possui a `classe` chamada `color`.",
              "timedOut": null,
              "duration": 129,
              "state": "passed",
              "speed": "slow",
              "pass": true,
              "fail": false,
              "pending": false,
              "context": null,
              "code": "cy.get('.color').should('have.length', 4).then(function (colors) {\n  for (var i = 0; i < colors.length; i++) {\n    cy.wrap(colors[i]).should('be.visible');\n  }\n});",
              "err": {},
              "uuid": "7618f6c1-ac12-48e9-ae21-053e85e70a54",
              "parentUUID": "a69f84a5-faba-40ab-87fa-df005a91c759",
              "isHook": false,
              "skipped": false
            },
            {
              "title": "Verifica se a cor de fundo de cada elemento da paleta é a cor que o elemento representa. **A única cor não permitida na paleta é a cor branca.**",
              "fullTitle": "2 - Adicione à página uma paleta de quatro cores distintas. Verifica se a cor de fundo de cada elemento da paleta é a cor que o elemento representa. **A única cor não permitida na paleta é a cor branca.**",
              "timedOut": null,
              "duration": 111,
              "state": "passed",
              "speed": "slow",
              "pass": true,
              "fail": false,
              "pending": false,
              "context": null,
              "code": "cy.get('.color').each(function (color) {\n  cy.wrap(color).should('have.class', 'color').and('not.have.css', 'background-color', WHITE);\n  cy.wrap(color).should('have.css', 'background-color');\n});",
              "err": {},
              "uuid": "7e4c829a-3f90-4ea6-a89a-ad96c7d7a525",
              "parentUUID": "a69f84a5-faba-40ab-87fa-df005a91c759",
              "isHook": false,
              "skipped": false
            },
            {
              "title": "Verifica se cada elemento da paleta de cores tem uma borda preta, sólida e com 1 pixel de largura;",
              "fullTitle": "2 - Adicione à página uma paleta de quatro cores distintas. Verifica se cada elemento da paleta de cores tem uma borda preta, sólida e com 1 pixel de largura;",
              "timedOut": null,
              "duration": 150,
              "state": "passed",
              "speed": "slow",
              "pass": true,
              "fail": false,
              "pending": false,
              "context": null,
              "code": "cy.get('.color').each(function (color) {\n  cy.wrap(color).and('have.css', 'border', \"1px solid \".concat(BLACK)).and('have.class', 'color');\n});",
              "err": {},
              "uuid": "e5ace268-e6e9-4fca-888b-3cf6a6d7ec9c",
              "parentUUID": "a69f84a5-faba-40ab-87fa-df005a91c759",
              "isHook": false,
              "skipped": false
            },
            {
              "title": "Verifica se a paleta lista todas as cores disponíveis para utilização, lado a lado.",
              "fullTitle": "2 - Adicione à página uma paleta de quatro cores distintas. Verifica se a paleta lista todas as cores disponíveis para utilização, lado a lado.",
              "timedOut": null,
              "duration": 129,
              "state": "passed",
              "speed": "slow",
              "pass": true,
              "fail": false,
              "pending": false,
              "context": null,
              "code": "cy.get('.color').then(function (colors) {\n  for (var index = 1; index < colors.length; index += 1) {\n    var currentColor = colors[index];\n    var previousColor = colors[index - 1];\n    cy.wrap(currentColor).should('be.onTheRightOf', previousColor).and('be.horizontallyAlignedWith', previousColor);\n  }\n});",
              "err": {},
              "uuid": "32a8c0de-e45b-42e7-a9c0-0bea2476c5a6",
              "parentUUID": "a69f84a5-faba-40ab-87fa-df005a91c759",
              "isHook": false,
              "skipped": false
            },
            {
              "title": "Verifica se a paleta de cores está posicionada abaixo do título 'Paleta de Cores'",
              "fullTitle": "2 - Adicione à página uma paleta de quatro cores distintas. Verifica se a paleta de cores está posicionada abaixo do título 'Paleta de Cores'",
              "timedOut": null,
              "duration": 113,
              "state": "passed",
              "speed": "slow",
              "pass": true,
              "fail": false,
              "pending": false,
              "context": null,
              "code": "cy.get('h1#title').then(function (title) {\n  cy.get('#color-palette').should('be.belowOf', title);\n});",
              "err": {},
              "uuid": "d7731b82-1bfd-4184-a16b-4a1a595970db",
              "parentUUID": "a69f84a5-faba-40ab-87fa-df005a91c759",
              "isHook": false,
              "skipped": false
            },
            {
              "title": "Verifica se a paleta de cores não contém cores repetidas.",
              "fullTitle": "2 - Adicione à página uma paleta de quatro cores distintas. Verifica se a paleta de cores não contém cores repetidas.",
              "timedOut": null,
              "duration": 85,
              "state": "passed",
              "speed": "slow",
              "pass": true,
              "fail": false,
              "pending": false,
              "context": null,
              "code": "cy.get('.color').then(function (colors) {\n  var allColors = Array.from(colors).map(function (color) {\n    return Cypress.$(color).css('background-color');\n  });\n  cy.log(allColors);\n  var uniqColors = (0, _toConsumableArray2[\"default\"])(new Set(allColors));\n  cy.log(uniqColors);\n  expect(allColors.length).to.eq(uniqColors.length);\n});",
              "err": {},
              "uuid": "7381eae5-cb71-451c-bd33-fc34bfe8cdb2",
              "parentUUID": "a69f84a5-faba-40ab-87fa-df005a91c759",
              "isHook": false,
              "skipped": false
            }
          ],
          "suites": [],
          "passes": [
            "c9b86bd9-de3b-4adb-b4c6-efdb9dd43fdb",
            "7618f6c1-ac12-48e9-ae21-053e85e70a54",
            "7e4c829a-3f90-4ea6-a89a-ad96c7d7a525",
            "e5ace268-e6e9-4fca-888b-3cf6a6d7ec9c",
            "32a8c0de-e45b-42e7-a9c0-0bea2476c5a6",
            "d7731b82-1bfd-4184-a16b-4a1a595970db",
            "7381eae5-cb71-451c-bd33-fc34bfe8cdb2"
          ],
          "failures": [],
          "pending": [],
          "skipped": [],
          "duration": 832,
          "root": false,
          "rootEmpty": false,
          "_timeout": 2000
        },
        {
          "uuid": "4760fa98-a062-41bf-84cf-5fcfb350d593",
          "title": "3 - Adicione a cor **preta** como a primeira cor da paleta de cores.",
          "fullFile": "",
          "file": "",
          "beforeHooks": [],
          "afterHooks": [],
          "tests": [
            {
              "title": "Verifica se a primeira cor da paleta é preta",
              "fullTitle": "3 - Adicione a cor **preta** como a primeira cor da paleta de cores. Verifica se a primeira cor da paleta é preta",
              "timedOut": null,
              "duration": 100,
              "state": "passed",
              "speed": "slow",
              "pass": true,
              "fail": false,
              "pending": false,
              "context": null,
              "code": "cy.get('.color').first().should('have.css', 'background-color', BLACK);",
              "err": {},
              "uuid": "6bc025fa-accf-418f-8f1c-59f852177a3b",
              "parentUUID": "4760fa98-a062-41bf-84cf-5fcfb350d593",
              "isHook": false,
              "skipped": false
            },
            {
              "title": "Verifica se as demais cores podem ser escolhidas livremente.",
              "fullTitle": "3 - Adicione a cor **preta** como a primeira cor da paleta de cores. Verifica se as demais cores podem ser escolhidas livremente.",
              "timedOut": null,
              "duration": 157,
              "state": "passed",
              "speed": "slow",
              "pass": true,
              "fail": false,
              "pending": false,
              "context": null,
              "code": "cy.get('.color').eq(1).should('not.have.css', 'background-color', BLACK);\ncy.get('.color').eq(1).should('not.have.css', 'background-color', WHITE);\ncy.get('.color').eq(1).should('not.have.css', 'background-color', 'rgba(0, 0, 0, 0)');\ncy.get('.color').eq(1).should('have.css', 'background-color');\ncy.get('.color').eq(2).should('not.have.css', 'background-color', BLACK);\ncy.get('.color').eq(2).should('not.have.css', 'background-color', WHITE);\ncy.get('.color').eq(2).should('not.have.css', 'background-color', 'rgba(0, 0, 0, 0)');\ncy.get('.color').eq(2).should('have.css', 'background-color');\ncy.get('.color').eq(3).should('not.have.css', 'background-color', BLACK);\ncy.get('.color').eq(3).should('not.have.css', 'background-color', WHITE);\ncy.get('.color').eq(3).should('not.have.css', 'background-color', 'rgba(0, 0, 0, 0)');\ncy.get('.color').eq(3).should('have.css', 'background-color');",
              "err": {},
              "uuid": "35545680-7c9a-4046-b87c-1524c4aca013",
              "parentUUID": "4760fa98-a062-41bf-84cf-5fcfb350d593",
              "isHook": false,
              "skipped": false
            }
          ],
          "suites": [],
          "passes": [
            "6bc025fa-accf-418f-8f1c-59f852177a3b",
            "35545680-7c9a-4046-b87c-1524c4aca013"
          ],
          "failures": [],
          "pending": [],
          "skipped": [],
          "duration": 257,
          "root": false,
          "rootEmpty": false,
          "_timeout": 2000
        },
        {
          "uuid": "482df571-ae48-47c1-b85f-caae48893dd6",
          "title": "4 - Adicione à página um quadro de pixels, com 25 pixels.",
          "fullFile": "",
          "file": "",
          "beforeHooks": [],
          "afterHooks": [],
          "tests": [
            {
              "title": "Verifica se o quadro de pixels possui o `id` denominado `pixel-board`",
              "fullTitle": "4 - Adicione à página um quadro de pixels, com 25 pixels. Verifica se o quadro de pixels possui o `id` denominado `pixel-board`",
              "timedOut": null,
              "duration": 96,
              "state": "passed",
              "speed": "slow",
              "pass": true,
              "fail": false,
              "pending": false,
              "context": null,
              "code": "cy.get('#pixel-board').should('be.visible');",
              "err": {},
              "uuid": "d17fce18-5d7a-45ec-8667-a37453e0c1b5",
              "parentUUID": "482df571-ae48-47c1-b85f-caae48893dd6",
              "isHook": false,
              "skipped": false
            },
            {
              "title": "Verifica se cada pixel individual dentro do quadro possui a `classe` denominada `pixel`.",
              "fullTitle": "4 - Adicione à página um quadro de pixels, com 25 pixels. Verifica se cada pixel individual dentro do quadro possui a `classe` denominada `pixel`.",
              "timedOut": null,
              "duration": 123,
              "state": "passed",
              "speed": "slow",
              "pass": true,
              "fail": false,
              "pending": false,
              "context": null,
              "code": "cy.get('.pixel').should('have.length', 25);",
              "err": {},
              "uuid": "c5a76c64-62f5-4ca4-b2d5-125979760c17",
              "parentUUID": "482df571-ae48-47c1-b85f-caae48893dd6",
              "isHook": false,
              "skipped": false
            },
            {
              "title": "Verifica se a cor inicial dos pixels dentro do quadro, ao abrir a página, é branca.",
              "fullTitle": "4 - Adicione à página um quadro de pixels, com 25 pixels. Verifica se a cor inicial dos pixels dentro do quadro, ao abrir a página, é branca.",
              "timedOut": null,
              "duration": 169,
              "state": "passed",
              "speed": "slow",
              "pass": true,
              "fail": false,
              "pending": false,
              "context": null,
              "code": "cy.get('.pixel').should('have.length', 25).each(function (pixel) {\n  expect(pixel).to.have.css('background-color', WHITE);\n});",
              "err": {},
              "uuid": "dc15c6d5-bf3a-4b26-9d36-0b8e11161224",
              "parentUUID": "482df571-ae48-47c1-b85f-caae48893dd6",
              "isHook": false,
              "skipped": false
            },
            {
              "title": "Verifica se o quadro de pixels aparece abaixo da paleta de cores",
              "fullTitle": "4 - Adicione à página um quadro de pixels, com 25 pixels. Verifica se o quadro de pixels aparece abaixo da paleta de cores",
              "timedOut": null,
              "duration": 94,
              "state": "passed",
              "speed": "slow",
              "pass": true,
              "fail": false,
              "pending": false,
              "context": null,
              "code": "cy.get('#color-palette').then(function (palette) {\n  cy.get('#pixel-board').should('be.belowOf', palette);\n});",
              "err": {},
              "uuid": "22140328-56cb-40df-8d44-5a787c4667bf",
              "parentUUID": "482df571-ae48-47c1-b85f-caae48893dd6",
              "isHook": false,
              "skipped": false
            }
          ],
          "suites": [],
          "passes": [
            "d17fce18-5d7a-45ec-8667-a37453e0c1b5",
            "c5a76c64-62f5-4ca4-b2d5-125979760c17",
            "dc15c6d5-bf3a-4b26-9d36-0b8e11161224",
            "22140328-56cb-40df-8d44-5a787c4667bf"
          ],
          "failures": [],
          "pending": [],
          "skipped": [],
          "duration": 482,
          "root": false,
          "rootEmpty": false,
          "_timeout": 2000
        },
        {
          "uuid": "8d524c08-6aa9-4385-be19-4446f8929f22",
          "title": "5 - Faça com que cada elemento do quadro de pixels possua 40 pixels de largura, 40 pixels de altura e seja delimitado por uma borda preta de 1 pixel.",
          "fullFile": "",
          "file": "",
          "beforeHooks": [],
          "afterHooks": [],
          "tests": [
            {
              "title": "Verifica se o quadro de pixels tem altura e comprimento de 5 elementos",
              "fullTitle": "5 - Faça com que cada elemento do quadro de pixels possua 40 pixels de largura, 40 pixels de altura e seja delimitado por uma borda preta de 1 pixel. Verifica se o quadro de pixels tem altura e comprimento de 5 elementos",
              "timedOut": null,
              "duration": 278,
              "state": "passed",
              "speed": "slow",
              "pass": true,
              "fail": false,
              "pending": false,
              "context": null,
              "code": "cy.get('.pixel').should('have.length', 25).each(function (pixel) {\n  expect(pixel).to.have.css('background-color', WHITE);\n}).and(function (pixels) {\n  var rows = chunk(pixels, 5);\n  rows.forEach(function (row) {\n    for (var index = 1; index < row.length; index += 1) {\n      var current = pixels[index];\n      var previous = pixels[index - 1];\n      cy.wrap(current).should('be.onTheRightOf', previous).and('be.horizontallyAlignedWith', previous);\n    }\n  });\n  for (var index = 1; index < 5; index += 1) {\n    expect(pixels[index * 5]).to.be.belowOf(pixels[(index - 1) * 5]);\n  }\n});",
              "err": {},
              "uuid": "245c9005-947d-4b9e-9f01-44f96dd04396",
              "parentUUID": "8d524c08-6aa9-4385-be19-4446f8929f22",
              "isHook": false,
              "skipped": false
            },
            {
              "title": "Verifica se 40 pixels é o tamanho total do elemento, incluindo seu conteúdo e excluindo a borda preta, que deve ser criada à parte.",
              "fullTitle": "5 - Faça com que cada elemento do quadro de pixels possua 40 pixels de largura, 40 pixels de altura e seja delimitado por uma borda preta de 1 pixel. Verifica se 40 pixels é o tamanho total do elemento, incluindo seu conteúdo e excluindo a borda preta, que deve ser criada à parte.",
              "timedOut": null,
              "duration": 267,
              "state": "passed",
              "speed": "slow",
              "pass": true,
              "fail": false,
              "pending": false,
              "context": null,
              "code": "cy.get('.pixel').each(function (pixel) {\n  cy.wrap(pixel).should('have.css', 'height', '40px').and('have.css', 'width', '40px').and('have.css', 'border', \"1px solid \".concat(BLACK));\n});",
              "err": {},
              "uuid": "7a76b2c7-5f23-4432-b4e1-0532885a5b24",
              "parentUUID": "8d524c08-6aa9-4385-be19-4446f8929f22",
              "isHook": false,
              "skipped": false
            }
          ],
          "suites": [],
          "passes": [
            "245c9005-947d-4b9e-9f01-44f96dd04396",
            "7a76b2c7-5f23-4432-b4e1-0532885a5b24"
          ],
          "failures": [],
          "pending": [],
          "skipped": [],
          "duration": 545,
          "root": false,
          "rootEmpty": false,
          "_timeout": 2000
        },
        {
          "uuid": "3c28ec0c-c7c5-4bc3-886c-d4f6a0ae00f5",
          "title": "6 - Defina a cor preta como cor inicial. Ao carregar a página a cor preta já deve estar selecionada para pintar os pixels",
          "fullFile": "",
          "file": "",
          "beforeHooks": [],
          "afterHooks": [],
          "tests": [
            {
              "title": "Verifica se o elemento da cor preta possui, inicialmente, a `classe` `selected`",
              "fullTitle": "6 - Defina a cor preta como cor inicial. Ao carregar a página a cor preta já deve estar selecionada para pintar os pixels Verifica se o elemento da cor preta possui, inicialmente, a `classe` `selected`",
              "timedOut": null,
              "duration": 66,
              "state": "passed",
              "speed": "medium",
              "pass": true,
              "fail": false,
              "pending": false,
              "context": null,
              "code": "cy.get('.selected').first().should('have.css', 'background-color', BLACK);",
              "err": {},
              "uuid": "e56e278b-cd65-4211-b758-a509023088b2",
              "parentUUID": "3c28ec0c-c7c5-4bc3-886c-d4f6a0ae00f5",
              "isHook": false,
              "skipped": false
            },
            {
              "title": "Verifica se nenhuma outra cor da paleta tem a `classe` `selected`",
              "fullTitle": "6 - Defina a cor preta como cor inicial. Ao carregar a página a cor preta já deve estar selecionada para pintar os pixels Verifica se nenhuma outra cor da paleta tem a `classe` `selected`",
              "timedOut": null,
              "duration": 104,
              "state": "passed",
              "speed": "slow",
              "pass": true,
              "fail": false,
              "pending": false,
              "context": null,
              "code": "cy.get('.color:not(:first-child)').each(function (color) {\n  cy.wrap(color).should('not.have.class', 'selected');\n});",
              "err": {},
              "uuid": "4102dd5d-5dce-4632-b180-227bc93c32fc",
              "parentUUID": "3c28ec0c-c7c5-4bc3-886c-d4f6a0ae00f5",
              "isHook": false,
              "skipped": false
            }
          ],
          "suites": [],
          "passes": [
            "e56e278b-cd65-4211-b758-a509023088b2",
            "4102dd5d-5dce-4632-b180-227bc93c32fc"
          ],
          "failures": [],
          "pending": [],
          "skipped": [],
          "duration": 170,
          "root": false,
          "rootEmpty": false,
          "_timeout": 2000
        },
        {
          "uuid": "657422b5-1621-4d43-aff8-171ba8a21f50",
          "title": "7 - Clicar em uma das cores da paleta, faz com que ela seja selecionada e utilizada para preencher os pixels no quadro.",
          "fullFile": "",
          "file": "",
          "beforeHooks": [],
          "afterHooks": [],
          "tests": [
            {
              "title": "Verifica se somente uma cor da paleta de cores tem a classe `selected` de cada vez",
              "fullTitle": "7 - Clicar em uma das cores da paleta, faz com que ela seja selecionada e utilizada para preencher os pixels no quadro. Verifica se somente uma cor da paleta de cores tem a classe `selected` de cada vez",
              "timedOut": null,
              "duration": 480,
              "state": "passed",
              "speed": "slow",
              "pass": true,
              "fail": false,
              "pending": false,
              "context": null,
              "code": "cy.get('.color').each(function (selectedColor, selectedColorIndex) {\n  cy.wrap(selectedColor).click();\n  cy.get('.color').each(function (color, colorIndex) {\n    if (colorIndex === selectedColorIndex) {\n      expect(color).to.have[\"class\"]('selected');\n    } else {\n      expect(color).not.to.have[\"class\"]('selected');\n    }\n  });\n});",
              "err": {},
              "uuid": "a86fa624-e794-4280-a11f-f2239cb79b07",
              "parentUUID": "657422b5-1621-4d43-aff8-171ba8a21f50",
              "isHook": false,
              "skipped": false
            },
            {
              "title": "Verifica se os pixels dentro do quadro não têm a classe `selected` quando são clicados",
              "fullTitle": "7 - Clicar em uma das cores da paleta, faz com que ela seja selecionada e utilizada para preencher os pixels no quadro. Verifica se os pixels dentro do quadro não têm a classe `selected` quando são clicados",
              "timedOut": null,
              "duration": 8804,
              "state": "passed",
              "speed": "slow",
              "pass": true,
              "fail": false,
              "pending": false,
              "context": null,
              "code": "cy.get('.color').each(function (color) {\n  var backgroundColor = color.css('background-color');\n  cy.wrap(color).click();\n  cy.get('.pixel').each(function (pixel) {\n    cy.wrap(pixel).click().should('not.have.class', 'selected');\n  });\n});",
              "err": {},
              "uuid": "85d65b2f-f8a1-49b2-a06e-2268d626473e",
              "parentUUID": "657422b5-1621-4d43-aff8-171ba8a21f50",
              "isHook": false,
              "skipped": false
            }
          ],
          "suites": [],
          "passes": [
            "a86fa624-e794-4280-a11f-f2239cb79b07",
            "85d65b2f-f8a1-49b2-a06e-2268d626473e"
          ],
          "failures": [],
          "pending": [],
          "skipped": [],
          "duration": 9284,
          "root": false,
          "rootEmpty": false,
          "_timeout": 2000
        },
        {
          "uuid": "3800f7f1-acdd-4452-8870-d9323774be2d",
          "title": "8 - Clicar em um pixel dentro do quadro após selecionar uma cor na paleta, faz com que o pixel seja preenchido com a cor selecionada.",
          "fullFile": "",
          "file": "",
          "beforeHooks": [],
          "afterHooks": [],
          "tests": [
            {
              "title": "Verifica se ao carregar a página deve ser possível pintar os pixels de preto",
              "fullTitle": "8 - Clicar em um pixel dentro do quadro após selecionar uma cor na paleta, faz com que o pixel seja preenchido com a cor selecionada. Verifica se ao carregar a página deve ser possível pintar os pixels de preto",
              "timedOut": null,
              "duration": 2286,
              "state": "passed",
              "speed": "slow",
              "pass": true,
              "fail": false,
              "pending": false,
              "context": null,
              "code": "cy.get('.pixel').each(function (pixel) {\n  cy.wrap(pixel).click().should('have.css', 'background-color', BLACK);\n});",
              "err": {},
              "uuid": "6b55183d-b13c-40c1-9a4c-b7802ab30f53",
              "parentUUID": "3800f7f1-acdd-4452-8870-d9323774be2d",
              "isHook": false,
              "skipped": false
            },
            {
              "title": "Verifica se após selecionar uma outra cor na paleta, é possível pintar os pixels com essa cor",
              "fullTitle": "8 - Clicar em um pixel dentro do quadro após selecionar uma cor na paleta, faz com que o pixel seja preenchido com a cor selecionada. Verifica se após selecionar uma outra cor na paleta, é possível pintar os pixels com essa cor",
              "timedOut": null,
              "duration": 8808,
              "state": "passed",
              "speed": "slow",
              "pass": true,
              "fail": false,
              "pending": false,
              "context": null,
              "code": "cy.get('.color').each(function (color) {\n  var backgroundColor = color.css('background-color');\n  cy.wrap(color).click();\n  cy.get('.pixel').each(function (pixel) {\n    cy.wrap(pixel).click().should('have.css', 'background-color', backgroundColor);\n  });\n});",
              "err": {},
              "uuid": "eeda8929-0e00-4e9c-87cf-e720bbb47f0b",
              "parentUUID": "3800f7f1-acdd-4452-8870-d9323774be2d",
              "isHook": false,
              "skipped": false
            },
            {
              "title": "Verifica se somente o pixel que foi clicado foi preenchido com a cor selecionada, sem influenciar na cor dos demais pixels.",
              "fullTitle": "8 - Clicar em um pixel dentro do quadro após selecionar uma cor na paleta, faz com que o pixel seja preenchido com a cor selecionada. Verifica se somente o pixel que foi clicado foi preenchido com a cor selecionada, sem influenciar na cor dos demais pixels.",
              "timedOut": null,
              "duration": 1894,
              "state": "passed",
              "speed": "slow",
              "pass": true,
              "fail": false,
              "pending": false,
              "context": null,
              "code": "var colorToPixelIndexMap = {\n  0: 6,\n  1: 8,\n  2: 16,\n  3: 18\n};\ncy.get('.color').each(function (color, index) {\n  cy.wrap(color).click();\n  var backgroundColor = color.css('background-color');\n  var clickedPixelIndex = colorToPixelIndexMap[index];\n  cy.get('.pixel').eq(clickedPixelIndex).click();\n  cy.get('.pixel').eq(clickedPixelIndex - 1).should('not.have.css', 'background-color', backgroundColor);\n  cy.get('.pixel').eq(clickedPixelIndex + 1).should('not.have.css', 'background-color', backgroundColor);\n  cy.get('.pixel').eq(clickedPixelIndex - 5).should('not.have.css', 'background-color', backgroundColor);\n  cy.get('.pixel').eq(clickedPixelIndex + 5).should('not.have.css', 'background-color', backgroundColor);\n  cy.get('.pixel').eq(clickedPixelIndex - 6).should('not.have.css', 'background-color', backgroundColor);\n  cy.get('.pixel').eq(clickedPixelIndex - 4).should('not.have.css', 'background-color', backgroundColor);\n  cy.get('.pixel').eq(clickedPixelIndex + 4).should('not.have.css', 'background-color', backgroundColor);\n  cy.get('.pixel').eq(clickedPixelIndex + 6).should('not.have.css', 'background-color', backgroundColor);\n});",
              "err": {},
              "uuid": "9e94c959-509b-4ccc-8b03-ff0089158622",
              "parentUUID": "3800f7f1-acdd-4452-8870-d9323774be2d",
              "isHook": false,
              "skipped": false
            }
          ],
          "suites": [],
          "passes": [
            "6b55183d-b13c-40c1-9a4c-b7802ab30f53",
            "eeda8929-0e00-4e9c-87cf-e720bbb47f0b",
            "9e94c959-509b-4ccc-8b03-ff0089158622"
          ],
          "failures": [],
          "pending": [],
          "skipped": [],
          "duration": 12988,
          "root": false,
          "rootEmpty": false,
          "_timeout": 2000
        },
        {
          "uuid": "0c4dd804-6019-44f1-82fc-f6d0ad6abab1",
          "title": "9 - Crie um botão que, ao ser clicado, limpa o quadro preenchendo a cor de todos seus pixels com branco.",
          "fullFile": "",
          "file": "",
          "beforeHooks": [],
          "afterHooks": [],
          "tests": [
            {
              "title": "Verifica se o botão tem o `id` denominado `clear-board`",
              "fullTitle": "9 - Crie um botão que, ao ser clicado, limpa o quadro preenchendo a cor de todos seus pixels com branco. Verifica se o botão tem o `id` denominado `clear-board`",
              "timedOut": null,
              "duration": 4319,
              "state": "failed",
              "speed": null,
              "pass": false,
              "fail": true,
              "pending": false,
              "context": null,
              "code": "cy.get('#clear-board').should('be.visible');",
              "err": {
                "message": "CypressError: Timed out retrying: Expected to find element: '#clear-board', but never found it.",
                "estack": "CypressError: Timed out retrying: Expected to find element: '#clear-board', but never found it.\n    at cypressErr (http://localhost:43611/__cypress/runner/cypress_runner.js:149934:9)\n    at throwErr (http://localhost:43611/__cypress/runner/cypress_runner.js:149867:11)\n    at Object.throwErrByPath (http://localhost:43611/__cypress/runner/cypress_runner.js:149915:3)\n    at retry (http://localhost:43611/__cypress/runner/cypress_runner.js:144197:19)\n    at onFailFn (http://localhost:43611/__cypress/runner/cypress_runner.js:132448:16)\n    at tryCatcher (http://localhost:43611/__cypress/runner/cypress_runner.js:167415:23)\n    at Promise._settlePromiseFromHandler (http://localhost:43611/__cypress/runner/cypress_runner.js:165351:31)\n    at Promise._settlePromise (http://localhost:43611/__cypress/runner/cypress_runner.js:165408:18)\n    at Promise._settlePromise0 (http://localhost:43611/__cypress/runner/cypress_runner.js:165453:10)\n    at Promise._settlePromises (http://localhost:43611/__cypress/runner/cypress_runner.js:165528:18)\n    at Async../node_modules/bluebird/js/release/async.js.Async._drainQueue (http://localhost:43611/__cypress/runner/cypress_runner.js:162140:16)\n    at Async../node_modules/bluebird/js/release/async.js.Async._drainQueues (http://localhost:43611/__cypress/runner/cypress_runner.js:162150:10)\n    at Async.drainQueues (http://localhost:43611/__cypress/runner/cypress_runner.js:162024:14)",
                "diff": null
              },
              "uuid": "8fedfe10-0b42-408f-8b6b-26e7e2ea87f2",
              "parentUUID": "0c4dd804-6019-44f1-82fc-f6d0ad6abab1",
              "isHook": false,
              "skipped": false
            },
            {
              "title": "Verifica se o botão está posicionado entre a paleta de cores e o quadro de pixels",
              "fullTitle": "9 - Crie um botão que, ao ser clicado, limpa o quadro preenchendo a cor de todos seus pixels com branco. Verifica se o botão está posicionado entre a paleta de cores e o quadro de pixels",
              "timedOut": null,
              "duration": 4321,
              "state": "failed",
              "speed": null,
              "pass": false,
              "fail": true,
              "pending": false,
              "context": null,
              "code": "cy.get('#color-palette').then(function (palette) {\n  cy.get('#clear-board').should('be.belowOf', palette);\n});\ncy.get('#clear-board').then(function (clearBtn) {\n  cy.get('#pixel-board').should('be.belowOf', clearBtn);\n});",
              "err": {
                "message": "CypressError: Timed out retrying: Expected to find element: '#clear-board', but never found it.",
                "estack": "CypressError: Timed out retrying: Expected to find element: '#clear-board', but never found it.\n    at cypressErr (http://localhost:43611/__cypress/runner/cypress_runner.js:149934:9)\n    at throwErr (http://localhost:43611/__cypress/runner/cypress_runner.js:149867:11)\n    at Object.throwErrByPath (http://localhost:43611/__cypress/runner/cypress_runner.js:149915:3)\n    at retry (http://localhost:43611/__cypress/runner/cypress_runner.js:144197:19)\n    at onFailFn (http://localhost:43611/__cypress/runner/cypress_runner.js:132448:16)\n    at tryCatcher (http://localhost:43611/__cypress/runner/cypress_runner.js:167415:23)\n    at Promise._settlePromiseFromHandler (http://localhost:43611/__cypress/runner/cypress_runner.js:165351:31)\n    at Promise._settlePromise (http://localhost:43611/__cypress/runner/cypress_runner.js:165408:18)\n    at Promise._settlePromise0 (http://localhost:43611/__cypress/runner/cypress_runner.js:165453:10)\n    at Promise._settlePromises (http://localhost:43611/__cypress/runner/cypress_runner.js:165528:18)\n    at Async../node_modules/bluebird/js/release/async.js.Async._drainQueue (http://localhost:43611/__cypress/runner/cypress_runner.js:162140:16)\n    at Async../node_modules/bluebird/js/release/async.js.Async._drainQueues (http://localhost:43611/__cypress/runner/cypress_runner.js:162150:10)\n    at Async.drainQueues (http://localhost:43611/__cypress/runner/cypress_runner.js:162024:14)",
                "diff": null
              },
              "uuid": "90e4cab7-7021-4fec-ba10-4eef13dc535b",
              "parentUUID": "0c4dd804-6019-44f1-82fc-f6d0ad6abab1",
              "isHook": false,
              "skipped": false
            },
            {
              "title": "Verifica se o texto do botão é 'Limpar'",
              "fullTitle": "9 - Crie um botão que, ao ser clicado, limpa o quadro preenchendo a cor de todos seus pixels com branco. Verifica se o texto do botão é 'Limpar'",
              "timedOut": null,
              "duration": 4330,
              "state": "failed",
              "speed": null,
              "pass": false,
              "fail": true,
              "pending": false,
              "context": null,
              "code": "cy.get('#clear-board').should('contain.text', 'Limpar');",
              "err": {
                "message": "CypressError: Timed out retrying: Expected to find element: '#clear-board', but never found it.",
                "estack": "CypressError: Timed out retrying: Expected to find element: '#clear-board', but never found it.\n    at cypressErr (http://localhost:43611/__cypress/runner/cypress_runner.js:149934:9)\n    at throwErr (http://localhost:43611/__cypress/runner/cypress_runner.js:149867:11)\n    at Object.throwErrByPath (http://localhost:43611/__cypress/runner/cypress_runner.js:149915:3)\n    at retry (http://localhost:43611/__cypress/runner/cypress_runner.js:144197:19)\n    at onFailFn (http://localhost:43611/__cypress/runner/cypress_runner.js:132448:16)\n    at tryCatcher (http://localhost:43611/__cypress/runner/cypress_runner.js:167415:23)\n    at Promise._settlePromiseFromHandler (http://localhost:43611/__cypress/runner/cypress_runner.js:165351:31)\n    at Promise._settlePromise (http://localhost:43611/__cypress/runner/cypress_runner.js:165408:18)\n    at Promise._settlePromise0 (http://localhost:43611/__cypress/runner/cypress_runner.js:165453:10)\n    at Promise._settlePromises (http://localhost:43611/__cypress/runner/cypress_runner.js:165528:18)\n    at Async../node_modules/bluebird/js/release/async.js.Async._drainQueue (http://localhost:43611/__cypress/runner/cypress_runner.js:162140:16)\n    at Async../node_modules/bluebird/js/release/async.js.Async._drainQueues (http://localhost:43611/__cypress/runner/cypress_runner.js:162150:10)\n    at Async.drainQueues (http://localhost:43611/__cypress/runner/cypress_runner.js:162024:14)",
                "diff": null
              },
              "uuid": "3cc0c7e2-3946-45bf-a907-f8f0d0f0e78a",
              "parentUUID": "0c4dd804-6019-44f1-82fc-f6d0ad6abab1",
              "isHook": false,
              "skipped": false
            },
            {
              "title": "Verifica se ao clicar no botão, o quadro de pixels é totalmente preenchido de branco",
              "fullTitle": "9 - Crie um botão que, ao ser clicado, limpa o quadro preenchendo a cor de todos seus pixels com branco. Verifica se ao clicar no botão, o quadro de pixels é totalmente preenchido de branco",
              "timedOut": null,
              "duration": 6486,
              "state": "failed",
              "speed": null,
              "pass": false,
              "fail": true,
              "pending": false,
              "context": null,
              "code": "cy.get('.color').eq(1).then(function (color) {\n  var backgroundColor = color.css('background-color');\n  cy.wrap(color).click();\n  cy.get('.pixel').each(function (pixel) {\n    cy.wrap(pixel).click().should('have.css', 'background-color', backgroundColor);\n  });\n});\ncy.get('#clear-board').click();\ncy.get('.pixel').each(function (pixel) {\n  cy.wrap(pixel).should('have.css', 'background-color', WHITE);\n});",
              "err": {
                "message": "CypressError: Timed out retrying: Expected to find element: '#clear-board', but never found it.",
                "estack": "CypressError: Timed out retrying: Expected to find element: '#clear-board', but never found it.\n    at cypressErr (http://localhost:43611/__cypress/runner/cypress_runner.js:149934:9)\n    at throwErr (http://localhost:43611/__cypress/runner/cypress_runner.js:149867:11)\n    at Object.throwErrByPath (http://localhost:43611/__cypress/runner/cypress_runner.js:149915:3)\n    at retry (http://localhost:43611/__cypress/runner/cypress_runner.js:144197:19)\n    at onFailFn (http://localhost:43611/__cypress/runner/cypress_runner.js:132448:16)\n    at tryCatcher (http://localhost:43611/__cypress/runner/cypress_runner.js:167415:23)\n    at Promise._settlePromiseFromHandler (http://localhost:43611/__cypress/runner/cypress_runner.js:165351:31)\n    at Promise._settlePromise (http://localhost:43611/__cypress/runner/cypress_runner.js:165408:18)\n    at Promise._settlePromise0 (http://localhost:43611/__cypress/runner/cypress_runner.js:165453:10)\n    at Promise._settlePromises (http://localhost:43611/__cypress/runner/cypress_runner.js:165528:18)\n    at Async../node_modules/bluebird/js/release/async.js.Async._drainQueue (http://localhost:43611/__cypress/runner/cypress_runner.js:162140:16)\n    at Async../node_modules/bluebird/js/release/async.js.Async._drainQueues (http://localhost:43611/__cypress/runner/cypress_runner.js:162150:10)\n    at Async.drainQueues (http://localhost:43611/__cypress/runner/cypress_runner.js:162024:14)",
                "diff": null
              },
              "uuid": "d392ce5d-524f-4409-9c1b-756eacb262b6",
              "parentUUID": "0c4dd804-6019-44f1-82fc-f6d0ad6abab1",
              "isHook": false,
              "skipped": false
            }
          ],
          "suites": [],
          "passes": [],
          "failures": [
            "8fedfe10-0b42-408f-8b6b-26e7e2ea87f2",
            "90e4cab7-7021-4fec-ba10-4eef13dc535b",
            "3cc0c7e2-3946-45bf-a907-f8f0d0f0e78a",
            "d392ce5d-524f-4409-9c1b-756eacb262b6"
          ],
          "pending": [],
          "skipped": [],
          "duration": 19456,
          "root": false,
          "rootEmpty": false,
          "_timeout": 2000
        },
        {
          "uuid": "dccbc1f1-ab07-454e-a89b-331d945f187b",
          "title": "10 - Faça o quadro de pixels ter seu tamanho definido pelo usuário.",
          "fullFile": "",
          "file": "",
          "beforeHooks": [],
          "afterHooks": [],
          "tests": [
            {
              "title": "Verifica se existe um input com o id `board-size`",
              "fullTitle": "10 - Faça o quadro de pixels ter seu tamanho definido pelo usuário. Verifica se existe um input com o id `board-size`",
              "timedOut": null,
              "duration": 4392,
              "state": "failed",
              "speed": null,
              "pass": false,
              "fail": true,
              "pending": false,
              "context": null,
              "code": "cy.get('#board-size').should('be.visible');",
              "err": {
                "message": "CypressError: Timed out retrying: Expected to find element: '#board-size', but never found it.",
                "estack": "CypressError: Timed out retrying: Expected to find element: '#board-size', but never found it.\n    at cypressErr (http://localhost:43611/__cypress/runner/cypress_runner.js:149934:9)\n    at throwErr (http://localhost:43611/__cypress/runner/cypress_runner.js:149867:11)\n    at Object.throwErrByPath (http://localhost:43611/__cypress/runner/cypress_runner.js:149915:3)\n    at retry (http://localhost:43611/__cypress/runner/cypress_runner.js:144197:19)\n    at onFailFn (http://localhost:43611/__cypress/runner/cypress_runner.js:132448:16)\n    at tryCatcher (http://localhost:43611/__cypress/runner/cypress_runner.js:167415:23)\n    at Promise._settlePromiseFromHandler (http://localhost:43611/__cypress/runner/cypress_runner.js:165351:31)\n    at Promise._settlePromise (http://localhost:43611/__cypress/runner/cypress_runner.js:165408:18)\n    at Promise._settlePromise0 (http://localhost:43611/__cypress/runner/cypress_runner.js:165453:10)\n    at Promise._settlePromises (http://localhost:43611/__cypress/runner/cypress_runner.js:165528:18)\n    at Async../node_modules/bluebird/js/release/async.js.Async._drainQueue (http://localhost:43611/__cypress/runner/cypress_runner.js:162140:16)\n    at Async../node_modules/bluebird/js/release/async.js.Async._drainQueues (http://localhost:43611/__cypress/runner/cypress_runner.js:162150:10)\n    at Async.drainQueues (http://localhost:43611/__cypress/runner/cypress_runner.js:162024:14)",
                "diff": null
              },
              "uuid": "8b1a8f7d-30bb-4935-8e62-ca3d26fe7adb",
              "parentUUID": "dccbc1f1-ab07-454e-a89b-331d945f187b",
              "isHook": false,
              "skipped": false
            },
            {
              "title": "Verifica se existe um botão com o id `generate-board`",
              "fullTitle": "10 - Faça o quadro de pixels ter seu tamanho definido pelo usuário. Verifica se existe um botão com o id `generate-board`",
              "timedOut": null,
              "duration": 4404,
              "state": "failed",
              "speed": null,
              "pass": false,
              "fail": true,
              "pending": false,
              "context": null,
              "code": "cy.get('#generate-board').should('be.visible');",
              "err": {
                "message": "CypressError: Timed out retrying: Expected to find element: '#generate-board', but never found it.",
                "estack": "CypressError: Timed out retrying: Expected to find element: '#generate-board', but never found it.\n    at cypressErr (http://localhost:43611/__cypress/runner/cypress_runner.js:149934:9)\n    at throwErr (http://localhost:43611/__cypress/runner/cypress_runner.js:149867:11)\n    at Object.throwErrByPath (http://localhost:43611/__cypress/runner/cypress_runner.js:149915:3)\n    at retry (http://localhost:43611/__cypress/runner/cypress_runner.js:144197:19)\n    at onFailFn (http://localhost:43611/__cypress/runner/cypress_runner.js:132448:16)\n    at tryCatcher (http://localhost:43611/__cypress/runner/cypress_runner.js:167415:23)\n    at Promise._settlePromiseFromHandler (http://localhost:43611/__cypress/runner/cypress_runner.js:165351:31)\n    at Promise._settlePromise (http://localhost:43611/__cypress/runner/cypress_runner.js:165408:18)\n    at Promise._settlePromise0 (http://localhost:43611/__cypress/runner/cypress_runner.js:165453:10)\n    at Promise._settlePromises (http://localhost:43611/__cypress/runner/cypress_runner.js:165528:18)\n    at Async../node_modules/bluebird/js/release/async.js.Async._drainQueue (http://localhost:43611/__cypress/runner/cypress_runner.js:162140:16)\n    at Async../node_modules/bluebird/js/release/async.js.Async._drainQueues (http://localhost:43611/__cypress/runner/cypress_runner.js:162150:10)\n    at Async.drainQueues (http://localhost:43611/__cypress/runner/cypress_runner.js:162024:14)",
                "diff": null
              },
              "uuid": "42ecf006-4875-424b-bdde-69ae065ea442",
              "parentUUID": "dccbc1f1-ab07-454e-a89b-331d945f187b",
              "isHook": false,
              "skipped": false
            },
            {
              "title": "Verifica se o input só aceita número maiores que zero. Essa restrição deve ser feita usando os atributos do elemento `input`",
              "fullTitle": "10 - Faça o quadro de pixels ter seu tamanho definido pelo usuário. Verifica se o input só aceita número maiores que zero. Essa restrição deve ser feita usando os atributos do elemento `input`",
              "timedOut": null,
              "duration": 4345,
              "state": "failed",
              "speed": null,
              "pass": false,
              "fail": true,
              "pending": false,
              "context": null,
              "code": "cy.get('#board-size[type=\\'number\\'][min=\\'1\\']');",
              "err": {
                "message": "CypressError: Timed out retrying: Expected to find element: '#board-size[type='number'][min='1']', but never found it.",
                "estack": "CypressError: Timed out retrying: Expected to find element: '#board-size[type='number'][min='1']', but never found it.\n    at cypressErr (http://localhost:43611/__cypress/runner/cypress_runner.js:149934:9)\n    at throwErr (http://localhost:43611/__cypress/runner/cypress_runner.js:149867:11)\n    at Object.throwErrByPath (http://localhost:43611/__cypress/runner/cypress_runner.js:149915:3)\n    at retry (http://localhost:43611/__cypress/runner/cypress_runner.js:144197:19)\n    at onFailFn (http://localhost:43611/__cypress/runner/cypress_runner.js:132448:16)\n    at tryCatcher (http://localhost:43611/__cypress/runner/cypress_runner.js:167415:23)\n    at Promise._settlePromiseFromHandler (http://localhost:43611/__cypress/runner/cypress_runner.js:165351:31)\n    at Promise._settlePromise (http://localhost:43611/__cypress/runner/cypress_runner.js:165408:18)\n    at Promise._settlePromise0 (http://localhost:43611/__cypress/runner/cypress_runner.js:165453:10)\n    at Promise._settlePromises (http://localhost:43611/__cypress/runner/cypress_runner.js:165528:18)\n    at Async../node_modules/bluebird/js/release/async.js.Async._drainQueue (http://localhost:43611/__cypress/runner/cypress_runner.js:162140:16)\n    at Async../node_modules/bluebird/js/release/async.js.Async._drainQueues (http://localhost:43611/__cypress/runner/cypress_runner.js:162150:10)\n    at Async.drainQueues (http://localhost:43611/__cypress/runner/cypress_runner.js:162024:14)",
                "diff": null
              },
              "uuid": "406212e0-6320-4690-a577-0a5b15063de1",
              "parentUUID": "dccbc1f1-ab07-454e-a89b-331d945f187b",
              "isHook": false,
              "skipped": false
            },
            {
              "title": "Verifica se o botão contém o texto 'VQV'",
              "fullTitle": "10 - Faça o quadro de pixels ter seu tamanho definido pelo usuário. Verifica se o botão contém o texto 'VQV'",
              "timedOut": null,
              "duration": 4321,
              "state": "failed",
              "speed": null,
              "pass": false,
              "fail": true,
              "pending": false,
              "context": null,
              "code": "cy.get('#generate-board').contains(/vqv/i);",
              "err": {
                "message": "CypressError: Timed out retrying: Expected to find element: '#generate-board', but never found it.",
                "estack": "CypressError: Timed out retrying: Expected to find element: '#generate-board', but never found it.\n    at cypressErr (http://localhost:43611/__cypress/runner/cypress_runner.js:149934:9)\n    at throwErr (http://localhost:43611/__cypress/runner/cypress_runner.js:149867:11)\n    at Object.throwErrByPath (http://localhost:43611/__cypress/runner/cypress_runner.js:149915:3)\n    at retry (http://localhost:43611/__cypress/runner/cypress_runner.js:144197:19)\n    at onFailFn (http://localhost:43611/__cypress/runner/cypress_runner.js:132448:16)\n    at tryCatcher (http://localhost:43611/__cypress/runner/cypress_runner.js:167415:23)\n    at Promise._settlePromiseFromHandler (http://localhost:43611/__cypress/runner/cypress_runner.js:165351:31)\n    at Promise._settlePromise (http://localhost:43611/__cypress/runner/cypress_runner.js:165408:18)\n    at Promise._settlePromise0 (http://localhost:43611/__cypress/runner/cypress_runner.js:165453:10)\n    at Promise._settlePromises (http://localhost:43611/__cypress/runner/cypress_runner.js:165528:18)\n    at Async../node_modules/bluebird/js/release/async.js.Async._drainQueue (http://localhost:43611/__cypress/runner/cypress_runner.js:162140:16)\n    at Async../node_modules/bluebird/js/release/async.js.Async._drainQueues (http://localhost:43611/__cypress/runner/cypress_runner.js:162150:10)\n    at Async.drainQueues (http://localhost:43611/__cypress/runner/cypress_runner.js:162024:14)",
                "diff": null
              },
              "uuid": "6a9faab9-7426-490d-969b-f9384ccbc8c8",
              "parentUUID": "dccbc1f1-ab07-454e-a89b-331d945f187b",
              "isHook": false,
              "skipped": false
            },
            {
              "title": "Verifica se o input está posicionado entre a paleta de cores e o quadro de pixels",
              "fullTitle": "10 - Faça o quadro de pixels ter seu tamanho definido pelo usuário. Verifica se o input está posicionado entre a paleta de cores e o quadro de pixels",
              "timedOut": null,
              "duration": 4384,
              "state": "failed",
              "speed": null,
              "pass": false,
              "fail": true,
              "pending": false,
              "context": null,
              "code": "cy.get('#color-palette').then(function (palette) {\n  cy.get('#board-size').should('be.belowOf', palette);\n});\ncy.get('#board-size').then(function (palette) {\n  cy.get('#pixel-board').should('be.belowOf', palette);\n});",
              "err": {
                "message": "CypressError: Timed out retrying: Expected to find element: '#board-size', but never found it.",
                "estack": "CypressError: Timed out retrying: Expected to find element: '#board-size', but never found it.\n    at cypressErr (http://localhost:43611/__cypress/runner/cypress_runner.js:149934:9)\n    at throwErr (http://localhost:43611/__cypress/runner/cypress_runner.js:149867:11)\n    at Object.throwErrByPath (http://localhost:43611/__cypress/runner/cypress_runner.js:149915:3)\n    at retry (http://localhost:43611/__cypress/runner/cypress_runner.js:144197:19)\n    at onFailFn (http://localhost:43611/__cypress/runner/cypress_runner.js:132448:16)\n    at tryCatcher (http://localhost:43611/__cypress/runner/cypress_runner.js:167415:23)\n    at Promise._settlePromiseFromHandler (http://localhost:43611/__cypress/runner/cypress_runner.js:165351:31)\n    at Promise._settlePromise (http://localhost:43611/__cypress/runner/cypress_runner.js:165408:18)\n    at Promise._settlePromise0 (http://localhost:43611/__cypress/runner/cypress_runner.js:165453:10)\n    at Promise._settlePromises (http://localhost:43611/__cypress/runner/cypress_runner.js:165528:18)\n    at Async../node_modules/bluebird/js/release/async.js.Async._drainQueue (http://localhost:43611/__cypress/runner/cypress_runner.js:162140:16)\n    at Async../node_modules/bluebird/js/release/async.js.Async._drainQueues (http://localhost:43611/__cypress/runner/cypress_runner.js:162150:10)\n    at Async.drainQueues (http://localhost:43611/__cypress/runner/cypress_runner.js:162024:14)",
                "diff": null
              },
              "uuid": "4b2626aa-8db5-4dd8-89f6-20f4b09ce2af",
              "parentUUID": "dccbc1f1-ab07-454e-a89b-331d945f187b",
              "isHook": false,
              "skipped": false
            },
            {
              "title": "Verifica se o botão está posicionado ao lado do input",
              "fullTitle": "10 - Faça o quadro de pixels ter seu tamanho definido pelo usuário. Verifica se o botão está posicionado ao lado do input",
              "timedOut": null,
              "duration": 4374,
              "state": "failed",
              "speed": null,
              "pass": false,
              "fail": true,
              "pending": false,
              "context": null,
              "code": "cy.get('#board-size').then(function (board) {\n  cy.get('#generate-board').should('be.onTheRightOf', board);\n});",
              "err": {
                "message": "CypressError: Timed out retrying: Expected to find element: '#board-size', but never found it.",
                "estack": "CypressError: Timed out retrying: Expected to find element: '#board-size', but never found it.\n    at cypressErr (http://localhost:43611/__cypress/runner/cypress_runner.js:149934:9)\n    at throwErr (http://localhost:43611/__cypress/runner/cypress_runner.js:149867:11)\n    at Object.throwErrByPath (http://localhost:43611/__cypress/runner/cypress_runner.js:149915:3)\n    at retry (http://localhost:43611/__cypress/runner/cypress_runner.js:144197:19)\n    at onFailFn (http://localhost:43611/__cypress/runner/cypress_runner.js:132448:16)\n    at tryCatcher (http://localhost:43611/__cypress/runner/cypress_runner.js:167415:23)\n    at Promise._settlePromiseFromHandler (http://localhost:43611/__cypress/runner/cypress_runner.js:165351:31)\n    at Promise._settlePromise (http://localhost:43611/__cypress/runner/cypress_runner.js:165408:18)\n    at Promise._settlePromise0 (http://localhost:43611/__cypress/runner/cypress_runner.js:165453:10)\n    at Promise._settlePromises (http://localhost:43611/__cypress/runner/cypress_runner.js:165528:18)\n    at Async../node_modules/bluebird/js/release/async.js.Async._drainQueue (http://localhost:43611/__cypress/runner/cypress_runner.js:162140:16)\n    at Async../node_modules/bluebird/js/release/async.js.Async._drainQueues (http://localhost:43611/__cypress/runner/cypress_runner.js:162150:10)\n    at Async.drainQueues (http://localhost:43611/__cypress/runner/cypress_runner.js:162024:14)",
                "diff": null
              },
              "uuid": "4da385d8-7bf7-472d-bb14-4d21a7472ea0",
              "parentUUID": "dccbc1f1-ab07-454e-a89b-331d945f187b",
              "isHook": false,
              "skipped": false
            },
            {
              "title": "Verifica se nenhum valor for colocado no input ao clicar no botão, um `alert` é exibido com o texto: 'Board inválido!'",
              "fullTitle": "10 - Faça o quadro de pixels ter seu tamanho definido pelo usuário. Verifica se nenhum valor for colocado no input ao clicar no botão, um `alert` é exibido com o texto: 'Board inválido!'",
              "timedOut": null,
              "duration": 4422,
              "state": "failed",
              "speed": null,
              "pass": false,
              "fail": true,
              "pending": false,
              "context": null,
              "code": "var alerted = false;\ncy.on('window:alert', function (msg) {\n  return alerted = msg;\n});\ncy.get('#generate-board').click().then(function () {\n  return expect(alerted).to.match(/Board inválido!/i);\n});",
              "err": {
                "message": "CypressError: Timed out retrying: Expected to find element: '#generate-board', but never found it.",
                "estack": "CypressError: Timed out retrying: Expected to find element: '#generate-board', but never found it.\n    at cypressErr (http://localhost:43611/__cypress/runner/cypress_runner.js:149934:9)\n    at throwErr (http://localhost:43611/__cypress/runner/cypress_runner.js:149867:11)\n    at Object.throwErrByPath (http://localhost:43611/__cypress/runner/cypress_runner.js:149915:3)\n    at retry (http://localhost:43611/__cypress/runner/cypress_runner.js:144197:19)\n    at onFailFn (http://localhost:43611/__cypress/runner/cypress_runner.js:132448:16)\n    at tryCatcher (http://localhost:43611/__cypress/runner/cypress_runner.js:167415:23)\n    at Promise._settlePromiseFromHandler (http://localhost:43611/__cypress/runner/cypress_runner.js:165351:31)\n    at Promise._settlePromise (http://localhost:43611/__cypress/runner/cypress_runner.js:165408:18)\n    at Promise._settlePromise0 (http://localhost:43611/__cypress/runner/cypress_runner.js:165453:10)\n    at Promise._settlePromises (http://localhost:43611/__cypress/runner/cypress_runner.js:165528:18)\n    at Async../node_modules/bluebird/js/release/async.js.Async._drainQueue (http://localhost:43611/__cypress/runner/cypress_runner.js:162140:16)\n    at Async../node_modules/bluebird/js/release/async.js.Async._drainQueues (http://localhost:43611/__cypress/runner/cypress_runner.js:162150:10)\n    at Async.drainQueues (http://localhost:43611/__cypress/runner/cypress_runner.js:162024:14)",
                "diff": null
              },
              "uuid": "f342d57d-56d8-4235-a309-5cdf27c6e90b",
              "parentUUID": "dccbc1f1-ab07-454e-a89b-331d945f187b",
              "isHook": false,
              "skipped": false
            },
            {
              "title": "Verifica se ao clicar no botão com um valor preenchido, o tamanho do board muda.",
              "fullTitle": "10 - Faça o quadro de pixels ter seu tamanho definido pelo usuário. Verifica se ao clicar no botão com um valor preenchido, o tamanho do board muda.",
              "timedOut": null,
              "duration": 4452,
              "state": "failed",
              "speed": null,
              "pass": false,
              "fail": true,
              "pending": false,
              "context": null,
              "code": "cy.get('#board-size').clear().type(10);\ncy.get('#generate-board').click();\ncy.get('.pixel').should('have.length', 100);",
              "err": {
                "message": "CypressError: Timed out retrying: Expected to find element: '#board-size', but never found it.",
                "estack": "CypressError: Timed out retrying: Expected to find element: '#board-size', but never found it.\n    at cypressErr (http://localhost:43611/__cypress/runner/cypress_runner.js:149934:9)\n    at throwErr (http://localhost:43611/__cypress/runner/cypress_runner.js:149867:11)\n    at Object.throwErrByPath (http://localhost:43611/__cypress/runner/cypress_runner.js:149915:3)\n    at retry (http://localhost:43611/__cypress/runner/cypress_runner.js:144197:19)\n    at onFailFn (http://localhost:43611/__cypress/runner/cypress_runner.js:132448:16)\n    at tryCatcher (http://localhost:43611/__cypress/runner/cypress_runner.js:167415:23)\n    at Promise._settlePromiseFromHandler (http://localhost:43611/__cypress/runner/cypress_runner.js:165351:31)\n    at Promise._settlePromise (http://localhost:43611/__cypress/runner/cypress_runner.js:165408:18)\n    at Promise._settlePromise0 (http://localhost:43611/__cypress/runner/cypress_runner.js:165453:10)\n    at Promise._settlePromises (http://localhost:43611/__cypress/runner/cypress_runner.js:165528:18)\n    at Async../node_modules/bluebird/js/release/async.js.Async._drainQueue (http://localhost:43611/__cypress/runner/cypress_runner.js:162140:16)\n    at Async../node_modules/bluebird/js/release/async.js.Async._drainQueues (http://localhost:43611/__cypress/runner/cypress_runner.js:162150:10)\n    at Async.drainQueues (http://localhost:43611/__cypress/runner/cypress_runner.js:162024:14)",
                "diff": null
              },
              "uuid": "edc7a853-ee07-4cf5-8f33-b54f8ffa93bd",
              "parentUUID": "dccbc1f1-ab07-454e-a89b-331d945f187b",
              "isHook": false,
              "skipped": false
            },
            {
              "title": "Verifica se o novo quadro tem todos os pixels preenchidos com a cor branca",
              "fullTitle": "10 - Faça o quadro de pixels ter seu tamanho definido pelo usuário. Verifica se o novo quadro tem todos os pixels preenchidos com a cor branca",
              "timedOut": null,
              "duration": 4481,
              "state": "failed",
              "speed": null,
              "pass": false,
              "fail": true,
              "pending": false,
              "context": null,
              "code": "cy.get('#board-size').clear().type(6);\ncy.get('#generate-board').click();\ncy.get('.pixel').should('have.length', 36).each(function (pixel) {\n  expect(pixel).to.have.css('background-color', WHITE);\n});",
              "err": {
                "message": "CypressError: Timed out retrying: Expected to find element: '#board-size', but never found it.",
                "estack": "CypressError: Timed out retrying: Expected to find element: '#board-size', but never found it.\n    at cypressErr (http://localhost:43611/__cypress/runner/cypress_runner.js:149934:9)\n    at throwErr (http://localhost:43611/__cypress/runner/cypress_runner.js:149867:11)\n    at Object.throwErrByPath (http://localhost:43611/__cypress/runner/cypress_runner.js:149915:3)\n    at retry (http://localhost:43611/__cypress/runner/cypress_runner.js:144197:19)\n    at onFailFn (http://localhost:43611/__cypress/runner/cypress_runner.js:132448:16)\n    at tryCatcher (http://localhost:43611/__cypress/runner/cypress_runner.js:167415:23)\n    at Promise._settlePromiseFromHandler (http://localhost:43611/__cypress/runner/cypress_runner.js:165351:31)\n    at Promise._settlePromise (http://localhost:43611/__cypress/runner/cypress_runner.js:165408:18)\n    at Promise._settlePromise0 (http://localhost:43611/__cypress/runner/cypress_runner.js:165453:10)\n    at Promise._settlePromises (http://localhost:43611/__cypress/runner/cypress_runner.js:165528:18)\n    at Async../node_modules/bluebird/js/release/async.js.Async._drainQueue (http://localhost:43611/__cypress/runner/cypress_runner.js:162140:16)\n    at Async../node_modules/bluebird/js/release/async.js.Async._drainQueues (http://localhost:43611/__cypress/runner/cypress_runner.js:162150:10)\n    at Async.drainQueues (http://localhost:43611/__cypress/runner/cypress_runner.js:162024:14)",
                "diff": null
              },
              "uuid": "32426e43-0f3f-456b-be7b-8f8ec5a3d654",
              "parentUUID": "dccbc1f1-ab07-454e-a89b-331d945f187b",
              "isHook": false,
              "skipped": false
            }
          ],
          "suites": [],
          "passes": [],
          "failures": [
            "8b1a8f7d-30bb-4935-8e62-ca3d26fe7adb",
            "42ecf006-4875-424b-bdde-69ae065ea442",
            "406212e0-6320-4690-a577-0a5b15063de1",
            "6a9faab9-7426-490d-969b-f9384ccbc8c8",
            "4b2626aa-8db5-4dd8-89f6-20f4b09ce2af",
            "4da385d8-7bf7-472d-bb14-4d21a7472ea0",
            "f342d57d-56d8-4235-a309-5cdf27c6e90b",
            "edc7a853-ee07-4cf5-8f33-b54f8ffa93bd",
            "32426e43-0f3f-456b-be7b-8f8ec5a3d654"
          ],
          "pending": [],
          "skipped": [],
          "duration": 39575,
          "root": false,
          "rootEmpty": false,
          "_timeout": 2000
        },
        {
          "uuid": "2aba7a7b-9f8c-4526-a181-c97d8fe8ab17",
          "title": "11 - Limite o tamanho mínimo e máximo do board.",
          "fullFile": "",
          "file": "",
          "beforeHooks": [],
          "afterHooks": [],
          "tests": [
            {
              "title": "Verifica se a altura máxima do board é 50",
              "fullTitle": "11 - Limite o tamanho mínimo e máximo do board. Verifica se a altura máxima do board é 50",
              "timedOut": null,
              "duration": 4378,
              "state": "failed",
              "speed": null,
              "pass": false,
              "fail": true,
              "pending": false,
              "context": null,
              "code": "cy.get('#board-size').clear().type(50);\ncy.get('#generate-board').click();\ncy.get('.pixel').should('have.length', 2500);",
              "err": {
                "message": "CypressError: Timed out retrying: Expected to find element: '#board-size', but never found it.",
                "estack": "CypressError: Timed out retrying: Expected to find element: '#board-size', but never found it.\n    at cypressErr (http://localhost:43611/__cypress/runner/cypress_runner.js:149934:9)\n    at throwErr (http://localhost:43611/__cypress/runner/cypress_runner.js:149867:11)\n    at Object.throwErrByPath (http://localhost:43611/__cypress/runner/cypress_runner.js:149915:3)\n    at retry (http://localhost:43611/__cypress/runner/cypress_runner.js:144197:19)\n    at onFailFn (http://localhost:43611/__cypress/runner/cypress_runner.js:132448:16)\n    at tryCatcher (http://localhost:43611/__cypress/runner/cypress_runner.js:167415:23)\n    at Promise._settlePromiseFromHandler (http://localhost:43611/__cypress/runner/cypress_runner.js:165351:31)\n    at Promise._settlePromise (http://localhost:43611/__cypress/runner/cypress_runner.js:165408:18)\n    at Promise._settlePromise0 (http://localhost:43611/__cypress/runner/cypress_runner.js:165453:10)\n    at Promise._settlePromises (http://localhost:43611/__cypress/runner/cypress_runner.js:165528:18)\n    at Async../node_modules/bluebird/js/release/async.js.Async._drainQueue (http://localhost:43611/__cypress/runner/cypress_runner.js:162140:16)\n    at Async../node_modules/bluebird/js/release/async.js.Async._drainQueues (http://localhost:43611/__cypress/runner/cypress_runner.js:162150:10)\n    at Async.drainQueues (http://localhost:43611/__cypress/runner/cypress_runner.js:162024:14)",
                "diff": null
              },
              "uuid": "1a2e5293-ddae-488d-95cb-bde44991ae6e",
              "parentUUID": "2aba7a7b-9f8c-4526-a181-c97d8fe8ab17",
              "isHook": false,
              "skipped": false
            },
            {
              "title": "Verifica se a altura do board é 5 quando um valor menor é colocado no input",
              "fullTitle": "11 - Limite o tamanho mínimo e máximo do board. Verifica se a altura do board é 5 quando um valor menor é colocado no input",
              "timedOut": null,
              "duration": 4353,
              "state": "failed",
              "speed": null,
              "pass": false,
              "fail": true,
              "pending": false,
              "context": null,
              "code": "cy.get('#board-size').clear().type(4);\ncy.get('#generate-board').click();\ncy.get('.pixel').should('have.length', 25);",
              "err": {
                "message": "CypressError: Timed out retrying: Expected to find element: '#board-size', but never found it.",
                "estack": "CypressError: Timed out retrying: Expected to find element: '#board-size', but never found it.\n    at cypressErr (http://localhost:43611/__cypress/runner/cypress_runner.js:149934:9)\n    at throwErr (http://localhost:43611/__cypress/runner/cypress_runner.js:149867:11)\n    at Object.throwErrByPath (http://localhost:43611/__cypress/runner/cypress_runner.js:149915:3)\n    at retry (http://localhost:43611/__cypress/runner/cypress_runner.js:144197:19)\n    at onFailFn (http://localhost:43611/__cypress/runner/cypress_runner.js:132448:16)\n    at tryCatcher (http://localhost:43611/__cypress/runner/cypress_runner.js:167415:23)\n    at Promise._settlePromiseFromHandler (http://localhost:43611/__cypress/runner/cypress_runner.js:165351:31)\n    at Promise._settlePromise (http://localhost:43611/__cypress/runner/cypress_runner.js:165408:18)\n    at Promise._settlePromise0 (http://localhost:43611/__cypress/runner/cypress_runner.js:165453:10)\n    at Promise._settlePromises (http://localhost:43611/__cypress/runner/cypress_runner.js:165528:18)\n    at Async../node_modules/bluebird/js/release/async.js.Async._drainQueue (http://localhost:43611/__cypress/runner/cypress_runner.js:162140:16)\n    at Async../node_modules/bluebird/js/release/async.js.Async._drainQueues (http://localhost:43611/__cypress/runner/cypress_runner.js:162150:10)\n    at Async.drainQueues (http://localhost:43611/__cypress/runner/cypress_runner.js:162024:14)",
                "diff": null
              },
              "uuid": "04755126-74c4-458d-b396-e97da63f95e9",
              "parentUUID": "2aba7a7b-9f8c-4526-a181-c97d8fe8ab17",
              "isHook": false,
              "skipped": false
            },
            {
              "title": "Verifica se a altura do board é 50 quando um valor maior é colocado no input",
              "fullTitle": "11 - Limite o tamanho mínimo e máximo do board. Verifica se a altura do board é 50 quando um valor maior é colocado no input",
              "timedOut": null,
              "duration": 4413,
              "state": "failed",
              "speed": null,
              "pass": false,
              "fail": true,
              "pending": false,
              "context": null,
              "code": "cy.get('#board-size').clear().type(51);\ncy.get('#generate-board').click();\ncy.get('.pixel').should('have.length', 2500);",
              "err": {
                "message": "CypressError: Timed out retrying: Expected to find element: '#board-size', but never found it.",
                "estack": "CypressError: Timed out retrying: Expected to find element: '#board-size', but never found it.\n    at cypressErr (http://localhost:43611/__cypress/runner/cypress_runner.js:149934:9)\n    at throwErr (http://localhost:43611/__cypress/runner/cypress_runner.js:149867:11)\n    at Object.throwErrByPath (http://localhost:43611/__cypress/runner/cypress_runner.js:149915:3)\n    at retry (http://localhost:43611/__cypress/runner/cypress_runner.js:144197:19)\n    at onFailFn (http://localhost:43611/__cypress/runner/cypress_runner.js:132448:16)\n    at tryCatcher (http://localhost:43611/__cypress/runner/cypress_runner.js:167415:23)\n    at Promise._settlePromiseFromHandler (http://localhost:43611/__cypress/runner/cypress_runner.js:165351:31)\n    at Promise._settlePromise (http://localhost:43611/__cypress/runner/cypress_runner.js:165408:18)\n    at Promise._settlePromise0 (http://localhost:43611/__cypress/runner/cypress_runner.js:165453:10)\n    at Promise._settlePromises (http://localhost:43611/__cypress/runner/cypress_runner.js:165528:18)\n    at Async../node_modules/bluebird/js/release/async.js.Async._drainQueue (http://localhost:43611/__cypress/runner/cypress_runner.js:162140:16)\n    at Async../node_modules/bluebird/js/release/async.js.Async._drainQueues (http://localhost:43611/__cypress/runner/cypress_runner.js:162150:10)\n    at Async.drainQueues (http://localhost:43611/__cypress/runner/cypress_runner.js:162024:14)",
                "diff": null
              },
              "uuid": "c186a4a0-07d9-4689-af4e-a6ed1d7dd8ae",
              "parentUUID": "2aba7a7b-9f8c-4526-a181-c97d8fe8ab17",
              "isHook": false,
              "skipped": false
            }
          ],
          "suites": [],
          "passes": [],
          "failures": [
            "1a2e5293-ddae-488d-95cb-bde44991ae6e",
            "04755126-74c4-458d-b396-e97da63f95e9",
            "c186a4a0-07d9-4689-af4e-a6ed1d7dd8ae"
          ],
          "pending": [],
          "skipped": [],
          "duration": 13144,
          "root": false,
          "rootEmpty": false,
          "_timeout": 2000
        },
        {
          "uuid": "04e81af3-af92-4283-9283-1f200abb4dba",
          "title": "12 - Faça com que as cores da paleta sejam geradas aleatoriamente ao carregar a página.",
          "fullFile": "",
          "file": "",
          "beforeHooks": [],
          "afterHooks": [],
          "tests": [
            {
              "title": "Verifica se as cores geradas na paleta são diferentes a cada carregamento da página",
              "fullTitle": "12 - Faça com que as cores da paleta sejam geradas aleatoriamente ao carregar a página. Verifica se as cores geradas na paleta são diferentes a cada carregamento da página",
              "timedOut": null,
              "duration": 569,
              "state": "failed",
              "speed": null,
              "pass": false,
              "fail": true,
              "pending": false,
              "context": null,
              "code": "cy.get('.color').then(function (colors) {\n  var currentColors;\n  var previousColors;\n  previousColors = Array.from(colors).map(function (color) {\n    return Cypress.$(color).css('background-color');\n  });\n  for (var i = 0; i < 5; i += 1) {\n    cy.reload();\n    cy.get('.color').then(function (colors) {\n      currentColors = Array.from(colors).map(function (color) {\n        return Cypress.$(color).css('background-color');\n      });\n      expect(currentColors).not.to.deep.equal(previousColors);\n      previousColors = currentColors;\n    });\n  }\n});",
              "err": {
                "message": "AssertionError: expected [ Array(4) ] to not deeply equal [ Array(4) ]",
                "estack": "AssertionError: expected [ Array(4) ] to not deeply equal [ Array(4) ]\n    at getRet (http://localhost:43611/__cypress/runner/cypress_runner.js:136585:16)\n    at tryCatcher (http://localhost:43611/__cypress/runner/cypress_runner.js:167415:23)\n    at Function.Promise.attempt.Promise.try (http://localhost:43611/__cypress/runner/cypress_runner.js:164690:29)\n    at Context.thenFn (http://localhost:43611/__cypress/runner/cypress_runner.js:136599:23)\n    at Context.then (http://localhost:43611/__cypress/runner/cypress_runner.js:136971:21)\n    at Context.<anonymous> (http://localhost:43611/__cypress/runner/cypress_runner.js:148875:21)\n    at http://localhost:43611/__cypress/runner/cypress_runner.js:148351:33\n    at tryCatcher (http://localhost:43611/__cypress/runner/cypress_runner.js:167415:23)\n    at Promise._settlePromiseFromHandler (http://localhost:43611/__cypress/runner/cypress_runner.js:165351:31)\n    at Promise._settlePromise (http://localhost:43611/__cypress/runner/cypress_runner.js:165408:18)\n    at Promise._settlePromiseCtx (http://localhost:43611/__cypress/runner/cypress_runner.js:165445:10)\n    at Async../node_modules/bluebird/js/release/async.js.Async._drainQueue (http://localhost:43611/__cypress/runner/cypress_runner.js:162145:12)\n    at Async../node_modules/bluebird/js/release/async.js.Async._drainQueues (http://localhost:43611/__cypress/runner/cypress_runner.js:162150:10)\n    at Async.drainQueues (http://localhost:43611/__cypress/runner/cypress_runner.js:162024:14)",
                "diff": ""
              },
              "uuid": "a6625dd0-6d6e-4f03-aec1-f86e99a2863b",
              "parentUUID": "04e81af3-af92-4283-9283-1f200abb4dba",
              "isHook": false,
              "skipped": false
            },
            {
              "title": "Verifica se a cor preta ainda está presente e é a primeira na sua paleta de cores",
              "fullTitle": "12 - Faça com que as cores da paleta sejam geradas aleatoriamente ao carregar a página. Verifica se a cor preta ainda está presente e é a primeira na sua paleta de cores",
              "timedOut": null,
              "duration": 484,
              "state": "failed",
              "speed": null,
              "pass": false,
              "fail": true,
              "pending": false,
              "context": null,
              "code": "cy.get('.color').then(function (colors) {\n  var currentColors;\n  var previousColors;\n  previousColors = Array.from(colors).map(function (color) {\n    return Cypress.$(color).css('background-color');\n  });\n  expect(previousColors[0]).to.eq(BLACK);\n  for (var i = 0; i < 5; i += 1) {\n    cy.reload();\n    cy.get('.color').then(function (colors) {\n      currentColors = Array.from(colors).map(function (color) {\n        return Cypress.$(color).css('background-color');\n      });\n      expect(currentColors[0]).to.eq(BLACK);\n      expect(currentColors).not.to.deep.equal(previousColors);\n      previousColors = currentColors;\n    });\n  }\n});",
              "err": {
                "message": "AssertionError: expected [ Array(4) ] to not deeply equal [ Array(4) ]",
                "estack": "AssertionError: expected [ Array(4) ] to not deeply equal [ Array(4) ]\n    at getRet (http://localhost:43611/__cypress/runner/cypress_runner.js:136585:16)\n    at tryCatcher (http://localhost:43611/__cypress/runner/cypress_runner.js:167415:23)\n    at Function.Promise.attempt.Promise.try (http://localhost:43611/__cypress/runner/cypress_runner.js:164690:29)\n    at Context.thenFn (http://localhost:43611/__cypress/runner/cypress_runner.js:136599:23)\n    at Context.then (http://localhost:43611/__cypress/runner/cypress_runner.js:136971:21)\n    at Context.<anonymous> (http://localhost:43611/__cypress/runner/cypress_runner.js:148875:21)\n    at http://localhost:43611/__cypress/runner/cypress_runner.js:148351:33\n    at tryCatcher (http://localhost:43611/__cypress/runner/cypress_runner.js:167415:23)\n    at Promise._settlePromiseFromHandler (http://localhost:43611/__cypress/runner/cypress_runner.js:165351:31)\n    at Promise._settlePromise (http://localhost:43611/__cypress/runner/cypress_runner.js:165408:18)\n    at Promise._settlePromiseCtx (http://localhost:43611/__cypress/runner/cypress_runner.js:165445:10)\n    at Async../node_modules/bluebird/js/release/async.js.Async._drainQueue (http://localhost:43611/__cypress/runner/cypress_runner.js:162145:12)\n    at Async../node_modules/bluebird/js/release/async.js.Async._drainQueues (http://localhost:43611/__cypress/runner/cypress_runner.js:162150:10)\n    at Async.drainQueues (http://localhost:43611/__cypress/runner/cypress_runner.js:162024:14)",
                "diff": ""
              },
              "uuid": "cdb8f549-4532-4aa6-9755-5aff342e49b3",
              "parentUUID": "04e81af3-af92-4283-9283-1f200abb4dba",
              "isHook": false,
              "skipped": false
            }
          ],
          "suites": [],
          "passes": [],
          "failures": [
            "a6625dd0-6d6e-4f03-aec1-f86e99a2863b",
            "cdb8f549-4532-4aa6-9755-5aff342e49b3"
          ],
          "pending": [],
          "skipped": [],
          "duration": 1053,
          "root": false,
          "rootEmpty": false,
          "_timeout": 2000
        }
      ],
      "passes": [],
      "failures": [],
      "pending": [],
      "skipped": [],
      "duration": 0,
      "root": true,
      "rootEmpty": true,
      "_timeout": 2000
    }
  ],
  "meta": {
    "mocha": {
      "version": "7.0.1"
    },
    "mochawesome": {
      "options": {
        "quiet": false,
        "reportFilename": "mochawesome",
        "saveHtml": false,
        "saveJson": true,
        "consoleReporter": "spec",
        "useInlineDiffs": false
      },
      "version": "4.1.0"
    },
    "marge": {
      "options": {
        "id": "default",
        "reportDir": "cypress/reports",
        "overwrite": true,
        "html": false,
        "json": true
      },
      "version": "4.1.0"
    }
  }
}