{
  "stats": {
    "suites": 12,
    "tests": 41,
    "passes": 21,
    "pending": 0,
    "failures": 20,
    "start": "2022-02-15T23:23:44.551Z",
    "end": "2022-02-15T23:25:19.888Z",
    "duration": 95337,
    "testsRegistered": 41,
    "passPercent": 51.21951219512195,
    "pendingPercent": 0,
    "other": 0,
    "hasOther": false,
    "skipped": 0,
    "hasSkipped": false
  },
  "results": [
    {
      "uuid": "e10d2409-d906-450c-afa2-5ae3623f1e1b",
      "title": "",
      "fullFile": "cypress/integration/project.spec.js",
      "file": "cypress/integration/project.spec.js",
      "beforeHooks": [],
      "afterHooks": [],
      "tests": [],
      "suites": [
        {
          "uuid": "4bd4dc56-6b07-4cfd-b3ca-a798ba05b3ae",
          "title": "1 - Adicione à página o título \"Paleta de Cores\".",
          "fullFile": "",
          "file": "",
          "beforeHooks": [],
          "afterHooks": [],
          "tests": [
            {
              "title": "Verifica se contém um elemento `h1` com o id `title` com o título correto",
              "fullTitle": "1 - Adicione à página o título \"Paleta de Cores\". Verifica se contém um elemento `h1` com o id `title` com o título correto",
              "timedOut": null,
              "duration": 211,
              "state": "passed",
              "speed": "slow",
              "pass": true,
              "fail": false,
              "pending": false,
              "context": null,
              "code": "cy.get('h1#title').should('contain.text', 'Paleta de Cores');",
              "err": {},
              "uuid": "d33cb533-6e76-47f0-8501-24d85b7d612f",
              "parentUUID": "4bd4dc56-6b07-4cfd-b3ca-a798ba05b3ae",
              "isHook": false,
              "skipped": false
            }
          ],
          "suites": [],
          "passes": [
            "d33cb533-6e76-47f0-8501-24d85b7d612f"
          ],
          "failures": [],
          "pending": [],
          "skipped": [],
          "duration": 211,
          "root": false,
          "rootEmpty": false,
          "_timeout": 2000
        },
        {
          "uuid": "e5e7f0cf-b823-4512-aea3-a4c969516767",
          "title": "2 - Adicione à página uma paleta de quatro cores distintas.",
          "fullFile": "",
          "file": "",
          "beforeHooks": [],
          "afterHooks": [],
          "tests": [
            {
              "title": "A paleta de cores deve ser um elemento com `id` denominado `color-palette` e ter mais de 0px de altura e de largura.",
              "fullTitle": "2 - Adicione à página uma paleta de quatro cores distintas. A paleta de cores deve ser um elemento com `id` denominado `color-palette` e ter mais de 0px de altura e de largura.",
              "timedOut": null,
              "duration": 159,
              "state": "passed",
              "speed": "slow",
              "pass": true,
              "fail": false,
              "pending": false,
              "context": null,
              "code": "cy.get('#color-palette').should('be.visible');\ncy.get('#color-palette').children('.color');",
              "err": {},
              "uuid": "f7efb0dc-4ef7-43bb-a6f3-238d63f62678",
              "parentUUID": "e5e7f0cf-b823-4512-aea3-a4c969516767",
              "isHook": false,
              "skipped": false
            },
            {
              "title": "Verifica se cada cor individual da paleta de cores possui a `classe` chamada `color`.",
              "fullTitle": "2 - Adicione à página uma paleta de quatro cores distintas. Verifica se cada cor individual da paleta de cores possui a `classe` chamada `color`.",
              "timedOut": null,
              "duration": 151,
              "state": "passed",
              "speed": "slow",
              "pass": true,
              "fail": false,
              "pending": false,
              "context": null,
              "code": "cy.get('.color').should('have.length', 4).then(function (colors) {\n  for (var i = 0; i < colors.length; i++) {\n    cy.wrap(colors[i]).should('be.visible');\n  }\n});",
              "err": {},
              "uuid": "5773798b-afe6-4280-a5ee-5c3d35f86c67",
              "parentUUID": "e5e7f0cf-b823-4512-aea3-a4c969516767",
              "isHook": false,
              "skipped": false
            },
            {
              "title": "Verifica se a cor de fundo de cada elemento da paleta é a cor que o elemento representa. **A única cor não permitida na paleta é a cor branca.**",
              "fullTitle": "2 - Adicione à página uma paleta de quatro cores distintas. Verifica se a cor de fundo de cada elemento da paleta é a cor que o elemento representa. **A única cor não permitida na paleta é a cor branca.**",
              "timedOut": null,
              "duration": 173,
              "state": "passed",
              "speed": "slow",
              "pass": true,
              "fail": false,
              "pending": false,
              "context": null,
              "code": "cy.get('.color').each(function (color) {\n  cy.wrap(color).should('have.class', 'color').and('not.have.css', 'background-color', WHITE);\n  cy.wrap(color).should('have.css', 'background-color');\n});",
              "err": {},
              "uuid": "0a6833e5-573c-498e-bc86-ce8716202d57",
              "parentUUID": "e5e7f0cf-b823-4512-aea3-a4c969516767",
              "isHook": false,
              "skipped": false
            },
            {
              "title": "Verifica se cada elemento da paleta de cores tem uma borda preta, sólida e com 1 pixel de largura;",
              "fullTitle": "2 - Adicione à página uma paleta de quatro cores distintas. Verifica se cada elemento da paleta de cores tem uma borda preta, sólida e com 1 pixel de largura;",
              "timedOut": null,
              "duration": 147,
              "state": "passed",
              "speed": "slow",
              "pass": true,
              "fail": false,
              "pending": false,
              "context": null,
              "code": "cy.get('.color').each(function (color) {\n  cy.wrap(color).and('have.css', 'border', \"1px solid \".concat(BLACK)).and('have.class', 'color');\n});",
              "err": {},
              "uuid": "0861b009-bdcb-4073-810b-140b30e7cd37",
              "parentUUID": "e5e7f0cf-b823-4512-aea3-a4c969516767",
              "isHook": false,
              "skipped": false
            },
            {
              "title": "Verifica se a paleta lista todas as cores disponíveis para utilização, lado a lado.",
              "fullTitle": "2 - Adicione à página uma paleta de quatro cores distintas. Verifica se a paleta lista todas as cores disponíveis para utilização, lado a lado.",
              "timedOut": null,
              "duration": 123,
              "state": "passed",
              "speed": "slow",
              "pass": true,
              "fail": false,
              "pending": false,
              "context": null,
              "code": "cy.get('.color').then(function (colors) {\n  for (var index = 1; index < colors.length; index += 1) {\n    var currentColor = colors[index];\n    var previousColor = colors[index - 1];\n    cy.wrap(currentColor).should('be.onTheRightOf', previousColor).and('be.horizontallyAlignedWith', previousColor);\n  }\n});",
              "err": {},
              "uuid": "755f48bf-b40f-43b9-9ab2-f064e3c4f3b4",
              "parentUUID": "e5e7f0cf-b823-4512-aea3-a4c969516767",
              "isHook": false,
              "skipped": false
            },
            {
              "title": "Verifica se a paleta de cores está posicionada abaixo do título 'Paleta de Cores'",
              "fullTitle": "2 - Adicione à página uma paleta de quatro cores distintas. Verifica se a paleta de cores está posicionada abaixo do título 'Paleta de Cores'",
              "timedOut": null,
              "duration": 150,
              "state": "passed",
              "speed": "slow",
              "pass": true,
              "fail": false,
              "pending": false,
              "context": null,
              "code": "cy.get('h1#title').then(function (title) {\n  cy.get('#color-palette').should('be.belowOf', title);\n});",
              "err": {},
              "uuid": "0f7c796d-6f84-401f-94b6-6dfc1a64e863",
              "parentUUID": "e5e7f0cf-b823-4512-aea3-a4c969516767",
              "isHook": false,
              "skipped": false
            },
            {
              "title": "Verifica se a paleta de cores não contém cores repetidas.",
              "fullTitle": "2 - Adicione à página uma paleta de quatro cores distintas. Verifica se a paleta de cores não contém cores repetidas.",
              "timedOut": null,
              "duration": 109,
              "state": "passed",
              "speed": "slow",
              "pass": true,
              "fail": false,
              "pending": false,
              "context": null,
              "code": "cy.get('.color').then(function (colors) {\n  var allColors = Array.from(colors).map(function (color) {\n    return Cypress.$(color).css('background-color');\n  });\n  cy.log(allColors);\n  var uniqColors = (0, _toConsumableArray2[\"default\"])(new Set(allColors));\n  cy.log(uniqColors);\n  expect(allColors.length).to.eq(uniqColors.length);\n});",
              "err": {},
              "uuid": "2456723a-1c8d-45b4-aa29-891574a0fecf",
              "parentUUID": "e5e7f0cf-b823-4512-aea3-a4c969516767",
              "isHook": false,
              "skipped": false
            }
          ],
          "suites": [],
          "passes": [
            "f7efb0dc-4ef7-43bb-a6f3-238d63f62678",
            "5773798b-afe6-4280-a5ee-5c3d35f86c67",
            "0a6833e5-573c-498e-bc86-ce8716202d57",
            "0861b009-bdcb-4073-810b-140b30e7cd37",
            "755f48bf-b40f-43b9-9ab2-f064e3c4f3b4",
            "0f7c796d-6f84-401f-94b6-6dfc1a64e863",
            "2456723a-1c8d-45b4-aa29-891574a0fecf"
          ],
          "failures": [],
          "pending": [],
          "skipped": [],
          "duration": 1012,
          "root": false,
          "rootEmpty": false,
          "_timeout": 2000
        },
        {
          "uuid": "8ca3e521-7473-40fd-811c-0c09f09f49e5",
          "title": "3 - Adicione a cor **preta** como a primeira cor da paleta de cores.",
          "fullFile": "",
          "file": "",
          "beforeHooks": [],
          "afterHooks": [],
          "tests": [
            {
              "title": "Verifica se a primeira cor da paleta é preta",
              "fullTitle": "3 - Adicione a cor **preta** como a primeira cor da paleta de cores. Verifica se a primeira cor da paleta é preta",
              "timedOut": null,
              "duration": 135,
              "state": "passed",
              "speed": "slow",
              "pass": true,
              "fail": false,
              "pending": false,
              "context": null,
              "code": "cy.get('.color').first().should('have.css', 'background-color', BLACK);",
              "err": {},
              "uuid": "398ac7c7-2dd4-4d1c-8967-b4cfa3eb7bf4",
              "parentUUID": "8ca3e521-7473-40fd-811c-0c09f09f49e5",
              "isHook": false,
              "skipped": false
            },
            {
              "title": "Verifica se as demais cores podem ser escolhidas livremente.",
              "fullTitle": "3 - Adicione a cor **preta** como a primeira cor da paleta de cores. Verifica se as demais cores podem ser escolhidas livremente.",
              "timedOut": null,
              "duration": 183,
              "state": "passed",
              "speed": "slow",
              "pass": true,
              "fail": false,
              "pending": false,
              "context": null,
              "code": "cy.get('.color').eq(1).should('not.have.css', 'background-color', BLACK);\ncy.get('.color').eq(1).should('not.have.css', 'background-color', WHITE);\ncy.get('.color').eq(1).should('not.have.css', 'background-color', 'rgba(0, 0, 0, 0)');\ncy.get('.color').eq(1).should('have.css', 'background-color');\ncy.get('.color').eq(2).should('not.have.css', 'background-color', BLACK);\ncy.get('.color').eq(2).should('not.have.css', 'background-color', WHITE);\ncy.get('.color').eq(2).should('not.have.css', 'background-color', 'rgba(0, 0, 0, 0)');\ncy.get('.color').eq(2).should('have.css', 'background-color');\ncy.get('.color').eq(3).should('not.have.css', 'background-color', BLACK);\ncy.get('.color').eq(3).should('not.have.css', 'background-color', WHITE);\ncy.get('.color').eq(3).should('not.have.css', 'background-color', 'rgba(0, 0, 0, 0)');\ncy.get('.color').eq(3).should('have.css', 'background-color');",
              "err": {},
              "uuid": "918357f0-6f8e-46f8-b4d4-4babdc821b8f",
              "parentUUID": "8ca3e521-7473-40fd-811c-0c09f09f49e5",
              "isHook": false,
              "skipped": false
            }
          ],
          "suites": [],
          "passes": [
            "398ac7c7-2dd4-4d1c-8967-b4cfa3eb7bf4",
            "918357f0-6f8e-46f8-b4d4-4babdc821b8f"
          ],
          "failures": [],
          "pending": [],
          "skipped": [],
          "duration": 318,
          "root": false,
          "rootEmpty": false,
          "_timeout": 2000
        },
        {
          "uuid": "e90d4320-9b9e-4c63-ad0b-92e06331be91",
          "title": "4 - Adicione à página um quadro de pixels, com 25 pixels.",
          "fullFile": "",
          "file": "",
          "beforeHooks": [],
          "afterHooks": [],
          "tests": [
            {
              "title": "Verifica se o quadro de pixels possui o `id` denominado `pixel-board`",
              "fullTitle": "4 - Adicione à página um quadro de pixels, com 25 pixels. Verifica se o quadro de pixels possui o `id` denominado `pixel-board`",
              "timedOut": null,
              "duration": 115,
              "state": "passed",
              "speed": "slow",
              "pass": true,
              "fail": false,
              "pending": false,
              "context": null,
              "code": "cy.get('#pixel-board').should('be.visible');",
              "err": {},
              "uuid": "9941bf04-200d-4fb5-b107-cd8185c1bdf8",
              "parentUUID": "e90d4320-9b9e-4c63-ad0b-92e06331be91",
              "isHook": false,
              "skipped": false
            },
            {
              "title": "Verifica se cada pixel individual dentro do quadro possui a `classe` denominada `pixel`.",
              "fullTitle": "4 - Adicione à página um quadro de pixels, com 25 pixels. Verifica se cada pixel individual dentro do quadro possui a `classe` denominada `pixel`.",
              "timedOut": null,
              "duration": 130,
              "state": "passed",
              "speed": "slow",
              "pass": true,
              "fail": false,
              "pending": false,
              "context": null,
              "code": "cy.get('.pixel').should('have.length', 25);",
              "err": {},
              "uuid": "034857a3-8ad3-4b1f-acba-5509eab9fdfe",
              "parentUUID": "e90d4320-9b9e-4c63-ad0b-92e06331be91",
              "isHook": false,
              "skipped": false
            },
            {
              "title": "Verifica se a cor inicial dos pixels dentro do quadro, ao abrir a página, é branca.",
              "fullTitle": "4 - Adicione à página um quadro de pixels, com 25 pixels. Verifica se a cor inicial dos pixels dentro do quadro, ao abrir a página, é branca.",
              "timedOut": null,
              "duration": 235,
              "state": "passed",
              "speed": "slow",
              "pass": true,
              "fail": false,
              "pending": false,
              "context": null,
              "code": "cy.get('.pixel').should('have.length', 25).each(function (pixel) {\n  expect(pixel).to.have.css('background-color', WHITE);\n});",
              "err": {},
              "uuid": "fc378fd4-dfc2-4601-9e12-3b39e2272ace",
              "parentUUID": "e90d4320-9b9e-4c63-ad0b-92e06331be91",
              "isHook": false,
              "skipped": false
            },
            {
              "title": "Verifica se o quadro de pixels aparece abaixo da paleta de cores",
              "fullTitle": "4 - Adicione à página um quadro de pixels, com 25 pixels. Verifica se o quadro de pixels aparece abaixo da paleta de cores",
              "timedOut": null,
              "duration": 118,
              "state": "passed",
              "speed": "slow",
              "pass": true,
              "fail": false,
              "pending": false,
              "context": null,
              "code": "cy.get('#color-palette').then(function (palette) {\n  cy.get('#pixel-board').should('be.belowOf', palette);\n});",
              "err": {},
              "uuid": "212d0d17-42e9-4419-8bb6-697b505efbe6",
              "parentUUID": "e90d4320-9b9e-4c63-ad0b-92e06331be91",
              "isHook": false,
              "skipped": false
            }
          ],
          "suites": [],
          "passes": [
            "9941bf04-200d-4fb5-b107-cd8185c1bdf8",
            "034857a3-8ad3-4b1f-acba-5509eab9fdfe",
            "fc378fd4-dfc2-4601-9e12-3b39e2272ace",
            "212d0d17-42e9-4419-8bb6-697b505efbe6"
          ],
          "failures": [],
          "pending": [],
          "skipped": [],
          "duration": 598,
          "root": false,
          "rootEmpty": false,
          "_timeout": 2000
        },
        {
          "uuid": "0444aaf6-9bab-4281-8546-f94037556db8",
          "title": "5 - Faça com que cada elemento do quadro de pixels possua 40 pixels de largura, 40 pixels de altura e seja delimitado por uma borda preta de 1 pixel.",
          "fullFile": "",
          "file": "",
          "beforeHooks": [],
          "afterHooks": [],
          "tests": [
            {
              "title": "Verifica se o quadro de pixels tem altura e comprimento de 5 elementos",
              "fullTitle": "5 - Faça com que cada elemento do quadro de pixels possua 40 pixels de largura, 40 pixels de altura e seja delimitado por uma borda preta de 1 pixel. Verifica se o quadro de pixels tem altura e comprimento de 5 elementos",
              "timedOut": null,
              "duration": 344,
              "state": "passed",
              "speed": "slow",
              "pass": true,
              "fail": false,
              "pending": false,
              "context": null,
              "code": "cy.get('.pixel').should('have.length', 25).each(function (pixel) {\n  expect(pixel).to.have.css('background-color', WHITE);\n}).and(function (pixels) {\n  var rows = chunk(pixels, 5);\n  rows.forEach(function (row) {\n    for (var index = 1; index < row.length; index += 1) {\n      var current = pixels[index];\n      var previous = pixels[index - 1];\n      cy.wrap(current).should('be.onTheRightOf', previous).and('be.horizontallyAlignedWith', previous);\n    }\n  });\n  for (var index = 1; index < 5; index += 1) {\n    expect(pixels[index * 5]).to.be.belowOf(pixels[(index - 1) * 5]);\n  }\n});",
              "err": {},
              "uuid": "95e4b367-e48b-487e-a33c-054af725a08f",
              "parentUUID": "0444aaf6-9bab-4281-8546-f94037556db8",
              "isHook": false,
              "skipped": false
            },
            {
              "title": "Verifica se 40 pixels é o tamanho total do elemento, incluindo seu conteúdo e excluindo a borda preta, que deve ser criada à parte.",
              "fullTitle": "5 - Faça com que cada elemento do quadro de pixels possua 40 pixels de largura, 40 pixels de altura e seja delimitado por uma borda preta de 1 pixel. Verifica se 40 pixels é o tamanho total do elemento, incluindo seu conteúdo e excluindo a borda preta, que deve ser criada à parte.",
              "timedOut": null,
              "duration": 269,
              "state": "passed",
              "speed": "slow",
              "pass": true,
              "fail": false,
              "pending": false,
              "context": null,
              "code": "cy.get('.pixel').each(function (pixel) {\n  cy.wrap(pixel).should('have.css', 'height', '40px').and('have.css', 'width', '40px').and('have.css', 'border', \"1px solid \".concat(BLACK));\n});",
              "err": {},
              "uuid": "e99efbf6-4e5c-4ec8-8013-ecf026c96447",
              "parentUUID": "0444aaf6-9bab-4281-8546-f94037556db8",
              "isHook": false,
              "skipped": false
            }
          ],
          "suites": [],
          "passes": [
            "95e4b367-e48b-487e-a33c-054af725a08f",
            "e99efbf6-4e5c-4ec8-8013-ecf026c96447"
          ],
          "failures": [],
          "pending": [],
          "skipped": [],
          "duration": 613,
          "root": false,
          "rootEmpty": false,
          "_timeout": 2000
        },
        {
          "uuid": "c4cd84d9-3d46-403f-b7c7-9a5e5885909f",
          "title": "6 - Defina a cor preta como cor inicial. Ao carregar a página a cor preta já deve estar selecionada para pintar os pixels",
          "fullFile": "",
          "file": "",
          "beforeHooks": [],
          "afterHooks": [],
          "tests": [
            {
              "title": "Verifica se o elemento da cor preta possui, inicialmente, a `classe` `selected`",
              "fullTitle": "6 - Defina a cor preta como cor inicial. Ao carregar a página a cor preta já deve estar selecionada para pintar os pixels Verifica se o elemento da cor preta possui, inicialmente, a `classe` `selected`",
              "timedOut": null,
              "duration": 102,
              "state": "passed",
              "speed": "slow",
              "pass": true,
              "fail": false,
              "pending": false,
              "context": null,
              "code": "cy.get('.selected').first().should('have.css', 'background-color', BLACK);",
              "err": {},
              "uuid": "7e078b35-77af-4b2a-ab39-35bdea9a3baa",
              "parentUUID": "c4cd84d9-3d46-403f-b7c7-9a5e5885909f",
              "isHook": false,
              "skipped": false
            },
            {
              "title": "Verifica se nenhuma outra cor da paleta tem a `classe` `selected`",
              "fullTitle": "6 - Defina a cor preta como cor inicial. Ao carregar a página a cor preta já deve estar selecionada para pintar os pixels Verifica se nenhuma outra cor da paleta tem a `classe` `selected`",
              "timedOut": null,
              "duration": 141,
              "state": "passed",
              "speed": "slow",
              "pass": true,
              "fail": false,
              "pending": false,
              "context": null,
              "code": "cy.get('.color:not(:first-child)').each(function (color) {\n  cy.wrap(color).should('not.have.class', 'selected');\n});",
              "err": {},
              "uuid": "2c4f2991-7db4-4205-bfac-3cdad2d72b4a",
              "parentUUID": "c4cd84d9-3d46-403f-b7c7-9a5e5885909f",
              "isHook": false,
              "skipped": false
            }
          ],
          "suites": [],
          "passes": [
            "7e078b35-77af-4b2a-ab39-35bdea9a3baa",
            "2c4f2991-7db4-4205-bfac-3cdad2d72b4a"
          ],
          "failures": [],
          "pending": [],
          "skipped": [],
          "duration": 243,
          "root": false,
          "rootEmpty": false,
          "_timeout": 2000
        },
        {
          "uuid": "0b4f2a92-1f5e-49c1-8abe-9996cb9ede56",
          "title": "7 - Clicar em uma das cores da paleta, faz com que ela seja selecionada e utilizada para preencher os pixels no quadro.",
          "fullFile": "",
          "file": "",
          "beforeHooks": [],
          "afterHooks": [],
          "tests": [
            {
              "title": "Verifica se somente uma cor da paleta de cores tem a classe `selected` de cada vez",
              "fullTitle": "7 - Clicar em uma das cores da paleta, faz com que ela seja selecionada e utilizada para preencher os pixels no quadro. Verifica se somente uma cor da paleta de cores tem a classe `selected` de cada vez",
              "timedOut": null,
              "duration": 501,
              "state": "passed",
              "speed": "slow",
              "pass": true,
              "fail": false,
              "pending": false,
              "context": null,
              "code": "cy.get('.color').each(function (selectedColor, selectedColorIndex) {\n  cy.wrap(selectedColor).click();\n  cy.get('.color').each(function (color, colorIndex) {\n    if (colorIndex === selectedColorIndex) {\n      expect(color).to.have[\"class\"]('selected');\n    } else {\n      expect(color).not.to.have[\"class\"]('selected');\n    }\n  });\n});",
              "err": {},
              "uuid": "18dc7591-2a92-4be5-852e-681ac0061626",
              "parentUUID": "0b4f2a92-1f5e-49c1-8abe-9996cb9ede56",
              "isHook": false,
              "skipped": false
            },
            {
              "title": "Verifica se os pixels dentro do quadro não têm a classe `selected` quando são clicados",
              "fullTitle": "7 - Clicar em uma das cores da paleta, faz com que ela seja selecionada e utilizada para preencher os pixels no quadro. Verifica se os pixels dentro do quadro não têm a classe `selected` quando são clicados",
              "timedOut": null,
              "duration": 8826,
              "state": "passed",
              "speed": "slow",
              "pass": true,
              "fail": false,
              "pending": false,
              "context": null,
              "code": "cy.get('.color').each(function (color) {\n  var backgroundColor = color.css('background-color');\n  cy.wrap(color).click();\n  cy.get('.pixel').each(function (pixel) {\n    cy.wrap(pixel).click().should('not.have.class', 'selected');\n  });\n});",
              "err": {},
              "uuid": "9d3f138e-2378-42f1-adea-f4801dd833f8",
              "parentUUID": "0b4f2a92-1f5e-49c1-8abe-9996cb9ede56",
              "isHook": false,
              "skipped": false
            }
          ],
          "suites": [],
          "passes": [
            "18dc7591-2a92-4be5-852e-681ac0061626",
            "9d3f138e-2378-42f1-adea-f4801dd833f8"
          ],
          "failures": [],
          "pending": [],
          "skipped": [],
          "duration": 9327,
          "root": false,
          "rootEmpty": false,
          "_timeout": 2000
        },
        {
          "uuid": "ab8a37e7-3908-4181-b601-4e55b0b35b42",
          "title": "8 - Clicar em um pixel dentro do quadro após selecionar uma cor na paleta, faz com que o pixel seja preenchido com a cor selecionada.",
          "fullFile": "",
          "file": "",
          "beforeHooks": [],
          "afterHooks": [],
          "tests": [
            {
              "title": "Verifica se ao carregar a página deve ser possível pintar os pixels de preto",
              "fullTitle": "8 - Clicar em um pixel dentro do quadro após selecionar uma cor na paleta, faz com que o pixel seja preenchido com a cor selecionada. Verifica se ao carregar a página deve ser possível pintar os pixels de preto",
              "timedOut": null,
              "duration": 4430,
              "state": "failed",
              "speed": null,
              "pass": false,
              "fail": true,
              "pending": false,
              "context": null,
              "code": "cy.get('.pixel').each(function (pixel) {\n  cy.wrap(pixel).click().should('have.css', 'background-color', BLACK);\n});",
              "err": {
                "message": "CypressError: Timed out retrying: expected '<div.pixel>' to have CSS property 'background-color' with the value 'rgb(0, 0, 0)', but the value was 'rgb(255, 255, 255)'",
                "estack": "CypressError: Timed out retrying: expected '<div.pixel>' to have CSS property 'background-color' with the value 'rgb(0, 0, 0)', but the value was 'rgb(255, 255, 255)'\n    at cypressErr (http://localhost:35507/__cypress/runner/cypress_runner.js:149934:9)\n    at throwErr (http://localhost:35507/__cypress/runner/cypress_runner.js:149867:11)\n    at Object.throwErrByPath (http://localhost:35507/__cypress/runner/cypress_runner.js:149915:3)\n    at retry (http://localhost:35507/__cypress/runner/cypress_runner.js:144197:19)\n    at onFailFn (http://localhost:35507/__cypress/runner/cypress_runner.js:132448:16)\n    at tryCatcher (http://localhost:35507/__cypress/runner/cypress_runner.js:167415:23)\n    at Promise._settlePromiseFromHandler (http://localhost:35507/__cypress/runner/cypress_runner.js:165351:31)\n    at Promise._settlePromise (http://localhost:35507/__cypress/runner/cypress_runner.js:165408:18)\n    at Promise._settlePromise0 (http://localhost:35507/__cypress/runner/cypress_runner.js:165453:10)\n    at Promise._settlePromises (http://localhost:35507/__cypress/runner/cypress_runner.js:165528:18)\n    at Async../node_modules/bluebird/js/release/async.js.Async._drainQueue (http://localhost:35507/__cypress/runner/cypress_runner.js:162140:16)\n    at Async../node_modules/bluebird/js/release/async.js.Async._drainQueues (http://localhost:35507/__cypress/runner/cypress_runner.js:162150:10)\n    at Async.drainQueues (http://localhost:35507/__cypress/runner/cypress_runner.js:162024:14)",
                "diff": null
              },
              "uuid": "0451bca6-02eb-44b6-a49d-e12d9bdabcff",
              "parentUUID": "ab8a37e7-3908-4181-b601-4e55b0b35b42",
              "isHook": false,
              "skipped": false
            },
            {
              "title": "Verifica se após selecionar uma outra cor na paleta, é possível pintar os pixels com essa cor",
              "fullTitle": "8 - Clicar em um pixel dentro do quadro após selecionar uma cor na paleta, faz com que o pixel seja preenchido com a cor selecionada. Verifica se após selecionar uma outra cor na paleta, é possível pintar os pixels com essa cor",
              "timedOut": null,
              "duration": 4452,
              "state": "failed",
              "speed": null,
              "pass": false,
              "fail": true,
              "pending": false,
              "context": null,
              "code": "cy.get('.color').each(function (color) {\n  var backgroundColor = color.css('background-color');\n  cy.wrap(color).click();\n  cy.get('.pixel').each(function (pixel) {\n    cy.wrap(pixel).click().should('have.css', 'background-color', backgroundColor);\n  });\n});",
              "err": {
                "message": "CypressError: Timed out retrying: expected '<div.pixel>' to have CSS property 'background-color' with the value 'rgb(0, 0, 0)', but the value was 'rgb(255, 255, 255)'",
                "estack": "CypressError: Timed out retrying: expected '<div.pixel>' to have CSS property 'background-color' with the value 'rgb(0, 0, 0)', but the value was 'rgb(255, 255, 255)'\n    at cypressErr (http://localhost:35507/__cypress/runner/cypress_runner.js:149934:9)\n    at throwErr (http://localhost:35507/__cypress/runner/cypress_runner.js:149867:11)\n    at Object.throwErrByPath (http://localhost:35507/__cypress/runner/cypress_runner.js:149915:3)\n    at retry (http://localhost:35507/__cypress/runner/cypress_runner.js:144197:19)\n    at onFailFn (http://localhost:35507/__cypress/runner/cypress_runner.js:132448:16)\n    at tryCatcher (http://localhost:35507/__cypress/runner/cypress_runner.js:167415:23)\n    at Promise._settlePromiseFromHandler (http://localhost:35507/__cypress/runner/cypress_runner.js:165351:31)\n    at Promise._settlePromise (http://localhost:35507/__cypress/runner/cypress_runner.js:165408:18)\n    at Promise._settlePromise0 (http://localhost:35507/__cypress/runner/cypress_runner.js:165453:10)\n    at Promise._settlePromises (http://localhost:35507/__cypress/runner/cypress_runner.js:165528:18)\n    at Async../node_modules/bluebird/js/release/async.js.Async._drainQueue (http://localhost:35507/__cypress/runner/cypress_runner.js:162140:16)\n    at Async../node_modules/bluebird/js/release/async.js.Async._drainQueues (http://localhost:35507/__cypress/runner/cypress_runner.js:162150:10)\n    at Async.drainQueues (http://localhost:35507/__cypress/runner/cypress_runner.js:162024:14)",
                "diff": null
              },
              "uuid": "1e8aa7ec-e6ab-4eb4-8163-6c44b6b2ef9f",
              "parentUUID": "ab8a37e7-3908-4181-b601-4e55b0b35b42",
              "isHook": false,
              "skipped": false
            },
            {
              "title": "Verifica se somente o pixel que foi clicado foi preenchido com a cor selecionada, sem influenciar na cor dos demais pixels.",
              "fullTitle": "8 - Clicar em um pixel dentro do quadro após selecionar uma cor na paleta, faz com que o pixel seja preenchido com a cor selecionada. Verifica se somente o pixel que foi clicado foi preenchido com a cor selecionada, sem influenciar na cor dos demais pixels.",
              "timedOut": null,
              "duration": 1412,
              "state": "passed",
              "speed": "slow",
              "pass": true,
              "fail": false,
              "pending": false,
              "context": null,
              "code": "var colorToPixelIndexMap = {\n  0: 6,\n  1: 8,\n  2: 16,\n  3: 18\n};\ncy.get('.color').each(function (color, index) {\n  cy.wrap(color).click();\n  var backgroundColor = color.css('background-color');\n  var clickedPixelIndex = colorToPixelIndexMap[index];\n  cy.get('.pixel').eq(clickedPixelIndex).click();\n  cy.get('.pixel').eq(clickedPixelIndex - 1).should('not.have.css', 'background-color', backgroundColor);\n  cy.get('.pixel').eq(clickedPixelIndex + 1).should('not.have.css', 'background-color', backgroundColor);\n  cy.get('.pixel').eq(clickedPixelIndex - 5).should('not.have.css', 'background-color', backgroundColor);\n  cy.get('.pixel').eq(clickedPixelIndex + 5).should('not.have.css', 'background-color', backgroundColor);\n  cy.get('.pixel').eq(clickedPixelIndex - 6).should('not.have.css', 'background-color', backgroundColor);\n  cy.get('.pixel').eq(clickedPixelIndex - 4).should('not.have.css', 'background-color', backgroundColor);\n  cy.get('.pixel').eq(clickedPixelIndex + 4).should('not.have.css', 'background-color', backgroundColor);\n  cy.get('.pixel').eq(clickedPixelIndex + 6).should('not.have.css', 'background-color', backgroundColor);\n});",
              "err": {},
              "uuid": "457ddb67-6b97-461e-a827-6b350310a9ea",
              "parentUUID": "ab8a37e7-3908-4181-b601-4e55b0b35b42",
              "isHook": false,
              "skipped": false
            }
          ],
          "suites": [],
          "passes": [
            "457ddb67-6b97-461e-a827-6b350310a9ea"
          ],
          "failures": [
            "0451bca6-02eb-44b6-a49d-e12d9bdabcff",
            "1e8aa7ec-e6ab-4eb4-8163-6c44b6b2ef9f"
          ],
          "pending": [],
          "skipped": [],
          "duration": 10294,
          "root": false,
          "rootEmpty": false,
          "_timeout": 2000
        },
        {
          "uuid": "7b3614b1-f470-4e52-ae34-870402eea89a",
          "title": "9 - Crie um botão que, ao ser clicado, limpa o quadro preenchendo a cor de todos seus pixels com branco.",
          "fullFile": "",
          "file": "",
          "beforeHooks": [],
          "afterHooks": [],
          "tests": [
            {
              "title": "Verifica se o botão tem o `id` denominado `clear-board`",
              "fullTitle": "9 - Crie um botão que, ao ser clicado, limpa o quadro preenchendo a cor de todos seus pixels com branco. Verifica se o botão tem o `id` denominado `clear-board`",
              "timedOut": null,
              "duration": 4306,
              "state": "failed",
              "speed": null,
              "pass": false,
              "fail": true,
              "pending": false,
              "context": null,
              "code": "cy.get('#clear-board').should('be.visible');",
              "err": {
                "message": "CypressError: Timed out retrying: Expected to find element: '#clear-board', but never found it.",
                "estack": "CypressError: Timed out retrying: Expected to find element: '#clear-board', but never found it.\n    at cypressErr (http://localhost:35507/__cypress/runner/cypress_runner.js:149934:9)\n    at throwErr (http://localhost:35507/__cypress/runner/cypress_runner.js:149867:11)\n    at Object.throwErrByPath (http://localhost:35507/__cypress/runner/cypress_runner.js:149915:3)\n    at retry (http://localhost:35507/__cypress/runner/cypress_runner.js:144197:19)\n    at onFailFn (http://localhost:35507/__cypress/runner/cypress_runner.js:132448:16)\n    at tryCatcher (http://localhost:35507/__cypress/runner/cypress_runner.js:167415:23)\n    at Promise._settlePromiseFromHandler (http://localhost:35507/__cypress/runner/cypress_runner.js:165351:31)\n    at Promise._settlePromise (http://localhost:35507/__cypress/runner/cypress_runner.js:165408:18)\n    at Promise._settlePromise0 (http://localhost:35507/__cypress/runner/cypress_runner.js:165453:10)\n    at Promise._settlePromises (http://localhost:35507/__cypress/runner/cypress_runner.js:165528:18)\n    at Async../node_modules/bluebird/js/release/async.js.Async._drainQueue (http://localhost:35507/__cypress/runner/cypress_runner.js:162140:16)\n    at Async../node_modules/bluebird/js/release/async.js.Async._drainQueues (http://localhost:35507/__cypress/runner/cypress_runner.js:162150:10)\n    at Async.drainQueues (http://localhost:35507/__cypress/runner/cypress_runner.js:162024:14)",
                "diff": null
              },
              "uuid": "97f03429-7443-4dde-bb18-8d002db42ae3",
              "parentUUID": "7b3614b1-f470-4e52-ae34-870402eea89a",
              "isHook": false,
              "skipped": false
            },
            {
              "title": "Verifica se o botão está posicionado entre a paleta de cores e o quadro de pixels",
              "fullTitle": "9 - Crie um botão que, ao ser clicado, limpa o quadro preenchendo a cor de todos seus pixels com branco. Verifica se o botão está posicionado entre a paleta de cores e o quadro de pixels",
              "timedOut": null,
              "duration": 4386,
              "state": "failed",
              "speed": null,
              "pass": false,
              "fail": true,
              "pending": false,
              "context": null,
              "code": "cy.get('#color-palette').then(function (palette) {\n  cy.get('#clear-board').should('be.belowOf', palette);\n});\ncy.get('#clear-board').then(function (clearBtn) {\n  cy.get('#pixel-board').should('be.belowOf', clearBtn);\n});",
              "err": {
                "message": "CypressError: Timed out retrying: Expected to find element: '#clear-board', but never found it.",
                "estack": "CypressError: Timed out retrying: Expected to find element: '#clear-board', but never found it.\n    at cypressErr (http://localhost:35507/__cypress/runner/cypress_runner.js:149934:9)\n    at throwErr (http://localhost:35507/__cypress/runner/cypress_runner.js:149867:11)\n    at Object.throwErrByPath (http://localhost:35507/__cypress/runner/cypress_runner.js:149915:3)\n    at retry (http://localhost:35507/__cypress/runner/cypress_runner.js:144197:19)\n    at onFailFn (http://localhost:35507/__cypress/runner/cypress_runner.js:132448:16)\n    at tryCatcher (http://localhost:35507/__cypress/runner/cypress_runner.js:167415:23)\n    at Promise._settlePromiseFromHandler (http://localhost:35507/__cypress/runner/cypress_runner.js:165351:31)\n    at Promise._settlePromise (http://localhost:35507/__cypress/runner/cypress_runner.js:165408:18)\n    at Promise._settlePromise0 (http://localhost:35507/__cypress/runner/cypress_runner.js:165453:10)\n    at Promise._settlePromises (http://localhost:35507/__cypress/runner/cypress_runner.js:165528:18)\n    at Async../node_modules/bluebird/js/release/async.js.Async._drainQueue (http://localhost:35507/__cypress/runner/cypress_runner.js:162140:16)\n    at Async../node_modules/bluebird/js/release/async.js.Async._drainQueues (http://localhost:35507/__cypress/runner/cypress_runner.js:162150:10)\n    at Async.drainQueues (http://localhost:35507/__cypress/runner/cypress_runner.js:162024:14)",
                "diff": null
              },
              "uuid": "7aeeebc8-b256-4037-ad07-6ff9c437c6cb",
              "parentUUID": "7b3614b1-f470-4e52-ae34-870402eea89a",
              "isHook": false,
              "skipped": false
            },
            {
              "title": "Verifica se o texto do botão é 'Limpar'",
              "fullTitle": "9 - Crie um botão que, ao ser clicado, limpa o quadro preenchendo a cor de todos seus pixels com branco. Verifica se o texto do botão é 'Limpar'",
              "timedOut": null,
              "duration": 4428,
              "state": "failed",
              "speed": null,
              "pass": false,
              "fail": true,
              "pending": false,
              "context": null,
              "code": "cy.get('#clear-board').should('contain.text', 'Limpar');",
              "err": {
                "message": "CypressError: Timed out retrying: Expected to find element: '#clear-board', but never found it.",
                "estack": "CypressError: Timed out retrying: Expected to find element: '#clear-board', but never found it.\n    at cypressErr (http://localhost:35507/__cypress/runner/cypress_runner.js:149934:9)\n    at throwErr (http://localhost:35507/__cypress/runner/cypress_runner.js:149867:11)\n    at Object.throwErrByPath (http://localhost:35507/__cypress/runner/cypress_runner.js:149915:3)\n    at retry (http://localhost:35507/__cypress/runner/cypress_runner.js:144197:19)\n    at onFailFn (http://localhost:35507/__cypress/runner/cypress_runner.js:132448:16)\n    at tryCatcher (http://localhost:35507/__cypress/runner/cypress_runner.js:167415:23)\n    at Promise._settlePromiseFromHandler (http://localhost:35507/__cypress/runner/cypress_runner.js:165351:31)\n    at Promise._settlePromise (http://localhost:35507/__cypress/runner/cypress_runner.js:165408:18)\n    at Promise._settlePromise0 (http://localhost:35507/__cypress/runner/cypress_runner.js:165453:10)\n    at Promise._settlePromises (http://localhost:35507/__cypress/runner/cypress_runner.js:165528:18)\n    at Async../node_modules/bluebird/js/release/async.js.Async._drainQueue (http://localhost:35507/__cypress/runner/cypress_runner.js:162140:16)\n    at Async../node_modules/bluebird/js/release/async.js.Async._drainQueues (http://localhost:35507/__cypress/runner/cypress_runner.js:162150:10)\n    at Async.drainQueues (http://localhost:35507/__cypress/runner/cypress_runner.js:162024:14)",
                "diff": null
              },
              "uuid": "87f1c000-80dc-4f9c-b208-f206d13db776",
              "parentUUID": "7b3614b1-f470-4e52-ae34-870402eea89a",
              "isHook": false,
              "skipped": false
            },
            {
              "title": "Verifica se ao clicar no botão, o quadro de pixels é totalmente preenchido de branco",
              "fullTitle": "9 - Crie um botão que, ao ser clicado, limpa o quadro preenchendo a cor de todos seus pixels com branco. Verifica se ao clicar no botão, o quadro de pixels é totalmente preenchido de branco",
              "timedOut": null,
              "duration": 4653,
              "state": "failed",
              "speed": null,
              "pass": false,
              "fail": true,
              "pending": false,
              "context": null,
              "code": "cy.get('.color').eq(1).then(function (color) {\n  var backgroundColor = color.css('background-color');\n  cy.wrap(color).click();\n  cy.get('.pixel').each(function (pixel) {\n    cy.wrap(pixel).click().should('have.css', 'background-color', backgroundColor);\n  });\n});\ncy.get('#clear-board').click();\ncy.get('.pixel').each(function (pixel) {\n  cy.wrap(pixel).should('have.css', 'background-color', WHITE);\n});",
              "err": {
                "message": "CypressError: Timed out retrying: expected '<div.pixel>' to have CSS property 'background-color' with the value 'rgb(0, 0, 255)', but the value was 'rgb(255, 255, 255)'",
                "estack": "CypressError: Timed out retrying: expected '<div.pixel>' to have CSS property 'background-color' with the value 'rgb(0, 0, 255)', but the value was 'rgb(255, 255, 255)'\n    at cypressErr (http://localhost:35507/__cypress/runner/cypress_runner.js:149934:9)\n    at throwErr (http://localhost:35507/__cypress/runner/cypress_runner.js:149867:11)\n    at Object.throwErrByPath (http://localhost:35507/__cypress/runner/cypress_runner.js:149915:3)\n    at retry (http://localhost:35507/__cypress/runner/cypress_runner.js:144197:19)\n    at onFailFn (http://localhost:35507/__cypress/runner/cypress_runner.js:132448:16)\n    at tryCatcher (http://localhost:35507/__cypress/runner/cypress_runner.js:167415:23)\n    at Promise._settlePromiseFromHandler (http://localhost:35507/__cypress/runner/cypress_runner.js:165351:31)\n    at Promise._settlePromise (http://localhost:35507/__cypress/runner/cypress_runner.js:165408:18)\n    at Promise._settlePromise0 (http://localhost:35507/__cypress/runner/cypress_runner.js:165453:10)\n    at Promise._settlePromises (http://localhost:35507/__cypress/runner/cypress_runner.js:165528:18)\n    at Async../node_modules/bluebird/js/release/async.js.Async._drainQueue (http://localhost:35507/__cypress/runner/cypress_runner.js:162140:16)\n    at Async../node_modules/bluebird/js/release/async.js.Async._drainQueues (http://localhost:35507/__cypress/runner/cypress_runner.js:162150:10)\n    at Async.drainQueues (http://localhost:35507/__cypress/runner/cypress_runner.js:162024:14)",
                "diff": null
              },
              "uuid": "28604467-5f08-4d43-a4fb-6ce2c9b183c0",
              "parentUUID": "7b3614b1-f470-4e52-ae34-870402eea89a",
              "isHook": false,
              "skipped": false
            }
          ],
          "suites": [],
          "passes": [],
          "failures": [
            "97f03429-7443-4dde-bb18-8d002db42ae3",
            "7aeeebc8-b256-4037-ad07-6ff9c437c6cb",
            "87f1c000-80dc-4f9c-b208-f206d13db776",
            "28604467-5f08-4d43-a4fb-6ce2c9b183c0"
          ],
          "pending": [],
          "skipped": [],
          "duration": 17773,
          "root": false,
          "rootEmpty": false,
          "_timeout": 2000
        },
        {
          "uuid": "fd5016fa-1cbc-4602-a1f5-a3def7d21402",
          "title": "10 - Faça o quadro de pixels ter seu tamanho definido pelo usuário.",
          "fullFile": "",
          "file": "",
          "beforeHooks": [],
          "afterHooks": [],
          "tests": [
            {
              "title": "Verifica se existe um input com o id `board-size`",
              "fullTitle": "10 - Faça o quadro de pixels ter seu tamanho definido pelo usuário. Verifica se existe um input com o id `board-size`",
              "timedOut": null,
              "duration": 4372,
              "state": "failed",
              "speed": null,
              "pass": false,
              "fail": true,
              "pending": false,
              "context": null,
              "code": "cy.get('#board-size').should('be.visible');",
              "err": {
                "message": "CypressError: Timed out retrying: Expected to find element: '#board-size', but never found it.",
                "estack": "CypressError: Timed out retrying: Expected to find element: '#board-size', but never found it.\n    at cypressErr (http://localhost:35507/__cypress/runner/cypress_runner.js:149934:9)\n    at throwErr (http://localhost:35507/__cypress/runner/cypress_runner.js:149867:11)\n    at Object.throwErrByPath (http://localhost:35507/__cypress/runner/cypress_runner.js:149915:3)\n    at retry (http://localhost:35507/__cypress/runner/cypress_runner.js:144197:19)\n    at onFailFn (http://localhost:35507/__cypress/runner/cypress_runner.js:132448:16)\n    at tryCatcher (http://localhost:35507/__cypress/runner/cypress_runner.js:167415:23)\n    at Promise._settlePromiseFromHandler (http://localhost:35507/__cypress/runner/cypress_runner.js:165351:31)\n    at Promise._settlePromise (http://localhost:35507/__cypress/runner/cypress_runner.js:165408:18)\n    at Promise._settlePromise0 (http://localhost:35507/__cypress/runner/cypress_runner.js:165453:10)\n    at Promise._settlePromises (http://localhost:35507/__cypress/runner/cypress_runner.js:165528:18)\n    at Async../node_modules/bluebird/js/release/async.js.Async._drainQueue (http://localhost:35507/__cypress/runner/cypress_runner.js:162140:16)\n    at Async../node_modules/bluebird/js/release/async.js.Async._drainQueues (http://localhost:35507/__cypress/runner/cypress_runner.js:162150:10)\n    at Async.drainQueues (http://localhost:35507/__cypress/runner/cypress_runner.js:162024:14)",
                "diff": null
              },
              "uuid": "f3691339-545f-4f90-812b-828df76f9455",
              "parentUUID": "fd5016fa-1cbc-4602-a1f5-a3def7d21402",
              "isHook": false,
              "skipped": false
            },
            {
              "title": "Verifica se existe um botão com o id `generate-board`",
              "fullTitle": "10 - Faça o quadro de pixels ter seu tamanho definido pelo usuário. Verifica se existe um botão com o id `generate-board`",
              "timedOut": null,
              "duration": 4382,
              "state": "failed",
              "speed": null,
              "pass": false,
              "fail": true,
              "pending": false,
              "context": null,
              "code": "cy.get('#generate-board').should('be.visible');",
              "err": {
                "message": "CypressError: Timed out retrying: Expected to find element: '#generate-board', but never found it.",
                "estack": "CypressError: Timed out retrying: Expected to find element: '#generate-board', but never found it.\n    at cypressErr (http://localhost:35507/__cypress/runner/cypress_runner.js:149934:9)\n    at throwErr (http://localhost:35507/__cypress/runner/cypress_runner.js:149867:11)\n    at Object.throwErrByPath (http://localhost:35507/__cypress/runner/cypress_runner.js:149915:3)\n    at retry (http://localhost:35507/__cypress/runner/cypress_runner.js:144197:19)\n    at onFailFn (http://localhost:35507/__cypress/runner/cypress_runner.js:132448:16)\n    at tryCatcher (http://localhost:35507/__cypress/runner/cypress_runner.js:167415:23)\n    at Promise._settlePromiseFromHandler (http://localhost:35507/__cypress/runner/cypress_runner.js:165351:31)\n    at Promise._settlePromise (http://localhost:35507/__cypress/runner/cypress_runner.js:165408:18)\n    at Promise._settlePromise0 (http://localhost:35507/__cypress/runner/cypress_runner.js:165453:10)\n    at Promise._settlePromises (http://localhost:35507/__cypress/runner/cypress_runner.js:165528:18)\n    at Async../node_modules/bluebird/js/release/async.js.Async._drainQueue (http://localhost:35507/__cypress/runner/cypress_runner.js:162140:16)\n    at Async../node_modules/bluebird/js/release/async.js.Async._drainQueues (http://localhost:35507/__cypress/runner/cypress_runner.js:162150:10)\n    at Async.drainQueues (http://localhost:35507/__cypress/runner/cypress_runner.js:162024:14)",
                "diff": null
              },
              "uuid": "855a64be-3847-4e66-bdde-ecb0489b1be0",
              "parentUUID": "fd5016fa-1cbc-4602-a1f5-a3def7d21402",
              "isHook": false,
              "skipped": false
            },
            {
              "title": "Verifica se o input só aceita número maiores que zero. Essa restrição deve ser feita usando os atributos do elemento `input`",
              "fullTitle": "10 - Faça o quadro de pixels ter seu tamanho definido pelo usuário. Verifica se o input só aceita número maiores que zero. Essa restrição deve ser feita usando os atributos do elemento `input`",
              "timedOut": null,
              "duration": 4363,
              "state": "failed",
              "speed": null,
              "pass": false,
              "fail": true,
              "pending": false,
              "context": null,
              "code": "cy.get('#board-size[type=\\'number\\'][min=\\'1\\']');",
              "err": {
                "message": "CypressError: Timed out retrying: Expected to find element: '#board-size[type='number'][min='1']', but never found it.",
                "estack": "CypressError: Timed out retrying: Expected to find element: '#board-size[type='number'][min='1']', but never found it.\n    at cypressErr (http://localhost:35507/__cypress/runner/cypress_runner.js:149934:9)\n    at throwErr (http://localhost:35507/__cypress/runner/cypress_runner.js:149867:11)\n    at Object.throwErrByPath (http://localhost:35507/__cypress/runner/cypress_runner.js:149915:3)\n    at retry (http://localhost:35507/__cypress/runner/cypress_runner.js:144197:19)\n    at onFailFn (http://localhost:35507/__cypress/runner/cypress_runner.js:132448:16)\n    at tryCatcher (http://localhost:35507/__cypress/runner/cypress_runner.js:167415:23)\n    at Promise._settlePromiseFromHandler (http://localhost:35507/__cypress/runner/cypress_runner.js:165351:31)\n    at Promise._settlePromise (http://localhost:35507/__cypress/runner/cypress_runner.js:165408:18)\n    at Promise._settlePromise0 (http://localhost:35507/__cypress/runner/cypress_runner.js:165453:10)\n    at Promise._settlePromises (http://localhost:35507/__cypress/runner/cypress_runner.js:165528:18)\n    at Async../node_modules/bluebird/js/release/async.js.Async._drainQueue (http://localhost:35507/__cypress/runner/cypress_runner.js:162140:16)\n    at Async../node_modules/bluebird/js/release/async.js.Async._drainQueues (http://localhost:35507/__cypress/runner/cypress_runner.js:162150:10)\n    at Async.drainQueues (http://localhost:35507/__cypress/runner/cypress_runner.js:162024:14)",
                "diff": null
              },
              "uuid": "edd6463b-6bea-4f48-9466-945ac22061e2",
              "parentUUID": "fd5016fa-1cbc-4602-a1f5-a3def7d21402",
              "isHook": false,
              "skipped": false
            },
            {
              "title": "Verifica se o botão contém o texto 'VQV'",
              "fullTitle": "10 - Faça o quadro de pixels ter seu tamanho definido pelo usuário. Verifica se o botão contém o texto 'VQV'",
              "timedOut": null,
              "duration": 4525,
              "state": "failed",
              "speed": null,
              "pass": false,
              "fail": true,
              "pending": false,
              "context": null,
              "code": "cy.get('#generate-board').contains(/vqv/i);",
              "err": {
                "message": "CypressError: Timed out retrying: Expected to find element: '#generate-board', but never found it.",
                "estack": "CypressError: Timed out retrying: Expected to find element: '#generate-board', but never found it.\n    at cypressErr (http://localhost:35507/__cypress/runner/cypress_runner.js:149934:9)\n    at throwErr (http://localhost:35507/__cypress/runner/cypress_runner.js:149867:11)\n    at Object.throwErrByPath (http://localhost:35507/__cypress/runner/cypress_runner.js:149915:3)\n    at retry (http://localhost:35507/__cypress/runner/cypress_runner.js:144197:19)\n    at onFailFn (http://localhost:35507/__cypress/runner/cypress_runner.js:132448:16)\n    at tryCatcher (http://localhost:35507/__cypress/runner/cypress_runner.js:167415:23)\n    at Promise._settlePromiseFromHandler (http://localhost:35507/__cypress/runner/cypress_runner.js:165351:31)\n    at Promise._settlePromise (http://localhost:35507/__cypress/runner/cypress_runner.js:165408:18)\n    at Promise._settlePromise0 (http://localhost:35507/__cypress/runner/cypress_runner.js:165453:10)\n    at Promise._settlePromises (http://localhost:35507/__cypress/runner/cypress_runner.js:165528:18)\n    at Async../node_modules/bluebird/js/release/async.js.Async._drainQueue (http://localhost:35507/__cypress/runner/cypress_runner.js:162140:16)\n    at Async../node_modules/bluebird/js/release/async.js.Async._drainQueues (http://localhost:35507/__cypress/runner/cypress_runner.js:162150:10)\n    at Async.drainQueues (http://localhost:35507/__cypress/runner/cypress_runner.js:162024:14)",
                "diff": null
              },
              "uuid": "9ccafc95-c37f-4fc6-be1e-1303366068ba",
              "parentUUID": "fd5016fa-1cbc-4602-a1f5-a3def7d21402",
              "isHook": false,
              "skipped": false
            },
            {
              "title": "Verifica se o input está posicionado entre a paleta de cores e o quadro de pixels",
              "fullTitle": "10 - Faça o quadro de pixels ter seu tamanho definido pelo usuário. Verifica se o input está posicionado entre a paleta de cores e o quadro de pixels",
              "timedOut": null,
              "duration": 4510,
              "state": "failed",
              "speed": null,
              "pass": false,
              "fail": true,
              "pending": false,
              "context": null,
              "code": "cy.get('#color-palette').then(function (palette) {\n  cy.get('#board-size').should('be.belowOf', palette);\n});\ncy.get('#board-size').then(function (palette) {\n  cy.get('#pixel-board').should('be.belowOf', palette);\n});",
              "err": {
                "message": "CypressError: Timed out retrying: Expected to find element: '#board-size', but never found it.",
                "estack": "CypressError: Timed out retrying: Expected to find element: '#board-size', but never found it.\n    at cypressErr (http://localhost:35507/__cypress/runner/cypress_runner.js:149934:9)\n    at throwErr (http://localhost:35507/__cypress/runner/cypress_runner.js:149867:11)\n    at Object.throwErrByPath (http://localhost:35507/__cypress/runner/cypress_runner.js:149915:3)\n    at retry (http://localhost:35507/__cypress/runner/cypress_runner.js:144197:19)\n    at onFailFn (http://localhost:35507/__cypress/runner/cypress_runner.js:132448:16)\n    at tryCatcher (http://localhost:35507/__cypress/runner/cypress_runner.js:167415:23)\n    at Promise._settlePromiseFromHandler (http://localhost:35507/__cypress/runner/cypress_runner.js:165351:31)\n    at Promise._settlePromise (http://localhost:35507/__cypress/runner/cypress_runner.js:165408:18)\n    at Promise._settlePromise0 (http://localhost:35507/__cypress/runner/cypress_runner.js:165453:10)\n    at Promise._settlePromises (http://localhost:35507/__cypress/runner/cypress_runner.js:165528:18)\n    at Async../node_modules/bluebird/js/release/async.js.Async._drainQueue (http://localhost:35507/__cypress/runner/cypress_runner.js:162140:16)\n    at Async../node_modules/bluebird/js/release/async.js.Async._drainQueues (http://localhost:35507/__cypress/runner/cypress_runner.js:162150:10)\n    at Async.drainQueues (http://localhost:35507/__cypress/runner/cypress_runner.js:162024:14)",
                "diff": null
              },
              "uuid": "8d99ad14-8bb8-437f-b25e-28dd1d369d17",
              "parentUUID": "fd5016fa-1cbc-4602-a1f5-a3def7d21402",
              "isHook": false,
              "skipped": false
            },
            {
              "title": "Verifica se o botão está posicionado ao lado do input",
              "fullTitle": "10 - Faça o quadro de pixels ter seu tamanho definido pelo usuário. Verifica se o botão está posicionado ao lado do input",
              "timedOut": null,
              "duration": 4476,
              "state": "failed",
              "speed": null,
              "pass": false,
              "fail": true,
              "pending": false,
              "context": null,
              "code": "cy.get('#board-size').then(function (board) {\n  cy.get('#generate-board').should('be.onTheRightOf', board);\n});",
              "err": {
                "message": "CypressError: Timed out retrying: Expected to find element: '#board-size', but never found it.",
                "estack": "CypressError: Timed out retrying: Expected to find element: '#board-size', but never found it.\n    at cypressErr (http://localhost:35507/__cypress/runner/cypress_runner.js:149934:9)\n    at throwErr (http://localhost:35507/__cypress/runner/cypress_runner.js:149867:11)\n    at Object.throwErrByPath (http://localhost:35507/__cypress/runner/cypress_runner.js:149915:3)\n    at retry (http://localhost:35507/__cypress/runner/cypress_runner.js:144197:19)\n    at onFailFn (http://localhost:35507/__cypress/runner/cypress_runner.js:132448:16)\n    at tryCatcher (http://localhost:35507/__cypress/runner/cypress_runner.js:167415:23)\n    at Promise._settlePromiseFromHandler (http://localhost:35507/__cypress/runner/cypress_runner.js:165351:31)\n    at Promise._settlePromise (http://localhost:35507/__cypress/runner/cypress_runner.js:165408:18)\n    at Promise._settlePromise0 (http://localhost:35507/__cypress/runner/cypress_runner.js:165453:10)\n    at Promise._settlePromises (http://localhost:35507/__cypress/runner/cypress_runner.js:165528:18)\n    at Async../node_modules/bluebird/js/release/async.js.Async._drainQueue (http://localhost:35507/__cypress/runner/cypress_runner.js:162140:16)\n    at Async../node_modules/bluebird/js/release/async.js.Async._drainQueues (http://localhost:35507/__cypress/runner/cypress_runner.js:162150:10)\n    at Async.drainQueues (http://localhost:35507/__cypress/runner/cypress_runner.js:162024:14)",
                "diff": null
              },
              "uuid": "eefd63d5-6722-4201-8d14-499e242e1667",
              "parentUUID": "fd5016fa-1cbc-4602-a1f5-a3def7d21402",
              "isHook": false,
              "skipped": false
            },
            {
              "title": "Verifica se nenhum valor for colocado no input ao clicar no botão, um `alert` é exibido com o texto: 'Board inválido!'",
              "fullTitle": "10 - Faça o quadro de pixels ter seu tamanho definido pelo usuário. Verifica se nenhum valor for colocado no input ao clicar no botão, um `alert` é exibido com o texto: 'Board inválido!'",
              "timedOut": null,
              "duration": 4361,
              "state": "failed",
              "speed": null,
              "pass": false,
              "fail": true,
              "pending": false,
              "context": null,
              "code": "var alerted = false;\ncy.on('window:alert', function (msg) {\n  return alerted = msg;\n});\ncy.get('#generate-board').click().then(function () {\n  return expect(alerted).to.match(/Board inválido!/i);\n});",
              "err": {
                "message": "CypressError: Timed out retrying: Expected to find element: '#generate-board', but never found it.",
                "estack": "CypressError: Timed out retrying: Expected to find element: '#generate-board', but never found it.\n    at cypressErr (http://localhost:35507/__cypress/runner/cypress_runner.js:149934:9)\n    at throwErr (http://localhost:35507/__cypress/runner/cypress_runner.js:149867:11)\n    at Object.throwErrByPath (http://localhost:35507/__cypress/runner/cypress_runner.js:149915:3)\n    at retry (http://localhost:35507/__cypress/runner/cypress_runner.js:144197:19)\n    at onFailFn (http://localhost:35507/__cypress/runner/cypress_runner.js:132448:16)\n    at tryCatcher (http://localhost:35507/__cypress/runner/cypress_runner.js:167415:23)\n    at Promise._settlePromiseFromHandler (http://localhost:35507/__cypress/runner/cypress_runner.js:165351:31)\n    at Promise._settlePromise (http://localhost:35507/__cypress/runner/cypress_runner.js:165408:18)\n    at Promise._settlePromise0 (http://localhost:35507/__cypress/runner/cypress_runner.js:165453:10)\n    at Promise._settlePromises (http://localhost:35507/__cypress/runner/cypress_runner.js:165528:18)\n    at Async../node_modules/bluebird/js/release/async.js.Async._drainQueue (http://localhost:35507/__cypress/runner/cypress_runner.js:162140:16)\n    at Async../node_modules/bluebird/js/release/async.js.Async._drainQueues (http://localhost:35507/__cypress/runner/cypress_runner.js:162150:10)\n    at Async.drainQueues (http://localhost:35507/__cypress/runner/cypress_runner.js:162024:14)",
                "diff": null
              },
              "uuid": "a7ab8337-b4d9-437d-a91c-f8641c72d2f8",
              "parentUUID": "fd5016fa-1cbc-4602-a1f5-a3def7d21402",
              "isHook": false,
              "skipped": false
            },
            {
              "title": "Verifica se ao clicar no botão com um valor preenchido, o tamanho do board muda.",
              "fullTitle": "10 - Faça o quadro de pixels ter seu tamanho definido pelo usuário. Verifica se ao clicar no botão com um valor preenchido, o tamanho do board muda.",
              "timedOut": null,
              "duration": 4370,
              "state": "failed",
              "speed": null,
              "pass": false,
              "fail": true,
              "pending": false,
              "context": null,
              "code": "cy.get('#board-size').clear().type(10);\ncy.get('#generate-board').click();\ncy.get('.pixel').should('have.length', 100);",
              "err": {
                "message": "CypressError: Timed out retrying: Expected to find element: '#board-size', but never found it.",
                "estack": "CypressError: Timed out retrying: Expected to find element: '#board-size', but never found it.\n    at cypressErr (http://localhost:35507/__cypress/runner/cypress_runner.js:149934:9)\n    at throwErr (http://localhost:35507/__cypress/runner/cypress_runner.js:149867:11)\n    at Object.throwErrByPath (http://localhost:35507/__cypress/runner/cypress_runner.js:149915:3)\n    at retry (http://localhost:35507/__cypress/runner/cypress_runner.js:144197:19)\n    at onFailFn (http://localhost:35507/__cypress/runner/cypress_runner.js:132448:16)\n    at tryCatcher (http://localhost:35507/__cypress/runner/cypress_runner.js:167415:23)\n    at Promise._settlePromiseFromHandler (http://localhost:35507/__cypress/runner/cypress_runner.js:165351:31)\n    at Promise._settlePromise (http://localhost:35507/__cypress/runner/cypress_runner.js:165408:18)\n    at Promise._settlePromise0 (http://localhost:35507/__cypress/runner/cypress_runner.js:165453:10)\n    at Promise._settlePromises (http://localhost:35507/__cypress/runner/cypress_runner.js:165528:18)\n    at Async../node_modules/bluebird/js/release/async.js.Async._drainQueue (http://localhost:35507/__cypress/runner/cypress_runner.js:162140:16)\n    at Async../node_modules/bluebird/js/release/async.js.Async._drainQueues (http://localhost:35507/__cypress/runner/cypress_runner.js:162150:10)\n    at Async.drainQueues (http://localhost:35507/__cypress/runner/cypress_runner.js:162024:14)",
                "diff": null
              },
              "uuid": "a0759d16-f363-4644-be7e-6e719aa2e29a",
              "parentUUID": "fd5016fa-1cbc-4602-a1f5-a3def7d21402",
              "isHook": false,
              "skipped": false
            },
            {
              "title": "Verifica se o novo quadro tem todos os pixels preenchidos com a cor branca",
              "fullTitle": "10 - Faça o quadro de pixels ter seu tamanho definido pelo usuário. Verifica se o novo quadro tem todos os pixels preenchidos com a cor branca",
              "timedOut": null,
              "duration": 4325,
              "state": "failed",
              "speed": null,
              "pass": false,
              "fail": true,
              "pending": false,
              "context": null,
              "code": "cy.get('#board-size').clear().type(6);\ncy.get('#generate-board').click();\ncy.get('.pixel').should('have.length', 36).each(function (pixel) {\n  expect(pixel).to.have.css('background-color', WHITE);\n});",
              "err": {
                "message": "CypressError: Timed out retrying: Expected to find element: '#board-size', but never found it.",
                "estack": "CypressError: Timed out retrying: Expected to find element: '#board-size', but never found it.\n    at cypressErr (http://localhost:35507/__cypress/runner/cypress_runner.js:149934:9)\n    at throwErr (http://localhost:35507/__cypress/runner/cypress_runner.js:149867:11)\n    at Object.throwErrByPath (http://localhost:35507/__cypress/runner/cypress_runner.js:149915:3)\n    at retry (http://localhost:35507/__cypress/runner/cypress_runner.js:144197:19)\n    at onFailFn (http://localhost:35507/__cypress/runner/cypress_runner.js:132448:16)\n    at tryCatcher (http://localhost:35507/__cypress/runner/cypress_runner.js:167415:23)\n    at Promise._settlePromiseFromHandler (http://localhost:35507/__cypress/runner/cypress_runner.js:165351:31)\n    at Promise._settlePromise (http://localhost:35507/__cypress/runner/cypress_runner.js:165408:18)\n    at Promise._settlePromise0 (http://localhost:35507/__cypress/runner/cypress_runner.js:165453:10)\n    at Promise._settlePromises (http://localhost:35507/__cypress/runner/cypress_runner.js:165528:18)\n    at Async../node_modules/bluebird/js/release/async.js.Async._drainQueue (http://localhost:35507/__cypress/runner/cypress_runner.js:162140:16)\n    at Async../node_modules/bluebird/js/release/async.js.Async._drainQueues (http://localhost:35507/__cypress/runner/cypress_runner.js:162150:10)\n    at Async.drainQueues (http://localhost:35507/__cypress/runner/cypress_runner.js:162024:14)",
                "diff": null
              },
              "uuid": "f195d6e1-bd70-4333-821f-048e98baaf14",
              "parentUUID": "fd5016fa-1cbc-4602-a1f5-a3def7d21402",
              "isHook": false,
              "skipped": false
            }
          ],
          "suites": [],
          "passes": [],
          "failures": [
            "f3691339-545f-4f90-812b-828df76f9455",
            "855a64be-3847-4e66-bdde-ecb0489b1be0",
            "edd6463b-6bea-4f48-9466-945ac22061e2",
            "9ccafc95-c37f-4fc6-be1e-1303366068ba",
            "8d99ad14-8bb8-437f-b25e-28dd1d369d17",
            "eefd63d5-6722-4201-8d14-499e242e1667",
            "a7ab8337-b4d9-437d-a91c-f8641c72d2f8",
            "a0759d16-f363-4644-be7e-6e719aa2e29a",
            "f195d6e1-bd70-4333-821f-048e98baaf14"
          ],
          "pending": [],
          "skipped": [],
          "duration": 39684,
          "root": false,
          "rootEmpty": false,
          "_timeout": 2000
        },
        {
          "uuid": "bd625ff8-19cc-48e8-8802-5587539fdcbf",
          "title": "11 - Limite o tamanho mínimo e máximo do board.",
          "fullFile": "",
          "file": "",
          "beforeHooks": [],
          "afterHooks": [],
          "tests": [
            {
              "title": "Verifica se a altura máxima do board é 50",
              "fullTitle": "11 - Limite o tamanho mínimo e máximo do board. Verifica se a altura máxima do board é 50",
              "timedOut": null,
              "duration": 4360,
              "state": "failed",
              "speed": null,
              "pass": false,
              "fail": true,
              "pending": false,
              "context": null,
              "code": "cy.get('#board-size').clear().type(50);\ncy.get('#generate-board').click();\ncy.get('.pixel').should('have.length', 2500);",
              "err": {
                "message": "CypressError: Timed out retrying: Expected to find element: '#board-size', but never found it.",
                "estack": "CypressError: Timed out retrying: Expected to find element: '#board-size', but never found it.\n    at cypressErr (http://localhost:35507/__cypress/runner/cypress_runner.js:149934:9)\n    at throwErr (http://localhost:35507/__cypress/runner/cypress_runner.js:149867:11)\n    at Object.throwErrByPath (http://localhost:35507/__cypress/runner/cypress_runner.js:149915:3)\n    at retry (http://localhost:35507/__cypress/runner/cypress_runner.js:144197:19)\n    at onFailFn (http://localhost:35507/__cypress/runner/cypress_runner.js:132448:16)\n    at tryCatcher (http://localhost:35507/__cypress/runner/cypress_runner.js:167415:23)\n    at Promise._settlePromiseFromHandler (http://localhost:35507/__cypress/runner/cypress_runner.js:165351:31)\n    at Promise._settlePromise (http://localhost:35507/__cypress/runner/cypress_runner.js:165408:18)\n    at Promise._settlePromise0 (http://localhost:35507/__cypress/runner/cypress_runner.js:165453:10)\n    at Promise._settlePromises (http://localhost:35507/__cypress/runner/cypress_runner.js:165528:18)\n    at Async../node_modules/bluebird/js/release/async.js.Async._drainQueue (http://localhost:35507/__cypress/runner/cypress_runner.js:162140:16)\n    at Async../node_modules/bluebird/js/release/async.js.Async._drainQueues (http://localhost:35507/__cypress/runner/cypress_runner.js:162150:10)\n    at Async.drainQueues (http://localhost:35507/__cypress/runner/cypress_runner.js:162024:14)",
                "diff": null
              },
              "uuid": "af81e387-55ff-4dc6-96bd-380d28fd0ac4",
              "parentUUID": "bd625ff8-19cc-48e8-8802-5587539fdcbf",
              "isHook": false,
              "skipped": false
            },
            {
              "title": "Verifica se a altura do board é 5 quando um valor menor é colocado no input",
              "fullTitle": "11 - Limite o tamanho mínimo e máximo do board. Verifica se a altura do board é 5 quando um valor menor é colocado no input",
              "timedOut": null,
              "duration": 4418,
              "state": "failed",
              "speed": null,
              "pass": false,
              "fail": true,
              "pending": false,
              "context": null,
              "code": "cy.get('#board-size').clear().type(4);\ncy.get('#generate-board').click();\ncy.get('.pixel').should('have.length', 25);",
              "err": {
                "message": "CypressError: Timed out retrying: Expected to find element: '#board-size', but never found it.",
                "estack": "CypressError: Timed out retrying: Expected to find element: '#board-size', but never found it.\n    at cypressErr (http://localhost:35507/__cypress/runner/cypress_runner.js:149934:9)\n    at throwErr (http://localhost:35507/__cypress/runner/cypress_runner.js:149867:11)\n    at Object.throwErrByPath (http://localhost:35507/__cypress/runner/cypress_runner.js:149915:3)\n    at retry (http://localhost:35507/__cypress/runner/cypress_runner.js:144197:19)\n    at onFailFn (http://localhost:35507/__cypress/runner/cypress_runner.js:132448:16)\n    at tryCatcher (http://localhost:35507/__cypress/runner/cypress_runner.js:167415:23)\n    at Promise._settlePromiseFromHandler (http://localhost:35507/__cypress/runner/cypress_runner.js:165351:31)\n    at Promise._settlePromise (http://localhost:35507/__cypress/runner/cypress_runner.js:165408:18)\n    at Promise._settlePromise0 (http://localhost:35507/__cypress/runner/cypress_runner.js:165453:10)\n    at Promise._settlePromises (http://localhost:35507/__cypress/runner/cypress_runner.js:165528:18)\n    at Async../node_modules/bluebird/js/release/async.js.Async._drainQueue (http://localhost:35507/__cypress/runner/cypress_runner.js:162140:16)\n    at Async../node_modules/bluebird/js/release/async.js.Async._drainQueues (http://localhost:35507/__cypress/runner/cypress_runner.js:162150:10)\n    at Async.drainQueues (http://localhost:35507/__cypress/runner/cypress_runner.js:162024:14)",
                "diff": null
              },
              "uuid": "16d712e9-7c62-4f65-a47f-186fb8696749",
              "parentUUID": "bd625ff8-19cc-48e8-8802-5587539fdcbf",
              "isHook": false,
              "skipped": false
            },
            {
              "title": "Verifica se a altura do board é 50 quando um valor maior é colocado no input",
              "fullTitle": "11 - Limite o tamanho mínimo e máximo do board. Verifica se a altura do board é 50 quando um valor maior é colocado no input",
              "timedOut": null,
              "duration": 4478,
              "state": "failed",
              "speed": null,
              "pass": false,
              "fail": true,
              "pending": false,
              "context": null,
              "code": "cy.get('#board-size').clear().type(51);\ncy.get('#generate-board').click();\ncy.get('.pixel').should('have.length', 2500);",
              "err": {
                "message": "CypressError: Timed out retrying: Expected to find element: '#board-size', but never found it.",
                "estack": "CypressError: Timed out retrying: Expected to find element: '#board-size', but never found it.\n    at cypressErr (http://localhost:35507/__cypress/runner/cypress_runner.js:149934:9)\n    at throwErr (http://localhost:35507/__cypress/runner/cypress_runner.js:149867:11)\n    at Object.throwErrByPath (http://localhost:35507/__cypress/runner/cypress_runner.js:149915:3)\n    at retry (http://localhost:35507/__cypress/runner/cypress_runner.js:144197:19)\n    at onFailFn (http://localhost:35507/__cypress/runner/cypress_runner.js:132448:16)\n    at tryCatcher (http://localhost:35507/__cypress/runner/cypress_runner.js:167415:23)\n    at Promise._settlePromiseFromHandler (http://localhost:35507/__cypress/runner/cypress_runner.js:165351:31)\n    at Promise._settlePromise (http://localhost:35507/__cypress/runner/cypress_runner.js:165408:18)\n    at Promise._settlePromise0 (http://localhost:35507/__cypress/runner/cypress_runner.js:165453:10)\n    at Promise._settlePromises (http://localhost:35507/__cypress/runner/cypress_runner.js:165528:18)\n    at Async../node_modules/bluebird/js/release/async.js.Async._drainQueue (http://localhost:35507/__cypress/runner/cypress_runner.js:162140:16)\n    at Async../node_modules/bluebird/js/release/async.js.Async._drainQueues (http://localhost:35507/__cypress/runner/cypress_runner.js:162150:10)\n    at Async.drainQueues (http://localhost:35507/__cypress/runner/cypress_runner.js:162024:14)",
                "diff": null
              },
              "uuid": "d672550c-8d13-4b5c-9fe2-80cdaa415ef7",
              "parentUUID": "bd625ff8-19cc-48e8-8802-5587539fdcbf",
              "isHook": false,
              "skipped": false
            }
          ],
          "suites": [],
          "passes": [],
          "failures": [
            "af81e387-55ff-4dc6-96bd-380d28fd0ac4",
            "16d712e9-7c62-4f65-a47f-186fb8696749",
            "d672550c-8d13-4b5c-9fe2-80cdaa415ef7"
          ],
          "pending": [],
          "skipped": [],
          "duration": 13256,
          "root": false,
          "rootEmpty": false,
          "_timeout": 2000
        },
        {
          "uuid": "53b2daf9-2626-436e-bb8a-a5a8ece0f791",
          "title": "12 - Faça com que as cores da paleta sejam geradas aleatoriamente ao carregar a página.",
          "fullFile": "",
          "file": "",
          "beforeHooks": [],
          "afterHooks": [],
          "tests": [
            {
              "title": "Verifica se as cores geradas na paleta são diferentes a cada carregamento da página",
              "fullTitle": "12 - Faça com que as cores da paleta sejam geradas aleatoriamente ao carregar a página. Verifica se as cores geradas na paleta são diferentes a cada carregamento da página",
              "timedOut": null,
              "duration": 447,
              "state": "failed",
              "speed": null,
              "pass": false,
              "fail": true,
              "pending": false,
              "context": null,
              "code": "cy.get('.color').then(function (colors) {\n  var currentColors;\n  var previousColors;\n  previousColors = Array.from(colors).map(function (color) {\n    return Cypress.$(color).css('background-color');\n  });\n  for (var i = 0; i < 5; i += 1) {\n    cy.reload();\n    cy.get('.color').then(function (colors) {\n      currentColors = Array.from(colors).map(function (color) {\n        return Cypress.$(color).css('background-color');\n      });\n      expect(currentColors).not.to.deep.equal(previousColors);\n      previousColors = currentColors;\n    });\n  }\n});",
              "err": {
                "message": "AssertionError: expected [ Array(4) ] to not deeply equal [ Array(4) ]",
                "estack": "AssertionError: expected [ Array(4) ] to not deeply equal [ Array(4) ]\n    at getRet (http://localhost:35507/__cypress/runner/cypress_runner.js:136585:16)\n    at tryCatcher (http://localhost:35507/__cypress/runner/cypress_runner.js:167415:23)\n    at Function.Promise.attempt.Promise.try (http://localhost:35507/__cypress/runner/cypress_runner.js:164690:29)\n    at Context.thenFn (http://localhost:35507/__cypress/runner/cypress_runner.js:136599:23)\n    at Context.then (http://localhost:35507/__cypress/runner/cypress_runner.js:136971:21)\n    at Context.<anonymous> (http://localhost:35507/__cypress/runner/cypress_runner.js:148875:21)\n    at http://localhost:35507/__cypress/runner/cypress_runner.js:148351:33\n    at tryCatcher (http://localhost:35507/__cypress/runner/cypress_runner.js:167415:23)\n    at Promise._settlePromiseFromHandler (http://localhost:35507/__cypress/runner/cypress_runner.js:165351:31)\n    at Promise._settlePromise (http://localhost:35507/__cypress/runner/cypress_runner.js:165408:18)\n    at Promise._settlePromiseCtx (http://localhost:35507/__cypress/runner/cypress_runner.js:165445:10)\n    at Async../node_modules/bluebird/js/release/async.js.Async._drainQueue (http://localhost:35507/__cypress/runner/cypress_runner.js:162145:12)\n    at Async../node_modules/bluebird/js/release/async.js.Async._drainQueues (http://localhost:35507/__cypress/runner/cypress_runner.js:162150:10)\n    at Async.drainQueues (http://localhost:35507/__cypress/runner/cypress_runner.js:162024:14)",
                "diff": ""
              },
              "uuid": "df376f11-cc91-41a2-926a-8be3eefa7fb8",
              "parentUUID": "53b2daf9-2626-436e-bb8a-a5a8ece0f791",
              "isHook": false,
              "skipped": false
            },
            {
              "title": "Verifica se a cor preta ainda está presente e é a primeira na sua paleta de cores",
              "fullTitle": "12 - Faça com que as cores da paleta sejam geradas aleatoriamente ao carregar a página. Verifica se a cor preta ainda está presente e é a primeira na sua paleta de cores",
              "timedOut": null,
              "duration": 435,
              "state": "failed",
              "speed": null,
              "pass": false,
              "fail": true,
              "pending": false,
              "context": null,
              "code": "cy.get('.color').then(function (colors) {\n  var currentColors;\n  var previousColors;\n  previousColors = Array.from(colors).map(function (color) {\n    return Cypress.$(color).css('background-color');\n  });\n  expect(previousColors[0]).to.eq(BLACK);\n  for (var i = 0; i < 5; i += 1) {\n    cy.reload();\n    cy.get('.color').then(function (colors) {\n      currentColors = Array.from(colors).map(function (color) {\n        return Cypress.$(color).css('background-color');\n      });\n      expect(currentColors[0]).to.eq(BLACK);\n      expect(currentColors).not.to.deep.equal(previousColors);\n      previousColors = currentColors;\n    });\n  }\n});",
              "err": {
                "message": "AssertionError: expected [ Array(4) ] to not deeply equal [ Array(4) ]",
                "estack": "AssertionError: expected [ Array(4) ] to not deeply equal [ Array(4) ]\n    at getRet (http://localhost:35507/__cypress/runner/cypress_runner.js:136585:16)\n    at tryCatcher (http://localhost:35507/__cypress/runner/cypress_runner.js:167415:23)\n    at Function.Promise.attempt.Promise.try (http://localhost:35507/__cypress/runner/cypress_runner.js:164690:29)\n    at Context.thenFn (http://localhost:35507/__cypress/runner/cypress_runner.js:136599:23)\n    at Context.then (http://localhost:35507/__cypress/runner/cypress_runner.js:136971:21)\n    at Context.<anonymous> (http://localhost:35507/__cypress/runner/cypress_runner.js:148875:21)\n    at http://localhost:35507/__cypress/runner/cypress_runner.js:148351:33\n    at tryCatcher (http://localhost:35507/__cypress/runner/cypress_runner.js:167415:23)\n    at Promise._settlePromiseFromHandler (http://localhost:35507/__cypress/runner/cypress_runner.js:165351:31)\n    at Promise._settlePromise (http://localhost:35507/__cypress/runner/cypress_runner.js:165408:18)\n    at Promise._settlePromiseCtx (http://localhost:35507/__cypress/runner/cypress_runner.js:165445:10)\n    at Async../node_modules/bluebird/js/release/async.js.Async._drainQueue (http://localhost:35507/__cypress/runner/cypress_runner.js:162145:12)\n    at Async../node_modules/bluebird/js/release/async.js.Async._drainQueues (http://localhost:35507/__cypress/runner/cypress_runner.js:162150:10)\n    at Async.drainQueues (http://localhost:35507/__cypress/runner/cypress_runner.js:162024:14)",
                "diff": ""
              },
              "uuid": "63cb338e-584a-4b4b-b62b-99c203c8f6aa",
              "parentUUID": "53b2daf9-2626-436e-bb8a-a5a8ece0f791",
              "isHook": false,
              "skipped": false
            }
          ],
          "suites": [],
          "passes": [],
          "failures": [
            "df376f11-cc91-41a2-926a-8be3eefa7fb8",
            "63cb338e-584a-4b4b-b62b-99c203c8f6aa"
          ],
          "pending": [],
          "skipped": [],
          "duration": 882,
          "root": false,
          "rootEmpty": false,
          "_timeout": 2000
        }
      ],
      "passes": [],
      "failures": [],
      "pending": [],
      "skipped": [],
      "duration": 0,
      "root": true,
      "rootEmpty": true,
      "_timeout": 2000
    }
  ],
  "meta": {
    "mocha": {
      "version": "7.0.1"
    },
    "mochawesome": {
      "options": {
        "quiet": false,
        "reportFilename": "mochawesome",
        "saveHtml": false,
        "saveJson": true,
        "consoleReporter": "spec",
        "useInlineDiffs": false
      },
      "version": "4.1.0"
    },
    "marge": {
      "options": {
        "id": "default",
        "reportDir": "cypress/reports",
        "overwrite": true,
        "html": false,
        "json": true
      },
      "version": "4.1.0"
    }
  }
}